#
# There is insufficient memory for the Java Runtime Environment to continue.
# Native memory allocation (malloc) failed to allocate 1245776 bytes. Error detail: Chunk::new
# Possible reasons:
#   The system is out of physical RAM or swap space
#   This process is running with CompressedOops enabled, and the Java Heap may be blocking the growth of the native heap
# Possible solutions:
#   Reduce memory load on the system
#   Increase physical memory or swap space
#   Check if swap backing store is full
#   Decrease Java heap size (-Xmx/-Xms)
#   Decrease number of Java threads
#   Decrease Java thread stack sizes (-Xss)
#   Set larger code cache with -XX:ReservedCodeCacheSize=
#   JVM is running with Unscaled Compressed Oops mode in which the Java heap is
#     placed in the first 4GB address space. The Java Heap base address is the
#     maximum limit for the native heap growth. Please use -XX:HeapBaseMinAddress
#     to set the Java Heap base and to place the Java Heap above 4GB virtual address.
# This output file may be truncated or incomplete.
#
#  Out of Memory Error (arena.cpp:191), pid=122564, tid=121296
#
# JRE version: OpenJDK Runtime Environment (17.0.11) (build 17.0.11+0--11852314)
# Java VM: OpenJDK 64-Bit Server VM (17.0.11+0--11852314, mixed mode, tiered, compressed oops, compressed class ptrs, g1 gc, windows-amd64)
# No core dump will be written. Minidumps are not enabled by default on client versions of Windows
#

---------------  S U M M A R Y ------------

Command Line: --add-opens=java.base/java.util=ALL-UNNAMED --add-opens=java.base/java.lang=ALL-UNNAMED --add-opens=java.base/java.lang.invoke=ALL-UNNAMED --add-opens=java.prefs/java.util.prefs=ALL-UNNAMED --add-opens=java.base/java.nio.charset=ALL-UNNAMED --add-opens=java.base/java.net=ALL-UNNAMED --add-opens=java.base/java.util.concurrent.atomic=ALL-UNNAMED -Xmx2048m -Dfile.encoding=UTF-8 -Duser.country=FR -Duser.language=fr -Duser.variant -javaagent:C:\Users\anism\.gradle\wrapper\dists\gradle-8.7-bin\bhs2wmbdwecv87pi65oeuq5iu\gradle-8.7\lib\agents\gradle-instrumentation-agent-8.7.jar org.gradle.launcher.daemon.bootstrap.GradleDaemon 8.7

Host: Intel(R) Core(TM) i5-1035G1 CPU @ 1.00GHz, 8 cores, 7G,  Windows 10 , 64 bit Build 19041 (10.0.19041.5198)
Time: Mon Jan 20 01:48:54 2025 Afr. centrale Ouest elapsed time: 10.625223 seconds (0d 0h 0m 10s)

---------------  T H R E A D  ---------------

Current thread (0x00000205c7c23210):  JavaThread "C2 CompilerThread0" daemon [_thread_in_native, id=121296, stack(0x0000001687b00000,0x0000001687c00000)]


Current CompileTask:
C2:  10625 4693       4       org.codehaus.groovy.runtime.metaclass.MetaMethodIndex::addMethodToList (128 bytes)

Stack: [0x0000001687b00000,0x0000001687c00000]
Native frames: (J=compiled Java code, j=interpreted, Vv=VM code, C=native code)
V  [jvm.dll+0x687bb9]
V  [jvm.dll+0x84142a]
V  [jvm.dll+0x8430ae]
V  [jvm.dll+0x843713]
V  [jvm.dll+0x24a35f]
V  [jvm.dll+0xac544]
V  [jvm.dll+0xacb8c]
V  [jvm.dll+0x369be2]
V  [jvm.dll+0x33416a]
V  [jvm.dll+0x33360a]
V  [jvm.dll+0x21bed1]
V  [jvm.dll+0x21b311]
V  [jvm.dll+0x1a63ed]
V  [jvm.dll+0x22b1ee]
V  [jvm.dll+0x229375]
V  [jvm.dll+0x7f5647]
V  [jvm.dll+0x7efa4a]
V  [jvm.dll+0x686a35]
C  [ucrtbase.dll+0x21bb2]
C  [KERNEL32.DLL+0x17374]
C  [ntdll.dll+0x4cc91]


---------------  P R O C E S S  ---------------

Threads class SMR info:
_java_thread_list=0x00000205ce06ba70, length=49, elements={
0x00000205adc2fba0, 0x00000205c7a95b50, 0x00000205c7a96dc0, 0x00000205c7abd3d0,
0x00000205c7abdda0, 0x00000205c7abe670, 0x00000205c7c22560, 0x00000205c7c23210,
0x00000205c7c27be0, 0x00000205c7c284f0, 0x00000205c7a28080, 0x00000205c7e6c640,
0x00000205ccf849b0, 0x00000205ccf83f90, 0x00000205ccf83060, 0x00000205ccf844a0,
0x00000205ccf853d0, 0x00000205ccf85df0, 0x00000205ccf84ec0, 0x00000205ccf83570,
0x00000205ccf858e0, 0x00000205ccf86300, 0x00000205ccf86810, 0x00000205ce33c510,
0x00000205ce339c90, 0x00000205ce33b5e0, 0x00000205ce33cf30, 0x00000205ce33ed90,
0x00000205ce337920, 0x00000205ce33d950, 0x00000205ce33a6b0, 0x00000205ce33e370,
0x00000205ce338d60, 0x00000205ce339780, 0x00000205ce33abc0, 0x00000205ce33de60,
0x00000205ce33b0d0, 0x00000205ce33baf0, 0x00000205ce338850, 0x00000205ce339270,
0x00000205d01a09e0, 0x00000205d019c810, 0x00000205d019bdf0, 0x00000205d019d740,
0x00000205d019cd20, 0x00000205d019e160, 0x00000205d019d230, 0x00000205d019c300,
0x00000205d019f5a0
}

Java Threads: ( => current thread )
  0x00000205adc2fba0 JavaThread "main" [_thread_blocked, id=13148, stack(0x0000001686e00000,0x0000001686f00000)]
  0x00000205c7a95b50 JavaThread "Reference Handler" daemon [_thread_blocked, id=120080, stack(0x0000001687500000,0x0000001687600000)]
  0x00000205c7a96dc0 JavaThread "Finalizer" daemon [_thread_blocked, id=120220, stack(0x0000001687600000,0x0000001687700000)]
  0x00000205c7abd3d0 JavaThread "Signal Dispatcher" daemon [_thread_blocked, id=114792, stack(0x0000001687700000,0x0000001687800000)]
  0x00000205c7abdda0 JavaThread "Attach Listener" daemon [_thread_blocked, id=86476, stack(0x0000001687800000,0x0000001687900000)]
  0x00000205c7abe670 JavaThread "Service Thread" daemon [_thread_blocked, id=116540, stack(0x0000001687900000,0x0000001687a00000)]
  0x00000205c7c22560 JavaThread "Monitor Deflation Thread" daemon [_thread_blocked, id=98060, stack(0x0000001687a00000,0x0000001687b00000)]
=>0x00000205c7c23210 JavaThread "C2 CompilerThread0" daemon [_thread_in_native, id=121296, stack(0x0000001687b00000,0x0000001687c00000)]
  0x00000205c7c27be0 JavaThread "C1 CompilerThread0" daemon [_thread_in_vm, id=120880, stack(0x0000001687c00000,0x0000001687d00000)]
  0x00000205c7c284f0 JavaThread "Sweeper thread" daemon [_thread_blocked, id=57116, stack(0x0000001687d00000,0x0000001687e00000)]
  0x00000205c7a28080 JavaThread "Common-Cleaner" daemon [_thread_blocked, id=117048, stack(0x0000001687e00000,0x0000001687f00000)]
  0x00000205c7e6c640 JavaThread "Notification Thread" daemon [_thread_blocked, id=125716, stack(0x0000001687f00000,0x0000001688000000)]
  0x00000205ccf849b0 JavaThread "Daemon health stats" [_thread_blocked, id=121280, stack(0x0000001688600000,0x0000001688700000)]
  0x00000205ccf83f90 JavaThread "Incoming local TCP Connector on port 52679" [_thread_in_native, id=123876, stack(0x0000001688500000,0x0000001688600000)]
  0x00000205ccf83060 JavaThread "Daemon periodic checks" [_thread_blocked, id=104348, stack(0x0000001688700000,0x0000001688800000)]
  0x00000205ccf844a0 JavaThread "Daemon" [_thread_blocked, id=117264, stack(0x0000001688900000,0x0000001688a00000)]
  0x00000205ccf853d0 JavaThread "Handler for socket connection from /127.0.0.1:52679 to /127.0.0.1:52680" [_thread_in_native, id=93080, stack(0x0000001688a00000,0x0000001688b00000)]
  0x00000205ccf85df0 JavaThread "Cancel handler" [_thread_blocked, id=91460, stack(0x0000001688b00000,0x0000001688c00000)]
  0x00000205ccf84ec0 JavaThread "Daemon worker" [_thread_in_Java, id=96748, stack(0x0000001688c00000,0x0000001688d00000)]
  0x00000205ccf83570 JavaThread "Asynchronous log dispatcher for DefaultDaemonConnection: socket connection from /127.0.0.1:52679 to /127.0.0.1:52680" [_thread_blocked, id=124812, stack(0x0000001688d00000,0x0000001688e00000)]
  0x00000205ccf858e0 JavaThread "Stdin handler" [_thread_blocked, id=118420, stack(0x0000001688e00000,0x0000001688f00000)]
  0x00000205ccf86300 JavaThread "Daemon client event forwarder" [_thread_blocked, id=126236, stack(0x0000001688f00000,0x0000001689000000)]
  0x00000205ccf86810 JavaThread "Cache worker for journal cache (C:\Users\anism\.gradle\caches\journal-1)" [_thread_blocked, id=110480, stack(0x0000001689400000,0x0000001689500000)]
  0x00000205ce33c510 JavaThread "File lock request listener" [_thread_in_native, id=112728, stack(0x0000001689500000,0x0000001689600000)]
  0x00000205ce339c90 JavaThread "Cache worker for file hash cache (C:\Users\anism\.gradle\caches\8.7\fileHashes)" [_thread_blocked, id=110996, stack(0x0000001689600000,0x0000001689700000)]
  0x00000205ce33b5e0 JavaThread "Cache worker for file hash cache (C:\Users\anism\Documents\Projets_perso\Recipe_app\.gradle\8.7\fileHashes)" [_thread_blocked, id=82168, stack(0x0000001689700000,0x0000001689800000)]
  0x00000205ce33cf30 JavaThread "File watcher server" daemon [_thread_in_native, id=10396, stack(0x0000001689800000,0x0000001689900000)]
  0x00000205ce33ed90 JavaThread "File watcher consumer" daemon [_thread_blocked, id=119752, stack(0x0000001689900000,0x0000001689a00000)]
  0x00000205ce337920 JavaThread "jar transforms" [_thread_blocked, id=122144, stack(0x0000001689a00000,0x0000001689b00000)]
  0x00000205ce33d950 JavaThread "jar transforms Thread 2" [_thread_blocked, id=126468, stack(0x0000001689b00000,0x0000001689c00000)]
  0x00000205ce33a6b0 JavaThread "jar transforms Thread 3" [_thread_blocked, id=121900, stack(0x0000001689c00000,0x0000001689d00000)]
  0x00000205ce33e370 JavaThread "jar transforms Thread 4" [_thread_blocked, id=120856, stack(0x0000001689d00000,0x0000001689e00000)]
  0x00000205ce338d60 JavaThread "jar transforms Thread 5" [_thread_blocked, id=126044, stack(0x0000001689e00000,0x0000001689f00000)]
  0x00000205ce339780 JavaThread "jar transforms Thread 6" [_thread_blocked, id=87200, stack(0x0000001689f00000,0x000000168a000000)]
  0x00000205ce33abc0 JavaThread "jar transforms Thread 7" [_thread_blocked, id=117456, stack(0x000000168a000000,0x000000168a100000)]
  0x00000205ce33de60 JavaThread "jar transforms Thread 8" [_thread_blocked, id=126808, stack(0x000000168a100000,0x000000168a200000)]
  0x00000205ce33b0d0 JavaThread "Cache worker for checksums cache (C:\Users\anism\Documents\Projets_perso\Recipe_app\.gradle\8.7\checksums)" [_thread_blocked, id=83076, stack(0x000000168a300000,0x000000168a400000)]
  0x00000205ce33baf0 JavaThread "Cache worker for cache directory md-supplier (C:\Users\anism\.gradle\caches\8.7\md-supplier)" [_thread_blocked, id=126072, stack(0x000000168a400000,0x000000168a500000)]
  0x00000205ce338850 JavaThread "Cache worker for cache directory md-rule (C:\Users\anism\.gradle\caches\8.7\md-rule)" [_thread_blocked, id=120976, stack(0x000000168a500000,0x000000168a600000)]
  0x00000205ce339270 JavaThread "Cache worker for file content cache (C:\Users\anism\.gradle\caches\8.7\fileContent)" [_thread_blocked, id=112084, stack(0x000000168a600000,0x000000168a700000)]
  0x00000205d01a09e0 JavaThread "Unconstrained build operations" [_thread_blocked, id=121340, stack(0x0000001688800000,0x0000001688900000)]
  0x00000205d019c810 JavaThread "Unconstrained build operations Thread 2" [_thread_blocked, id=98636, stack(0x000000168a700000,0x000000168a800000)]
  0x00000205d019bdf0 JavaThread "Unconstrained build operations Thread 3" [_thread_blocked, id=114996, stack(0x000000168a800000,0x000000168a900000)]
  0x00000205d019d740 JavaThread "Unconstrained build operations Thread 4" [_thread_blocked, id=126352, stack(0x000000168a900000,0x000000168aa00000)]
  0x00000205d019cd20 JavaThread "Unconstrained build operations Thread 5" [_thread_blocked, id=126396, stack(0x000000168aa00000,0x000000168ab00000)]
  0x00000205d019e160 JavaThread "Unconstrained build operations Thread 6" [_thread_blocked, id=116428, stack(0x000000168ab00000,0x000000168ac00000)]
  0x00000205d019d230 JavaThread "Unconstrained build operations Thread 7" [_thread_blocked, id=124192, stack(0x000000168ac00000,0x000000168ad00000)]
  0x00000205d019c300 JavaThread "Unconstrained build operations Thread 8" [_thread_blocked, id=123364, stack(0x000000168ad00000,0x000000168ae00000)]
  0x00000205d019f5a0 JavaThread "Unconstrained build operations Thread 9" [_thread_blocked, id=105204, stack(0x000000168ae00000,0x000000168af00000)]

Other Threads:
  0x00000205c7a90010 VMThread "VM Thread" [stack: 0x0000001687400000,0x0000001687500000] [id=126304]
  0x00000205adc30a70 WatcherThread [stack: 0x0000001688000000,0x0000001688100000] [id=80200]
  0x00000205adc8ae10 GCTaskThread "GC Thread#0" [stack: 0x0000001686f00000,0x0000001687000000] [id=123908]
  0x00000205cc886330 GCTaskThread "GC Thread#1" [stack: 0x0000001688100000,0x0000001688200000] [id=112316]
  0x00000205cc473090 GCTaskThread "GC Thread#2" [stack: 0x0000001688200000,0x0000001688300000] [id=113412]
  0x00000205cc264480 GCTaskThread "GC Thread#3" [stack: 0x0000001688300000,0x0000001688400000] [id=118960]
  0x00000205ccf49610 GCTaskThread "GC Thread#4" [stack: 0x0000001688400000,0x0000001688500000] [id=118060]
  0x00000205cdda1120 GCTaskThread "GC Thread#5" [stack: 0x0000001689000000,0x0000001689100000] [id=117952]
  0x00000205cd6f4060 GCTaskThread "GC Thread#6" [stack: 0x0000001689100000,0x0000001689200000] [id=126400]
  0x00000205cd6f4320 GCTaskThread "GC Thread#7" [stack: 0x0000001689200000,0x0000001689300000] [id=123196]
  0x00000205adc9bc70 ConcurrentGCThread "G1 Main Marker" [stack: 0x0000001687000000,0x0000001687100000] [id=122652]
  0x00000205adc9c5a0 ConcurrentGCThread "G1 Conc#0" [stack: 0x0000001687100000,0x0000001687200000] [id=91056]
  0x00000205cd9b7450 ConcurrentGCThread "G1 Conc#1" [stack: 0x0000001689300000,0x0000001689400000] [id=20544]
  0x00000205c78f9500 ConcurrentGCThread "G1 Refine#0" [stack: 0x0000001687200000,0x0000001687300000] [id=123752]
  0x00000205cef7f740 ConcurrentGCThread "G1 Refine#1" [stack: 0x000000168a200000,0x000000168a300000] [id=116252]
  0x00000205adcecfe0 ConcurrentGCThread "G1 Service" [stack: 0x0000001687300000,0x0000001687400000] [id=126096]

Threads with active compile tasks:
C2 CompilerThread0    10689 4693       4       org.codehaus.groovy.runtime.metaclass.MetaMethodIndex::addMethodToList (128 bytes)
C1 CompilerThread0    10689 4772       3       java.lang.invoke.InvokerBytecodeGenerator::addMethod (725 bytes)

VM state: not at safepoint (normal execution)

VM Mutex/Monitor currently owned by a thread: None

Heap address: 0x0000000080000000, size: 2048 MB, Compressed Oops mode: 32-bit

CDS archive(s) not mapped
Compressed class space mapped at: 0x0000000100000000-0x0000000140000000, reserved size: 1073741824
Narrow klass base: 0x0000000000000000, Narrow klass shift: 3, Narrow klass range: 0x140000000

GC Precious Log:
 CPUs: 8 total, 8 available
 Memory: 7997M
 Large Page Support: Disabled
 NUMA Support: Disabled
 Compressed Oops: Enabled (32-bit)
 Heap Region Size: 1M
 Heap Min Capacity: 8M
 Heap Initial Capacity: 126M
 Heap Max Capacity: 2G
 Pre-touch: Disabled
 Parallel Workers: 8
 Concurrent Workers: 2
 Concurrent Refinement Workers: 8
 Periodic GC: Disabled

Heap:
 garbage-first heap   total 122880K, used 84015K [0x0000000080000000, 0x0000000100000000)
  region size 1024K, 16 young (16384K), 2 survivors (2048K)
 Metaspace       used 52801K, committed 53376K, reserved 1114112K
  class space    used 7056K, committed 7296K, reserved 1048576K

Heap Regions: E=young(eden), S=young(survivor), O=old, HS=humongous(starts), HC=humongous(continues), CS=collection set, F=free, OA=open archive, CA=closed archive, TAMS=top-at-mark-start (previous, next)
|   0|0x0000000080000000, 0x0000000080100000, 0x0000000080100000|100%|HS|  |TAMS 0x0000000080100000, 0x0000000080000000| Complete 
|   1|0x0000000080100000, 0x0000000080200000, 0x0000000080200000|100%|HC|  |TAMS 0x0000000080200000, 0x0000000080100000| Complete 
|   2|0x0000000080200000, 0x0000000080300000, 0x0000000080300000|100%|HC|  |TAMS 0x0000000080300000, 0x0000000080200000| Complete 
|   3|0x0000000080300000, 0x0000000080400000, 0x0000000080400000|100%|HC|  |TAMS 0x0000000080400000, 0x0000000080300000| Complete 
|   4|0x0000000080400000, 0x0000000080500000, 0x0000000080500000|100%| O|  |TAMS 0x0000000080500000, 0x0000000080400000| Untracked 
|   5|0x0000000080500000, 0x0000000080600000, 0x0000000080600000|100%| O|  |TAMS 0x0000000080600000, 0x0000000080500000| Untracked 
|   6|0x0000000080600000, 0x0000000080700000, 0x0000000080700000|100%| O|  |TAMS 0x0000000080700000, 0x0000000080600000| Untracked 
|   7|0x0000000080700000, 0x0000000080800000, 0x0000000080800000|100%| O|  |TAMS 0x0000000080800000, 0x0000000080700000| Untracked 
|   8|0x0000000080800000, 0x0000000080900000, 0x0000000080900000|100%| O|  |TAMS 0x0000000080900000, 0x0000000080800000| Untracked 
|   9|0x0000000080900000, 0x0000000080a00000, 0x0000000080a00000|100%| O|  |TAMS 0x0000000080a00000, 0x0000000080900000| Untracked 
|  10|0x0000000080a00000, 0x0000000080abe600, 0x0000000080b00000| 74%| O|  |TAMS 0x0000000080abe600, 0x0000000080a00000| Untracked 
|  11|0x0000000080b00000, 0x0000000080c00000, 0x0000000080c00000|100%| O|  |TAMS 0x0000000080c00000, 0x0000000080b00000| Untracked 
|  12|0x0000000080c00000, 0x0000000080d00000, 0x0000000080d00000|100%| O|  |TAMS 0x0000000080d00000, 0x0000000080c00000| Untracked 
|  13|0x0000000080d00000, 0x0000000080e00000, 0x0000000080e00000|100%| O|  |TAMS 0x0000000080e00000, 0x0000000080d00000| Untracked 
|  14|0x0000000080e00000, 0x0000000080f00000, 0x0000000080f00000|100%| O|  |TAMS 0x0000000080f00000, 0x0000000080e00000| Untracked 
|  15|0x0000000080f00000, 0x0000000081000000, 0x0000000081000000|100%| O|  |TAMS 0x0000000081000000, 0x0000000080f00000| Untracked 
|  16|0x0000000081000000, 0x0000000081100000, 0x0000000081100000|100%| O|  |TAMS 0x0000000081100000, 0x0000000081000000| Untracked 
|  17|0x0000000081100000, 0x0000000081200000, 0x0000000081200000|100%| O|  |TAMS 0x0000000081200000, 0x0000000081100000| Untracked 
|  18|0x0000000081200000, 0x0000000081300000, 0x0000000081300000|100%| O|  |TAMS 0x0000000081300000, 0x0000000081200000| Untracked 
|  19|0x0000000081300000, 0x0000000081400000, 0x0000000081400000|100%| O|  |TAMS 0x0000000081400000, 0x0000000081300000| Untracked 
|  20|0x0000000081400000, 0x0000000081500000, 0x0000000081500000|100%|HS|  |TAMS 0x0000000081500000, 0x0000000081400000| Complete 
|  21|0x0000000081500000, 0x0000000081600000, 0x0000000081600000|100%|HC|  |TAMS 0x0000000081600000, 0x0000000081500000| Complete 
|  22|0x0000000081600000, 0x0000000081700000, 0x0000000081700000|100%|HC|  |TAMS 0x0000000081700000, 0x0000000081600000| Complete 
|  23|0x0000000081700000, 0x0000000081800000, 0x0000000081800000|100%|HC|  |TAMS 0x0000000081800000, 0x0000000081700000| Complete 
|  24|0x0000000081800000, 0x0000000081900000, 0x0000000081900000|100%|HC|  |TAMS 0x0000000081900000, 0x0000000081800000| Complete 
|  25|0x0000000081900000, 0x0000000081a00000, 0x0000000081a00000|100%|HS|  |TAMS 0x0000000081a00000, 0x0000000081900000| Complete 
|  26|0x0000000081a00000, 0x0000000081b00000, 0x0000000081b00000|100%|HC|  |TAMS 0x0000000081b00000, 0x0000000081a00000| Complete 
|  27|0x0000000081b00000, 0x0000000081c00000, 0x0000000081c00000|100%|HC|  |TAMS 0x0000000081c00000, 0x0000000081b00000| Complete 
|  28|0x0000000081c00000, 0x0000000081d00000, 0x0000000081d00000|100%|HS|  |TAMS 0x0000000081d00000, 0x0000000081c00000| Complete 
|  29|0x0000000081d00000, 0x0000000081e00000, 0x0000000081e00000|100%|HC|  |TAMS 0x0000000081e00000, 0x0000000081d00000| Complete 
|  30|0x0000000081e00000, 0x0000000081f00000, 0x0000000081f00000|100%|HC|  |TAMS 0x0000000081f00000, 0x0000000081e00000| Complete 
|  31|0x0000000081f00000, 0x0000000082000000, 0x0000000082000000|100%| O|  |TAMS 0x0000000082000000, 0x0000000081f00000| Untracked 
|  32|0x0000000082000000, 0x0000000082100000, 0x0000000082100000|100%| O|  |TAMS 0x0000000082100000, 0x0000000082000000| Untracked 
|  33|0x0000000082100000, 0x0000000082200000, 0x0000000082200000|100%| O|  |TAMS 0x0000000082200000, 0x0000000082100000| Untracked 
|  34|0x0000000082200000, 0x0000000082300000, 0x0000000082300000|100%|HS|  |TAMS 0x0000000082300000, 0x0000000082200000| Complete 
|  35|0x0000000082300000, 0x0000000082400000, 0x0000000082400000|100%| O|  |TAMS 0x0000000082400000, 0x0000000082300000| Untracked 
|  36|0x0000000082400000, 0x0000000082500000, 0x0000000082500000|100%| O|  |TAMS 0x0000000082500000, 0x0000000082400000| Untracked 
|  37|0x0000000082500000, 0x0000000082600000, 0x0000000082600000|100%| O|  |TAMS 0x0000000082600000, 0x0000000082500000| Untracked 
|  38|0x0000000082600000, 0x0000000082700000, 0x0000000082700000|100%| O|  |TAMS 0x0000000082700000, 0x0000000082600000| Untracked 
|  39|0x0000000082700000, 0x0000000082800000, 0x0000000082800000|100%| O|  |TAMS 0x0000000082800000, 0x0000000082700000| Untracked 
|  40|0x0000000082800000, 0x0000000082900000, 0x0000000082900000|100%| O|  |TAMS 0x0000000082900000, 0x0000000082800000| Untracked 
|  41|0x0000000082900000, 0x0000000082a00000, 0x0000000082a00000|100%| O|  |TAMS 0x0000000082a00000, 0x0000000082900000| Untracked 
|  42|0x0000000082a00000, 0x0000000082b00000, 0x0000000082b00000|100%| O|  |TAMS 0x0000000082b00000, 0x0000000082a00000| Untracked 
|  43|0x0000000082b00000, 0x0000000082c00000, 0x0000000082c00000|100%| O|  |TAMS 0x0000000082c00000, 0x0000000082b00000| Untracked 
|  44|0x0000000082c00000, 0x0000000082d00000, 0x0000000082d00000|100%| O|  |TAMS 0x0000000082d00000, 0x0000000082c00000| Untracked 
|  45|0x0000000082d00000, 0x0000000082e00000, 0x0000000082e00000|100%| O|  |TAMS 0x0000000082e00000, 0x0000000082d00000| Untracked 
|  46|0x0000000082e00000, 0x0000000082f00000, 0x0000000082f00000|100%| O|  |TAMS 0x0000000082f00000, 0x0000000082e00000| Untracked 
|  47|0x0000000082f00000, 0x0000000083000000, 0x0000000083000000|100%|HS|  |TAMS 0x0000000083000000, 0x0000000082f00000| Complete 
|  48|0x0000000083000000, 0x0000000083100000, 0x0000000083100000|100%|HC|  |TAMS 0x0000000083100000, 0x0000000083000000| Complete 
|  49|0x0000000083100000, 0x0000000083200000, 0x0000000083200000|100%|HC|  |TAMS 0x0000000083200000, 0x0000000083100000| Complete 
|  50|0x0000000083200000, 0x0000000083300000, 0x0000000083300000|100%|HS|  |TAMS 0x0000000083300000, 0x0000000083200000| Complete 
|  51|0x0000000083300000, 0x0000000083400000, 0x0000000083400000|100%|HC|  |TAMS 0x0000000083400000, 0x0000000083300000| Complete 
|  52|0x0000000083400000, 0x0000000083500000, 0x0000000083500000|100%|HC|  |TAMS 0x0000000083500000, 0x0000000083400000| Complete 
|  53|0x0000000083500000, 0x0000000083600000, 0x0000000083600000|100%|HC|  |TAMS 0x0000000083600000, 0x0000000083500000| Complete 
|  54|0x0000000083600000, 0x0000000083700000, 0x0000000083700000|100%|HC|  |TAMS 0x0000000083700000, 0x0000000083600000| Complete 
|  55|0x0000000083700000, 0x0000000083800000, 0x0000000083800000|100%| O|  |TAMS 0x0000000083800000, 0x0000000083700000| Untracked 
|  56|0x0000000083800000, 0x0000000083900000, 0x0000000083900000|100%| O|  |TAMS 0x0000000083900000, 0x0000000083800000| Untracked 
|  57|0x0000000083900000, 0x0000000083a00000, 0x0000000083a00000|100%| O|  |TAMS 0x0000000083a00000, 0x0000000083900000| Untracked 
|  58|0x0000000083a00000, 0x0000000083b00000, 0x0000000083b00000|100%| O|  |TAMS 0x0000000083a5d600, 0x0000000083a00000| Untracked 
|  59|0x0000000083b00000, 0x0000000083c00000, 0x0000000083c00000|100%|HS|  |TAMS 0x0000000083c00000, 0x0000000083b00000| Complete 
|  60|0x0000000083c00000, 0x0000000083d00000, 0x0000000083d00000|100%|HC|  |TAMS 0x0000000083d00000, 0x0000000083c00000| Complete 
|  61|0x0000000083d00000, 0x0000000083e00000, 0x0000000083e00000|100%|HC|  |TAMS 0x0000000083e00000, 0x0000000083d00000| Complete 
|  62|0x0000000083e00000, 0x0000000083f00000, 0x0000000083f00000|100%|HC|  |TAMS 0x0000000083f00000, 0x0000000083e00000| Complete 
|  63|0x0000000083f00000, 0x0000000084000000, 0x0000000084000000|100%|HC|  |TAMS 0x0000000084000000, 0x0000000083f00000| Complete 
|  64|0x0000000084000000, 0x0000000084100000, 0x0000000084100000|100%| O|  |TAMS 0x0000000084000000, 0x0000000084000000| Untracked 
|  65|0x0000000084100000, 0x00000000841bc800, 0x0000000084200000| 73%| O|  |TAMS 0x0000000084100000, 0x0000000084100000| Untracked 
|  66|0x0000000084200000, 0x0000000084300000, 0x0000000084300000|100%|HS|  |TAMS 0x0000000084200000, 0x0000000084200000| Complete 
|  67|0x0000000084300000, 0x0000000084400000, 0x0000000084400000|100%|HS|  |TAMS 0x0000000084300000, 0x0000000084300000| Complete 
|  68|0x0000000084400000, 0x0000000084400000, 0x0000000084500000|  0%| F|  |TAMS 0x0000000084400000, 0x0000000084400000| Untracked 
|  69|0x0000000084500000, 0x0000000084500000, 0x0000000084600000|  0%| F|  |TAMS 0x0000000084500000, 0x0000000084500000| Untracked 
|  70|0x0000000084600000, 0x0000000084600000, 0x0000000084700000|  0%| F|  |TAMS 0x0000000084600000, 0x0000000084600000| Untracked 
|  71|0x0000000084700000, 0x0000000084700000, 0x0000000084800000|  0%| F|  |TAMS 0x0000000084700000, 0x0000000084700000| Untracked 
|  72|0x0000000084800000, 0x0000000084800000, 0x0000000084900000|  0%| F|  |TAMS 0x0000000084800000, 0x0000000084800000| Untracked 
|  73|0x0000000084900000, 0x0000000084900000, 0x0000000084a00000|  0%| F|  |TAMS 0x0000000084900000, 0x0000000084900000| Untracked 
|  74|0x0000000084a00000, 0x0000000084a00000, 0x0000000084b00000|  0%| F|  |TAMS 0x0000000084a00000, 0x0000000084a00000| Untracked 
|  75|0x0000000084b00000, 0x0000000084b00000, 0x0000000084c00000|  0%| F|  |TAMS 0x0000000084b00000, 0x0000000084b00000| Untracked 
|  76|0x0000000084c00000, 0x0000000084c00000, 0x0000000084d00000|  0%| F|  |TAMS 0x0000000084c00000, 0x0000000084c00000| Untracked 
|  77|0x0000000084d00000, 0x0000000084d00000, 0x0000000084e00000|  0%| F|  |TAMS 0x0000000084d00000, 0x0000000084d00000| Untracked 
|  78|0x0000000084e00000, 0x0000000084e00000, 0x0000000084f00000|  0%| F|  |TAMS 0x0000000084e00000, 0x0000000084e00000| Untracked 
|  79|0x0000000084f00000, 0x0000000084f00000, 0x0000000085000000|  0%| F|  |TAMS 0x0000000084f00000, 0x0000000084f00000| Untracked 
|  80|0x0000000085000000, 0x0000000085000000, 0x0000000085100000|  0%| F|  |TAMS 0x0000000085000000, 0x0000000085000000| Untracked 
|  81|0x0000000085100000, 0x0000000085100000, 0x0000000085200000|  0%| F|  |TAMS 0x0000000085100000, 0x0000000085100000| Untracked 
|  82|0x0000000085200000, 0x0000000085200000, 0x0000000085300000|  0%| F|  |TAMS 0x0000000085200000, 0x0000000085200000| Untracked 
|  83|0x0000000085300000, 0x0000000085300000, 0x0000000085400000|  0%| F|  |TAMS 0x0000000085300000, 0x0000000085300000| Untracked 
|  84|0x0000000085400000, 0x0000000085400000, 0x0000000085500000|  0%| F|  |TAMS 0x0000000085400000, 0x0000000085400000| Untracked 
|  85|0x0000000085500000, 0x0000000085500000, 0x0000000085600000|  0%| F|  |TAMS 0x0000000085500000, 0x0000000085500000| Untracked 
|  86|0x0000000085600000, 0x0000000085600000, 0x0000000085700000|  0%| F|  |TAMS 0x0000000085600000, 0x0000000085600000| Untracked 
|  87|0x0000000085700000, 0x0000000085700000, 0x0000000085800000|  0%| F|  |TAMS 0x0000000085700000, 0x0000000085700000| Untracked 
|  88|0x0000000085800000, 0x0000000085800000, 0x0000000085900000|  0%| F|  |TAMS 0x0000000085800000, 0x0000000085800000| Untracked 
|  89|0x0000000085900000, 0x0000000085900000, 0x0000000085a00000|  0%| F|  |TAMS 0x0000000085900000, 0x0000000085900000| Untracked 
|  90|0x0000000085a00000, 0x0000000085a00000, 0x0000000085b00000|  0%| F|  |TAMS 0x0000000085a00000, 0x0000000085a00000| Untracked 
|  91|0x0000000085b00000, 0x0000000085b00000, 0x0000000085c00000|  0%| F|  |TAMS 0x0000000085b00000, 0x0000000085b00000| Untracked 
|  92|0x0000000085c00000, 0x0000000085c00000, 0x0000000085d00000|  0%| F|  |TAMS 0x0000000085c00000, 0x0000000085c00000| Untracked 
|  93|0x0000000085d00000, 0x0000000085d00000, 0x0000000085e00000|  0%| F|  |TAMS 0x0000000085d00000, 0x0000000085d00000| Untracked 
|  94|0x0000000085e00000, 0x0000000085e00000, 0x0000000085f00000|  0%| F|  |TAMS 0x0000000085e00000, 0x0000000085e00000| Untracked 
|  95|0x0000000085f00000, 0x0000000085f00000, 0x0000000086000000|  0%| F|  |TAMS 0x0000000085f00000, 0x0000000085f00000| Untracked 
|  96|0x0000000086000000, 0x0000000086000000, 0x0000000086100000|  0%| F|  |TAMS 0x0000000086000000, 0x0000000086000000| Untracked 
|  97|0x0000000086100000, 0x0000000086100000, 0x0000000086200000|  0%| F|  |TAMS 0x0000000086100000, 0x0000000086100000| Untracked 
|  98|0x0000000086200000, 0x0000000086200000, 0x0000000086300000|  0%| F|  |TAMS 0x0000000086200000, 0x0000000086200000| Untracked 
|  99|0x0000000086300000, 0x0000000086300000, 0x0000000086400000|  0%| F|  |TAMS 0x0000000086300000, 0x0000000086300000| Untracked 
| 100|0x0000000086400000, 0x0000000086400000, 0x0000000086500000|  0%| F|  |TAMS 0x0000000086400000, 0x0000000086400000| Untracked 
| 101|0x0000000086500000, 0x0000000086500000, 0x0000000086600000|  0%| F|  |TAMS 0x0000000086500000, 0x0000000086500000| Untracked 
| 102|0x0000000086600000, 0x0000000086600000, 0x0000000086700000|  0%| F|  |TAMS 0x0000000086600000, 0x0000000086600000| Untracked 
| 103|0x0000000086700000, 0x0000000086700000, 0x0000000086800000|  0%| F|  |TAMS 0x0000000086700000, 0x0000000086700000| Untracked 
| 104|0x0000000086800000, 0x00000000868e0110, 0x0000000086900000| 87%| E|  |TAMS 0x0000000086800000, 0x0000000086800000| Complete 
| 105|0x0000000086900000, 0x0000000086a00000, 0x0000000086a00000|100%| E|CS|TAMS 0x0000000086900000, 0x0000000086900000| Complete 
| 106|0x0000000086a00000, 0x0000000086a910d8, 0x0000000086b00000| 56%| S|CS|TAMS 0x0000000086a00000, 0x0000000086a00000| Complete 
| 107|0x0000000086b00000, 0x0000000086c00000, 0x0000000086c00000|100%| S|CS|TAMS 0x0000000086b00000, 0x0000000086b00000| Complete 
| 108|0x0000000086c00000, 0x0000000086d00000, 0x0000000086d00000|100%| E|CS|TAMS 0x0000000086c00000, 0x0000000086c00000| Complete 
| 109|0x0000000086d00000, 0x0000000086e00000, 0x0000000086e00000|100%| E|CS|TAMS 0x0000000086d00000, 0x0000000086d00000| Complete 
| 110|0x0000000086e00000, 0x0000000086f00000, 0x0000000086f00000|100%| E|CS|TAMS 0x0000000086e00000, 0x0000000086e00000| Complete 
| 111|0x0000000086f00000, 0x0000000087000000, 0x0000000087000000|100%| E|CS|TAMS 0x0000000086f00000, 0x0000000086f00000| Complete 
| 112|0x0000000087000000, 0x0000000087100000, 0x0000000087100000|100%| E|CS|TAMS 0x0000000087000000, 0x0000000087000000| Complete 
| 113|0x0000000087100000, 0x0000000087200000, 0x0000000087200000|100%| E|CS|TAMS 0x0000000087100000, 0x0000000087100000| Complete 
| 114|0x0000000087200000, 0x0000000087300000, 0x0000000087300000|100%| E|CS|TAMS 0x0000000087200000, 0x0000000087200000| Complete 
| 115|0x0000000087300000, 0x0000000087400000, 0x0000000087400000|100%| E|CS|TAMS 0x0000000087300000, 0x0000000087300000| Complete 
| 116|0x0000000087400000, 0x0000000087500000, 0x0000000087500000|100%| E|CS|TAMS 0x0000000087400000, 0x0000000087400000| Complete 
| 117|0x0000000087500000, 0x0000000087600000, 0x0000000087600000|100%| E|CS|TAMS 0x0000000087500000, 0x0000000087500000| Complete 
| 118|0x0000000087600000, 0x0000000087700000, 0x0000000087700000|100%| E|CS|TAMS 0x0000000087600000, 0x0000000087600000| Complete 
| 125|0x0000000087d00000, 0x0000000087e00000, 0x0000000087e00000|100%| E|CS|TAMS 0x0000000087d00000, 0x0000000087d00000| Complete 

Card table byte_map: [0x00000205c0840000,0x00000205c0c40000] _byte_map_base: 0x00000205c0440000

Marking Bits (Prev, Next): (CMBitMap*) 0x00000205adc8b340, (CMBitMap*) 0x00000205adc8b380
 Prev Bits: [0x00000205c1040000, 0x00000205c3040000)
 Next Bits: [0x00000205c3040000, 0x00000205c5040000)

Polling page: 0x00000205abb00000

Metaspace:

Usage:
  Non-class:     44.70 MB used.
      Class:      6.89 MB used.
       Both:     51.59 MB used.

Virtual space:
  Non-class space:       64.00 MB reserved,      45.00 MB ( 70%) committed,  1 nodes.
      Class space:        1.00 GB reserved,       7.12 MB ( <1%) committed,  1 nodes.
             Both:        1.06 GB reserved,      52.12 MB (  5%) committed. 

Chunk freelists:
   Non-Class:  2.15 MB
       Class:  8.85 MB
        Both:  11.00 MB

MaxMetaspaceSize: unlimited
CompressedClassSpaceSize: 1.00 GB
Initial GC threshold: 21.00 MB
Current GC threshold: 84.81 MB
CDS: off
MetaspaceReclaimPolicy: balanced
 - commit_granule_bytes: 65536.
 - commit_granule_words: 8192.
 - virtual_space_node_default_size: 8388608.
 - enlarge_chunks_in_place: 1.
 - new_chunks_are_fully_committed: 0.
 - uncommit_free_chunks: 1.
 - use_allocation_guard: 0.
 - handle_deallocations: 1.


Internal statistics:

num_allocs_failed_limit: 3.
num_arena_births: 610.
num_arena_deaths: 0.
num_vsnodes_births: 2.
num_vsnodes_deaths: 0.
num_space_committed: 834.
num_space_uncommitted: 0.
num_chunks_returned_to_freelist: 3.
num_chunks_taken_from_freelist: 2371.
num_chunk_merges: 3.
num_chunk_splits: 1504.
num_chunks_enlarged: 982.
num_inconsistent_stats: 0.

CodeHeap 'non-profiled nmethods': size=120000Kb used=2955Kb max_used=2955Kb free=117044Kb
 bounds [0x00000205b8be0000, 0x00000205b8ed0000, 0x00000205c0110000]
CodeHeap 'profiled nmethods': size=120000Kb used=10108Kb max_used=10108Kb free=109891Kb
 bounds [0x00000205b1110000, 0x00000205b1af0000, 0x00000205b8640000]
CodeHeap 'non-nmethods': size=5760Kb used=2320Kb max_used=2358Kb free=3439Kb
 bounds [0x00000205b8640000, 0x00000205b88b0000, 0x00000205b8be0000]
 total_blobs=5586 nmethods=4768 adapters=730
 compilation: enabled
              stopped_count=0, restarted_count=0
 full_count=0

Compilation events (20 events):
Event: 10.581 Thread 0x00000205c7c27be0 4727       3       org.objectweb.asm.Label::resolve (259 bytes)
Event: 10.581 Thread 0x00000205c7c27be0 nmethod 4727 0x00000205b1ad7110 code [0x00000205b1ad7300, 0x00000205b1ad78f8]
Event: 10.581 Thread 0x00000205c7c27be0 4726       3       java.lang.AbstractStringBuilder::getBytes (44 bytes)
Event: 10.582 Thread 0x00000205c7c27be0 nmethod 4726 0x00000205b1ad7c90 code [0x00000205b1ad7e40, 0x00000205b1ad80d8]
Event: 10.582 Thread 0x00000205c7c27be0 4729       3       org.gradle.model.internal.asm.MethodVisitorScope::_CHECKCAST (9 bytes)
Event: 10.582 Thread 0x00000205c7c27be0 nmethod 4729 0x00000205b1ad8190 code [0x00000205b1ad8340, 0x00000205b1ad85a8]
Event: 10.582 Thread 0x00000205c7c27be0 4728       3       org.gradle.model.internal.asm.MethodVisitorScope::_GOTO (9 bytes)
Event: 10.582 Thread 0x00000205c7c27be0 nmethod 4728 0x00000205b1ad8690 code [0x00000205b1ad8840, 0x00000205b1ad8aa8]
Event: 10.583 Thread 0x00000205c7c27be0 4730       3       org.gradle.model.internal.asm.MethodVisitorScope::_IFNONNULL (9 bytes)
Event: 10.583 Thread 0x00000205c7c27be0 nmethod 4730 0x00000205b1ad8b90 code [0x00000205b1ad8d40, 0x00000205b1ad8fa8]
Event: 10.583 Thread 0x00000205c7c27be0 4731       1       org.gradle.internal.instantiation.generator.AsmBackedClassGenerator$ClassBuilderImpl::access$1300 (5 bytes)
Event: 10.583 Thread 0x00000205c7c27be0 nmethod 4731 0x00000205b8ebeb10 code [0x00000205b8ebeca0, 0x00000205b8ebed58]
Event: 10.588 Thread 0x00000205c7c27be0 4732       3       org.gradle.internal.service.DefaultServiceRegistry$InstanceUnpackingVisitor::visit (39 bytes)
Event: 10.588 Thread 0x00000205c7c27be0 nmethod 4732 0x00000205b1ad9090 code [0x00000205b1ad9280, 0x00000205b1ad9848]
Event: 10.594 Thread 0x00000205c7c27be0 4733       3       java.util.TreeMap$Values::iterator (19 bytes)
Event: 10.594 Thread 0x00000205c7c27be0 nmethod 4733 0x00000205b1ad9a90 code [0x00000205b1ad9c60, 0x00000205b1ada178]
Event: 10.595 Thread 0x00000205c7c27be0 4734       3       org.gradle.model.internal.asm.MethodVisitorScope::_ARETURN (8 bytes)
Event: 10.595 Thread 0x00000205c7c27be0 nmethod 4734 0x00000205b1ada390 code [0x00000205b1ada540, 0x00000205b1ada7a8]
Event: 10.619 Thread 0x00000205c7c27be0 4735       3       java.util.concurrent.atomic.AtomicReference::compareAndSet (10 bytes)
Event: 10.620 Thread 0x00000205c7c27be0 nmethod 4735 0x00000205b1ada890 code [0x00000205b1adab20, 0x00000205b1adb738]

GC Heap History (20 events):
Event: 7.102 GC heap before
{Heap before GC invocations=8 (full 0):
 garbage-first heap   total 71680K, used 55651K [0x0000000080000000, 0x0000000100000000)
  region size 1024K, 20 young (20480K), 4 survivors (4096K)
 Metaspace       used 34285K, committed 34688K, reserved 1114112K
  class space    used 4684K, committed 4864K, reserved 1048576K
}
Event: 7.106 GC heap after
{Heap after GC invocations=9 (full 0):
 garbage-first heap   total 71680K, used 40627K [0x0000000080000000, 0x0000000100000000)
  region size 1024K, 1 young (1024K), 1 survivors (1024K)
 Metaspace       used 34285K, committed 34688K, reserved 1114112K
  class space    used 4684K, committed 4864K, reserved 1048576K
}
Event: 7.365 GC heap before
{Heap before GC invocations=9 (full 0):
 garbage-first heap   total 71680K, used 55987K [0x0000000080000000, 0x0000000100000000)
  region size 1024K, 16 young (16384K), 1 survivors (1024K)
 Metaspace       used 36079K, committed 36480K, reserved 1114112K
  class space    used 4975K, committed 5120K, reserved 1048576K
}
Event: 7.367 GC heap after
{Heap after GC invocations=10 (full 0):
 garbage-first heap   total 71680K, used 41339K [0x0000000080000000, 0x0000000100000000)
  region size 1024K, 2 young (2048K), 2 survivors (2048K)
 Metaspace       used 36079K, committed 36480K, reserved 1114112K
  class space    used 4975K, committed 5120K, reserved 1048576K
}
Event: 7.588 GC heap before
{Heap before GC invocations=11 (full 0):
 garbage-first heap   total 71680K, used 55675K [0x0000000080000000, 0x0000000100000000)
  region size 1024K, 17 young (17408K), 2 survivors (2048K)
 Metaspace       used 38373K, committed 38784K, reserved 1114112K
  class space    used 5346K, committed 5568K, reserved 1048576K
}
Event: 7.591 GC heap after
{Heap after GC invocations=12 (full 0):
 garbage-first heap   total 86016K, used 41934K [0x0000000080000000, 0x0000000100000000)
  region size 1024K, 2 young (2048K), 2 survivors (2048K)
 Metaspace       used 38373K, committed 38784K, reserved 1114112K
  class space    used 5346K, committed 5568K, reserved 1048576K
}
Event: 8.197 GC heap before
{Heap before GC invocations=12 (full 0):
 garbage-first heap   total 86016K, used 66510K [0x0000000080000000, 0x0000000100000000)
  region size 1024K, 27 young (27648K), 2 survivors (2048K)
 Metaspace       used 44038K, committed 44416K, reserved 1114112K
  class space    used 5970K, committed 6144K, reserved 1048576K
}
Event: 8.207 GC heap after
{Heap after GC invocations=13 (full 0):
 garbage-first heap   total 86016K, used 44628K [0x0000000080000000, 0x0000000100000000)
  region size 1024K, 4 young (4096K), 4 survivors (4096K)
 Metaspace       used 44038K, committed 44416K, reserved 1114112K
  class space    used 5970K, committed 6144K, reserved 1048576K
}
Event: 8.586 GC heap before
{Heap before GC invocations=14 (full 0):
 garbage-first heap   total 86016K, used 67156K [0x0000000080000000, 0x0000000100000000)
  region size 1024K, 27 young (27648K), 4 survivors (4096K)
 Metaspace       used 44862K, committed 45312K, reserved 1114112K
  class space    used 6058K, committed 6272K, reserved 1048576K
}
Event: 8.591 GC heap after
{Heap after GC invocations=15 (full 0):
 garbage-first heap   total 86016K, used 47092K [0x0000000080000000, 0x0000000100000000)
  region size 1024K, 3 young (3072K), 3 survivors (3072K)
 Metaspace       used 44862K, committed 45312K, reserved 1114112K
  class space    used 6058K, committed 6272K, reserved 1048576K
}
Event: 8.705 GC heap before
{Heap before GC invocations=15 (full 0):
 garbage-first heap   total 86016K, used 49140K [0x0000000080000000, 0x0000000100000000)
  region size 1024K, 7 young (7168K), 3 survivors (3072K)
 Metaspace       used 45098K, committed 45504K, reserved 1114112K
  class space    used 6074K, committed 6272K, reserved 1048576K
}
Event: 8.707 GC heap after
{Heap after GC invocations=16 (full 0):
 garbage-first heap   total 86016K, used 47657K [0x0000000080000000, 0x0000000100000000)
  region size 1024K, 2 young (2048K), 2 survivors (2048K)
 Metaspace       used 45098K, committed 45504K, reserved 1114112K
  class space    used 6074K, committed 6272K, reserved 1048576K
}
Event: 9.359 GC heap before
{Heap before GC invocations=17 (full 0):
 garbage-first heap   total 92160K, used 73257K [0x0000000080000000, 0x0000000100000000)
  region size 1024K, 22 young (22528K), 2 survivors (2048K)
 Metaspace       used 48088K, committed 48576K, reserved 1114112K
  class space    used 6435K, committed 6656K, reserved 1048576K
}
Event: 9.361 GC heap after
{Heap after GC invocations=18 (full 0):
 garbage-first heap   total 92160K, used 48561K [0x0000000080000000, 0x0000000100000000)
  region size 1024K, 2 young (2048K), 2 survivors (2048K)
 Metaspace       used 48088K, committed 48576K, reserved 1114112K
  class space    used 6435K, committed 6656K, reserved 1048576K
}
Event: 9.929 GC heap before
{Heap before GC invocations=18 (full 0):
 garbage-first heap   total 92160K, used 69041K [0x0000000080000000, 0x0000000100000000)
  region size 1024K, 24 young (24576K), 2 survivors (2048K)
 Metaspace       used 50211K, committed 50624K, reserved 1114112K
  class space    used 6788K, committed 6976K, reserved 1048576K
}
Event: 9.934 GC heap after
{Heap after GC invocations=19 (full 0):
 garbage-first heap   total 92160K, used 51275K [0x0000000080000000, 0x0000000100000000)
  region size 1024K, 4 young (4096K), 4 survivors (4096K)
 Metaspace       used 50211K, committed 50624K, reserved 1114112K
  class space    used 6788K, committed 6976K, reserved 1048576K
}
Event: 10.113 GC heap before
{Heap before GC invocations=20 (full 0):
 garbage-first heap   total 102400K, used 64587K [0x0000000080000000, 0x0000000100000000)
  region size 1024K, 11 young (11264K), 4 survivors (4096K)
 Metaspace       used 50463K, committed 50944K, reserved 1114112K
  class space    used 6835K, committed 7040K, reserved 1048576K
}
Event: 10.117 GC heap after
{Heap after GC invocations=21 (full 0):
 garbage-first heap   total 102400K, used 61971K [0x0000000080000000, 0x0000000100000000)
  region size 1024K, 3 young (3072K), 3 survivors (3072K)
 Metaspace       used 50463K, committed 50944K, reserved 1114112K
  class space    used 6835K, committed 7040K, reserved 1048576K
}
Event: 10.216 GC heap before
{Heap before GC invocations=22 (full 0):
 garbage-first heap   total 116736K, used 71187K [0x0000000080000000, 0x0000000100000000)
  region size 1024K, 9 young (9216K), 3 survivors (3072K)
 Metaspace       used 50819K, committed 51328K, reserved 1114112K
  class space    used 6860K, committed 7104K, reserved 1048576K
}
Event: 10.218 GC heap after
{Heap after GC invocations=23 (full 0):
 garbage-first heap   total 116736K, used 68655K [0x0000000080000000, 0x0000000100000000)
  region size 1024K, 2 young (2048K), 2 survivors (2048K)
 Metaspace       used 50819K, committed 51328K, reserved 1114112K
  class space    used 6860K, committed 7104K, reserved 1048576K
}

Dll operation events (3 events):
Event: 0.044 Loaded shared library C:\Program Files\Android\Android Studio\jbr\bin\java.dll
Event: 0.692 Loaded shared library C:\Program Files\Android\Android Studio\jbr\bin\zip.dll
Event: 1.141 Loaded shared library C:\Program Files\Android\Android Studio\jbr\bin\verify.dll

Deoptimization events (20 events):
Event: 10.468 Thread 0x00000205ccf84ec0 Uncommon trap: trap_request=0xffffffbe fr.pc=0x00000205b8ebbe9c relative=0x000000000000025c
Event: 10.468 Thread 0x00000205ccf84ec0 Uncommon trap: reason=profile_predicate action=maybe_recompile pc=0x00000205b8ebbe9c method=sun.instrument.TransformerManager.transform(Ljava/lang/Module;Ljava/lang/ClassLoader;Ljava/lang/String;Ljava/lang/Class;Ljava/security/ProtectionDomain;[B)[B @ 21 
Event: 10.468 Thread 0x00000205ccf84ec0 DEOPT PACKING pc=0x00000205b8ebbe9c sp=0x0000001688cf3590
Event: 10.468 Thread 0x00000205ccf84ec0 DEOPT UNPACKING pc=0x00000205b869a1a3 sp=0x0000001688cf3510 mode 2
Event: 10.470 Thread 0x00000205ccf84ec0 Uncommon trap: trap_request=0xffffffbe fr.pc=0x00000205b8ebbe9c relative=0x000000000000025c
Event: 10.470 Thread 0x00000205ccf84ec0 Uncommon trap: reason=profile_predicate action=maybe_recompile pc=0x00000205b8ebbe9c method=sun.instrument.TransformerManager.transform(Ljava/lang/Module;Ljava/lang/ClassLoader;Ljava/lang/String;Ljava/lang/Class;Ljava/security/ProtectionDomain;[B)[B @ 21 
Event: 10.470 Thread 0x00000205ccf84ec0 DEOPT PACKING pc=0x00000205b8ebbe9c sp=0x0000001688cf3590
Event: 10.470 Thread 0x00000205ccf84ec0 DEOPT UNPACKING pc=0x00000205b869a1a3 sp=0x0000001688cf3510 mode 2
Event: 10.470 Thread 0x00000205ccf84ec0 Uncommon trap: trap_request=0xffffffbe fr.pc=0x00000205b8ebbe9c relative=0x000000000000025c
Event: 10.470 Thread 0x00000205ccf84ec0 Uncommon trap: reason=profile_predicate action=maybe_recompile pc=0x00000205b8ebbe9c method=sun.instrument.TransformerManager.transform(Ljava/lang/Module;Ljava/lang/ClassLoader;Ljava/lang/String;Ljava/lang/Class;Ljava/security/ProtectionDomain;[B)[B @ 21 
Event: 10.470 Thread 0x00000205ccf84ec0 DEOPT PACKING pc=0x00000205b8ebbe9c sp=0x0000001688cf1ba0
Event: 10.470 Thread 0x00000205ccf84ec0 DEOPT UNPACKING pc=0x00000205b869a1a3 sp=0x0000001688cf1b20 mode 2
Event: 10.471 Thread 0x00000205ccf84ec0 Uncommon trap: trap_request=0xffffffbe fr.pc=0x00000205b8ebbe9c relative=0x000000000000025c
Event: 10.471 Thread 0x00000205ccf84ec0 Uncommon trap: reason=profile_predicate action=maybe_recompile pc=0x00000205b8ebbe9c method=sun.instrument.TransformerManager.transform(Ljava/lang/Module;Ljava/lang/ClassLoader;Ljava/lang/String;Ljava/lang/Class;Ljava/security/ProtectionDomain;[B)[B @ 21 
Event: 10.471 Thread 0x00000205ccf84ec0 DEOPT PACKING pc=0x00000205b8ebbe9c sp=0x0000001688cf3590
Event: 10.471 Thread 0x00000205ccf84ec0 DEOPT UNPACKING pc=0x00000205b869a1a3 sp=0x0000001688cf3510 mode 2
Event: 10.592 Thread 0x00000205ccf84ec0 Uncommon trap: trap_request=0xffffffde fr.pc=0x00000205b8e5a200 relative=0x0000000000000060
Event: 10.592 Thread 0x00000205ccf84ec0 Uncommon trap: reason=class_check action=maybe_recompile pc=0x00000205b8e5a200 method=java.util.stream.StreamOpFlag.fromCharacteristics(Ljava/util/Spliterator;)I @ 14 c2
Event: 10.592 Thread 0x00000205ccf84ec0 DEOPT PACKING pc=0x00000205b8e5a200 sp=0x0000001688cf8a30
Event: 10.592 Thread 0x00000205ccf84ec0 DEOPT UNPACKING pc=0x00000205b869a1a3 sp=0x0000001688cf89c8 mode 2

Classes unloaded (0 events):
No events

Classes redefined (0 events):
No events

Internal exceptions (20 events):
Event: 10.357 Thread 0x00000205ccf84ec0 Exception <a 'java/lang/ClassNotFoundException'{0x0000000087407478}: org/jetbrains/plugins/gradle/tooling/builder/WarModelBuilderImplCustomizer> (0x0000000087407478) 
thrown [s\src\hotspot\share\classfile\systemDictionary.cpp, line 256]
Event: 10.419 Thread 0x00000205ccf84ec0 Exception <a 'java/lang/ClassNotFoundException'{0x00000000874dad50}: org/jetbrains/plugins/gradle/tooling/builder/EarModelBuilderImplBeanInfo> (0x00000000874dad50) 
thrown [s\src\hotspot\share\classfile\systemDictionary.cpp, line 256]
Event: 10.420 Thread 0x00000205ccf84ec0 Exception <a 'java/lang/ClassNotFoundException'{0x00000000874e74c8}: org/jetbrains/plugins/gradle/tooling/builder/EarModelBuilderImplCustomizer> (0x00000000874e74c8) 
thrown [s\src\hotspot\share\classfile\systemDictionary.cpp, line 256]
Event: 10.442 Thread 0x00000205ccf84ec0 Exception <a 'java/lang/ClassNotFoundException'{0x00000000873bd530}: org/jetbrains/plugins/gradle/tooling/builder/ExternalTestsModelBuilderImplBeanInfo> (0x00000000873bd530) 
thrown [s\src\hotspot\share\classfile\systemDictionary.cpp, line 256]
Event: 10.443 Thread 0x00000205ccf84ec0 Exception <a 'java/lang/ClassNotFoundException'{0x00000000873c9ae8}: org/jetbrains/plugins/gradle/tooling/builder/ExternalTestsModelBuilderImplCustomizer> (0x00000000873c9ae8) 
thrown [s\src\hotspot\share\classfile\systemDictionary.cpp, line 256]
Event: 10.516 Thread 0x00000205ccf84ec0 Exception <a 'java/lang/ClassNotFoundException'{0x0000000086f2b0e0}: org/jetbrains/plugins/gradle/tooling/builder/ProjectExtensionsDataBuilderImplBeanInfo> (0x0000000086f2b0e0) 
thrown [s\src\hotspot\share\classfile\systemDictionary.cpp, line 256]
Event: 10.517 Thread 0x00000205ccf84ec0 Exception <a 'java/lang/ClassNotFoundException'{0x0000000086f376a0}: org/jetbrains/plugins/gradle/tooling/builder/ProjectExtensionsDataBuilderImplCustomizer> (0x0000000086f376a0) 
thrown [s\src\hotspot\share\classfile\systemDictionary.cpp, line 256]
Event: 10.521 Thread 0x00000205ccf84ec0 Exception <a 'java/lang/ClassNotFoundException'{0x0000000086f77c48}: org/jetbrains/plugins/gradle/tooling/builder/IntelliJSettingsBuilderBeanInfo> (0x0000000086f77c48) 
thrown [s\src\hotspot\share\classfile\systemDictionary.cpp, line 256]
Event: 10.522 Thread 0x00000205ccf84ec0 Exception <a 'java/lang/ClassNotFoundException'{0x0000000086f84188}: org/jetbrains/plugins/gradle/tooling/builder/IntelliJSettingsBuilderCustomizer> (0x0000000086f84188) 
thrown [s\src\hotspot\share\classfile\systemDictionary.cpp, line 256]
Event: 10.526 Thread 0x00000205ccf84ec0 Exception <a 'java/lang/ClassNotFoundException'{0x0000000086fba3c8}: org/jetbrains/plugins/gradle/tooling/builder/IntelliJProjectSettingsBuilderBeanInfo> (0x0000000086fba3c8) 
thrown [s\src\hotspot\share\classfile\systemDictionary.cpp, line 256]
Event: 10.527 Thread 0x00000205ccf84ec0 Exception <a 'java/lang/ClassNotFoundException'{0x0000000086fc6988}: org/jetbrains/plugins/gradle/tooling/builder/IntelliJProjectSettingsBuilderCustomizer> (0x0000000086fc6988) 
thrown [s\src\hotspot\share\classfile\systemDictionary.cpp, line 256]
Event: 10.545 Thread 0x00000205ccf84ec0 Exception <a 'java/lang/ClassNotFoundException'{0x0000000086e66050}: org/gradle/util/GradleVersionBeanInfo> (0x0000000086e66050) 
thrown [s\src\hotspot\share\classfile\systemDictionary.cpp, line 256]
Event: 10.548 Thread 0x00000205ccf84ec0 Exception <a 'java/lang/ClassNotFoundException'{0x0000000086e7aba8}: org/gradle/util/GradleVersionCustomizer> (0x0000000086e7aba8) 
thrown [s\src\hotspot\share\classfile\systemDictionary.cpp, line 256]
Event: 10.558 Thread 0x00000205ccf84ec0 Exception <a 'java/lang/ClassNotFoundException'{0x0000000086eb9fe0}: org/gradle/util/internal/DefaultGradleVersionBeanInfo> (0x0000000086eb9fe0) 
thrown [s\src\hotspot\share\classfile\systemDictionary.cpp, line 256]
Event: 10.559 Thread 0x00000205ccf84ec0 Exception <a 'java/lang/ClassNotFoundException'{0x0000000086ecf0e0}: org/gradle/util/internal/DefaultGradleVersionCustomizer> (0x0000000086ecf0e0) 
thrown [s\src\hotspot\share\classfile\systemDictionary.cpp, line 256]
Event: 10.606 Thread 0x00000205ccf84ec0 Exception <a 'sun/nio/fs/WindowsException'{0x0000000086c4c3b0}> (0x0000000086c4c3b0) 
thrown [s\src\hotspot\share\prims\jni.cpp, line 531]
Event: 10.609 Thread 0x00000205ccf84ec0 Exception <a 'sun/nio/fs/WindowsException'{0x0000000086c4dc28}> (0x0000000086c4dc28) 
thrown [s\src\hotspot\share\prims\jni.cpp, line 531]
Event: 10.610 Thread 0x00000205ccf84ec0 Exception <a 'sun/nio/fs/WindowsException'{0x0000000086c4f458}> (0x0000000086c4f458) 
thrown [s\src\hotspot\share\prims\jni.cpp, line 531]
Event: 10.613 Thread 0x00000205ccf84ec0 Exception <a 'sun/nio/fs/WindowsException'{0x0000000086c50c98}> (0x0000000086c50c98) 
thrown [s\src\hotspot\share\prims\jni.cpp, line 531]
Event: 10.620 Thread 0x00000205ccf84ec0 Exception <a 'java/lang/NoSuchMethodError'{0x0000000086c62810}: 'java.lang.Object java.lang.invoke.Invokers$Holder.invoker(java.lang.Object, java.lang.Object, java.lang.Object, java.lang.Object, java.lang.Object, java.lang.Object)'> (0x0000000086c62810) 
thrown [s\src\hotspot\share\interpreter\linkResolver.cpp, line 771]

VM Operations (20 events):
Event: 9.929 Executing VM operation: G1TryInitiateConcMark
Event: 9.934 Executing VM operation: G1TryInitiateConcMark done
Event: 9.967 Executing VM operation: G1PauseRemark
Event: 9.970 Executing VM operation: G1PauseRemark done
Event: 9.987 Executing VM operation: G1PauseCleanup
Event: 9.987 Executing VM operation: G1PauseCleanup done
Event: 10.074 Executing VM operation: HandshakeAllThreads
Event: 10.074 Executing VM operation: HandshakeAllThreads done
Event: 10.113 Executing VM operation: G1TryInitiateConcMark
Event: 10.117 Executing VM operation: G1TryInitiateConcMark done
Event: 10.145 Executing VM operation: G1PauseRemark
Event: 10.147 Executing VM operation: G1PauseRemark done
Event: 10.166 Executing VM operation: G1PauseCleanup
Event: 10.166 Executing VM operation: G1PauseCleanup done
Event: 10.216 Executing VM operation: G1TryInitiateConcMark
Event: 10.218 Executing VM operation: G1TryInitiateConcMark done
Event: 10.258 Executing VM operation: G1PauseRemark
Event: 10.260 Executing VM operation: G1PauseRemark done
Event: 10.282 Executing VM operation: G1PauseCleanup
Event: 10.282 Executing VM operation: G1PauseCleanup done

Events (20 events):
Event: 9.999 loading class sun/misc/SharedSecrets
Event: 9.999 loading class sun/misc/SharedSecrets done
Event: 10.048 loading class java/lang/ClassBeanInfo
Event: 10.048 loading class java/lang/ClassBeanInfo done
Event: 10.049 loading class java/lang/ClassBeanInfo
Event: 10.049 loading class java/lang/ClassBeanInfo done
Event: 10.049 loading class java/lang/ClassCustomizer
Event: 10.049 loading class java/lang/ClassCustomizer done
Event: 10.049 loading class java/lang/ClassCustomizer
Event: 10.049 loading class java/lang/ClassCustomizer done
Event: 10.050 loading class sun/reflect/generics/tree/BooleanSignature
Event: 10.051 loading class sun/reflect/generics/tree/BooleanSignature done
Event: 10.051 loading class sun/reflect/generics/reflectiveObjects/GenericArrayTypeImpl
Event: 10.051 loading class sun/reflect/generics/reflectiveObjects/GenericArrayTypeImpl done
Event: 10.055 loading class jdk/internal/vm/annotation/ForceInline
Event: 10.055 loading class jdk/internal/vm/annotation/ForceInline done
Event: 10.591 loading class java/util/BitSet$1BitSetSpliterator
Event: 10.592 loading class java/util/BitSet$1BitSetSpliterator done
Event: 10.605 loading class sun/nio/fs/WindowsException
Event: 10.605 loading class sun/nio/fs/WindowsException done


Dynamic libraries:
0x00007ff780000000 - 0x00007ff78000a000 	C:\Program Files\Android\Android Studio\jbr\bin\java.exe
0x00007ff888970000 - 0x00007ff888b68000 	C:\WINDOWS\SYSTEM32\ntdll.dll
0x00007ff886ca0000 - 0x00007ff886d62000 	C:\WINDOWS\System32\KERNEL32.DLL
0x00007ff886320000 - 0x00007ff88661e000 	C:\WINDOWS\System32\KERNELBASE.dll
0x00007ff886650000 - 0x00007ff886750000 	C:\WINDOWS\System32\ucrtbase.dll
0x00007ff880440000 - 0x00007ff88045b000 	C:\Program Files\Android\Android Studio\jbr\bin\VCRUNTIME140.dll
0x00007ff85be60000 - 0x00007ff85be77000 	C:\Program Files\Android\Android Studio\jbr\bin\jli.dll
0x00007ff886ec0000 - 0x00007ff88705d000 	C:\WINDOWS\System32\USER32.dll
0x00007ff886620000 - 0x00007ff886642000 	C:\WINDOWS\System32\win32u.dll
0x00007ff871780000 - 0x00007ff871a1a000 	C:\WINDOWS\WinSxS\amd64_microsoft.windows.common-controls_6595b64144ccf1df_6.0.19041.4355_none_60b8b9eb71f62e16\COMCTL32.dll
0x00007ff8888a0000 - 0x00007ff8888cb000 	C:\WINDOWS\System32\GDI32.dll
0x00007ff886b40000 - 0x00007ff886bde000 	C:\WINDOWS\System32\msvcrt.dll
0x00007ff886100000 - 0x00007ff886217000 	C:\WINDOWS\System32\gdi32full.dll
0x00007ff886010000 - 0x00007ff8860ad000 	C:\WINDOWS\System32\msvcp_win.dll
0x00007ff888610000 - 0x00007ff88863f000 	C:\WINDOWS\System32\IMM32.DLL
0x00007ff8803a0000 - 0x00007ff8803ac000 	C:\Program Files\Android\Android Studio\jbr\bin\vcruntime140_1.dll
0x00007ff844b20000 - 0x00007ff844bad000 	C:\Program Files\Android\Android Studio\jbr\bin\msvcp140.dll
0x00007ff802a50000 - 0x00007ff8036d3000 	C:\Program Files\Android\Android Studio\jbr\bin\server\jvm.dll
0x00007ff886be0000 - 0x00007ff886c91000 	C:\WINDOWS\System32\ADVAPI32.dll
0x00007ff886e00000 - 0x00007ff886e9f000 	C:\WINDOWS\System32\sechost.dll
0x00007ff888430000 - 0x00007ff888553000 	C:\WINDOWS\System32\RPCRT4.dll
0x00007ff886750000 - 0x00007ff886777000 	C:\WINDOWS\System32\bcrypt.dll
0x00007ff885570000 - 0x00007ff8855bb000 	C:\WINDOWS\SYSTEM32\POWRPROF.dll
0x00007ff87d5e0000 - 0x00007ff87d5ea000 	C:\WINDOWS\SYSTEM32\VERSION.dll
0x00007ff873150000 - 0x00007ff873177000 	C:\WINDOWS\SYSTEM32\WINMM.dll
0x00007ff867d60000 - 0x00007ff867d69000 	C:\WINDOWS\SYSTEM32\WSOCK32.dll
0x00007ff8871f0000 - 0x00007ff88725b000 	C:\WINDOWS\System32\WS2_32.dll
0x00007ff8853e0000 - 0x00007ff8853f2000 	C:\WINDOWS\SYSTEM32\UMPDC.dll
0x00007ff8847f0000 - 0x00007ff884802000 	C:\WINDOWS\SYSTEM32\kernel.appcore.dll
0x00007ff880520000 - 0x00007ff88052a000 	C:\Program Files\Android\Android Studio\jbr\bin\jimage.dll
0x00007ff883c20000 - 0x00007ff883e04000 	C:\WINDOWS\SYSTEM32\DBGHELP.DLL
0x00007ff86bd60000 - 0x00007ff86bd94000 	C:\WINDOWS\SYSTEM32\dbgcore.DLL
0x00007ff886290000 - 0x00007ff886312000 	C:\WINDOWS\System32\bcryptPrimitives.dll
0x00007ff878bc0000 - 0x00007ff878bce000 	C:\Program Files\Android\Android Studio\jbr\bin\instrument.dll
0x00007ff85e2e0000 - 0x00007ff85e305000 	C:\Program Files\Android\Android Studio\jbr\bin\java.dll
0x00007ff86a9c0000 - 0x00007ff86a9d8000 	C:\Program Files\Android\Android Studio\jbr\bin\zip.dll
0x00007ff887380000 - 0x00007ff887aed000 	C:\WINDOWS\System32\SHELL32.dll
0x00007ff884030000 - 0x00007ff8847d4000 	C:\WINDOWS\SYSTEM32\windows.storage.dll
0x00007ff8880d0000 - 0x00007ff888423000 	C:\WINDOWS\System32\combase.dll
0x00007ff885a40000 - 0x00007ff885a6e000 	C:\WINDOWS\SYSTEM32\Wldp.dll
0x00007ff886a50000 - 0x00007ff886b1d000 	C:\WINDOWS\System32\OLEAUT32.dll
0x00007ff888560000 - 0x00007ff88860d000 	C:\WINDOWS\System32\SHCORE.dll
0x00007ff886990000 - 0x00007ff8869e5000 	C:\WINDOWS\System32\shlwapi.dll
0x00007ff885f40000 - 0x00007ff885f64000 	C:\WINDOWS\SYSTEM32\profapi.dll
0x00007ff867d70000 - 0x00007ff867d89000 	C:\Program Files\Android\Android Studio\jbr\bin\net.dll
0x00007ff87ca00000 - 0x00007ff87cb0d000 	C:\WINDOWS\SYSTEM32\WINHTTP.dll
0x00007ff885750000 - 0x00007ff8857ba000 	C:\WINDOWS\system32\mswsock.dll
0x00007ff865670000 - 0x00007ff865686000 	C:\Program Files\Android\Android Studio\jbr\bin\nio.dll
0x00007ff87a350000 - 0x00007ff87a360000 	C:\Program Files\Android\Android Studio\jbr\bin\verify.dll
0x00007ff87e5e0000 - 0x00007ff87e607000 	C:\Users\anism\.gradle\native\c067742578af261105cb4f569cf0c3c89f3d7b1fecec35dd04571415982c5e48\windows-amd64\native-platform.dll
0x00007ff829f50000 - 0x00007ff82a094000 	C:\Users\anism\.gradle\native\38dada09dfb8b06ba9b0570ebf7e218e3eb74d4ef43ca46872605cf95ebc2f47\windows-amd64\native-platform-file-events.dll
0x00007ff87e680000 - 0x00007ff87e689000 	C:\Program Files\Android\Android Studio\jbr\bin\management.dll
0x00007ff87e4a0000 - 0x00007ff87e4ab000 	C:\Program Files\Android\Android Studio\jbr\bin\management_ext.dll
0x00007ff886eb0000 - 0x00007ff886eb8000 	C:\WINDOWS\System32\PSAPI.DLL
0x00007ff885970000 - 0x00007ff885988000 	C:\WINDOWS\SYSTEM32\CRYPTSP.dll
0x00007ff885010000 - 0x00007ff885044000 	C:\WINDOWS\system32\rsaenh.dll
0x00007ff885ec0000 - 0x00007ff885eee000 	C:\WINDOWS\SYSTEM32\USERENV.dll
0x00007ff885990000 - 0x00007ff88599c000 	C:\WINDOWS\SYSTEM32\CRYPTBASE.dll
0x00007ff885400000 - 0x00007ff88543b000 	C:\WINDOWS\SYSTEM32\IPHLPAPI.DLL
0x00007ff887c50000 - 0x00007ff887c58000 	C:\WINDOWS\System32\NSI.dll
0x00007ff87e870000 - 0x00007ff87e887000 	C:\WINDOWS\SYSTEM32\dhcpcsvc6.DLL
0x00007ff87e690000 - 0x00007ff87e6ad000 	C:\WINDOWS\SYSTEM32\dhcpcsvc.DLL
0x00007ff885440000 - 0x00007ff88550a000 	C:\WINDOWS\SYSTEM32\DNSAPI.dll
0x00007ff87f8f0000 - 0x00007ff87f8f9000 	C:\Program Files\Android\Android Studio\jbr\bin\extnet.dll
0x00007ff880340000 - 0x00007ff880347000 	C:\WINDOWS\system32\wshunix.dll

dbghelp: loaded successfully - version: 4.0.5 - missing functions: none
symbol engine: initialized successfully - sym options: 0x614 - pdb path: .;C:\Program Files\Android\Android Studio\jbr\bin;C:\WINDOWS\SYSTEM32;C:\WINDOWS\WinSxS\amd64_microsoft.windows.common-controls_6595b64144ccf1df_6.0.19041.4355_none_60b8b9eb71f62e16;C:\Program Files\Android\Android Studio\jbr\bin\server;C:\Users\anism\.gradle\native\c067742578af261105cb4f569cf0c3c89f3d7b1fecec35dd04571415982c5e48\windows-amd64;C:\Users\anism\.gradle\native\38dada09dfb8b06ba9b0570ebf7e218e3eb74d4ef43ca46872605cf95ebc2f47\windows-amd64

VM Arguments:
jvm_args: --add-opens=java.base/java.util=ALL-UNNAMED --add-opens=java.base/java.lang=ALL-UNNAMED --add-opens=java.base/java.lang.invoke=ALL-UNNAMED --add-opens=java.prefs/java.util.prefs=ALL-UNNAMED --add-opens=java.base/java.nio.charset=ALL-UNNAMED --add-opens=java.base/java.net=ALL-UNNAMED --add-opens=java.base/java.util.concurrent.atomic=ALL-UNNAMED -Xmx2048m -Dfile.encoding=UTF-8 -Duser.country=FR -Duser.language=fr -Duser.variant -javaagent:C:\Users\anism\.gradle\wrapper\dists\gradle-8.7-bin\bhs2wmbdwecv87pi65oeuq5iu\gradle-8.7\lib\agents\gradle-instrumentation-agent-8.7.jar 
java_command: org.gradle.launcher.daemon.bootstrap.GradleDaemon 8.7
java_class_path (initial): C:\Users\anism\.gradle\wrapper\dists\gradle-8.7-bin\bhs2wmbdwecv87pi65oeuq5iu\gradle-8.7\lib\gradle-launcher-8.7.jar
Launcher Type: SUN_STANDARD

[Global flags]
     intx CICompilerCount                          = 4                                         {product} {ergonomic}
     uint ConcGCThreads                            = 2                                         {product} {ergonomic}
     uint G1ConcRefinementThreads                  = 8                                         {product} {ergonomic}
   size_t G1HeapRegionSize                         = 1048576                                   {product} {ergonomic}
    uintx GCDrainStackTargetSize                   = 64                                        {product} {ergonomic}
   size_t InitialHeapSize                          = 132120576                                 {product} {ergonomic}
   size_t MarkStackSize                            = 4194304                                   {product} {ergonomic}
   size_t MaxHeapSize                              = 2147483648                                {product} {command line}
   size_t MaxNewSize                               = 1287651328                                {product} {ergonomic}
   size_t MinHeapDeltaBytes                        = 1048576                                   {product} {ergonomic}
   size_t MinHeapSize                              = 8388608                                   {product} {ergonomic}
    uintx NonNMethodCodeHeapSize                   = 5839372                                {pd product} {ergonomic}
    uintx NonProfiledCodeHeapSize                  = 122909434                              {pd product} {ergonomic}
    uintx ProfiledCodeHeapSize                     = 122909434                              {pd product} {ergonomic}
    uintx ReservedCodeCacheSize                    = 251658240                              {pd product} {ergonomic}
     bool SegmentedCodeCache                       = true                                      {product} {ergonomic}
   size_t SoftMaxHeapSize                          = 2147483648                             {manageable} {ergonomic}
     bool UseCompressedClassPointers               = true                           {product lp64_product} {ergonomic}
     bool UseCompressedOops                        = true                           {product lp64_product} {ergonomic}
     bool UseG1GC                                  = true                                      {product} {ergonomic}
     bool UseLargePagesIndividualAllocation        = false                                  {pd product} {ergonomic}

Logging:
Log output configuration:
 #0: stdout all=warning uptime,level,tags
 #1: stderr all=off uptime,level,tags

Environment Variables:
PATH=C:\Program Files\Eclipse Foundation\jdk-8.0.302.8-hotspot\bin;C:\Program Files\Common Files\Oracle\Java\javapath;C:\Program Files (x86)\Common Files\Oracle\Java\javapath;C:\Apps\WINDOWS.X64_213000_db_home\bin;C:\Users\anism\Desktop\sqlplus\0_db_home\bin;C:\Windows\system32;C:\Windows;C:\Windows\System32\Wbem;C:\Windows\System32\WindowsPowerShell\v1.0\;C:\Windows\System32\OpenSSH\;C:\Program Files (x86)\NVIDIA Corporation\PhysX\Common;C:\WINDOWS\system32;C:\WINDOWS;C:\WINDOWS\System32\Wbem;C:\WINDOWS\System32\WindowsPowerShell\v1.0\;C:\WINDOWS\System32\OpenSSH\;C:\MinGW\bin;C:\win_flex_bison3-latest;C:\MinGW\bin;C:\Program Files\nodejs\;C:\Program Files\Java\jdk-1.8\bin;C:\Program Files\Go\bin;C:\Program Files\Docker\Docker\resources\bin;C:\Program Files\Git\cmd;C:\Users\anism\AppData\Local\Pub\Cache\bin;C:\Program Files\MySQL\MySQL Shell 8.0\bin\;C:\Python\Python39\Scripts\;C:\Python\Python39\;C:\Users\anism\AppData\Local\Microsoft\WindowsApps;C:\Users\anism\AppData\Local\Programs\Microsoft VS Code\bin;C:\Users\anism\AppData\Roaming\npm;C:\Users\anism\go\bin;C:\Users\anism\AppData\Local\GitHubDesktop\bin;C:\Program Files\JetBrains\IntelliJ IDEA Community Edition 2024.1.4\bin;;C:\Users\anism\flutter\bin;C:\Users\anism\AppData\Local\Pub\Cache\bin;
USERNAME=anism
OS=Windows_NT
PROCESSOR_IDENTIFIER=Intel64 Family 6 Model 126 Stepping 5, GenuineIntel
TMP=C:\Users\anism\AppData\Local\Temp
TEMP=C:\Users\anism\AppData\Local\Temp



Periodic native trim disabled

JNI global refs:
JNI global refs: 26, weak refs: 0

JNI global refs memory usage: 843, weak refs: 841

Process memory usage:
Resident Set Size: 289472K (3% of 8189436K total physical memory with 250976K free physical memory)

OOME stack traces (most recent first):
Classloader memory used:
Loader org.gradle.internal.classloader.VisitableURLClassLoader                         : 3139K
Loader bootstrap                                                                       : 2414K
Loader org.gradle.initialization.MixInLegacyTypesClassLoader                           : 768K
Loader org.gradle.internal.classloader.VisitableURLClassLoader                         : 81106B
Loader org.gradle.internal.classloader.VisitableURLClassLoader$InstrumentingVisitableURLClassLoader: 74280B
Loader jdk.internal.loader.ClassLoaders$PlatformClassLoader                            : 67802B
Loader jdk.internal.loader.ClassLoaders$AppClassLoader                                 : 28714B
Loader jdk.internal.reflect.DelegatingClassLoader                                      : 27530B
Loader org.gradle.groovy.scripts.internal.DefaultScriptCompilationHandler$ScriptClassLoader: 10876B
Loader org.codehaus.groovy.runtime.callsite.CallSiteClassLoader                        : 6077B

Classes loaded by more than one classloader:
Class org.gradle.api.GradleException                                                  : loaded 3 times (x 80B)
Class org.gradle.util.GradleVersion                                                   : loaded 2 times (x 81B)
Class org.jetbrains.plugins.gradle.model.MavenRepositoryModel                         : loaded 2 times (x 68B)
Class org.gradle.internal.classpath.ClassPath                                         : loaded 2 times (x 68B)
Class org.gradle.api.internal.classpath.DefaultModuleRegistry                         : loaded 2 times (x 84B)
Class org.gradle.internal.exceptions.NonGradleCauseExceptionsHolder                   : loaded 2 times (x 68B)
Class org.gradle.api.Action                                                           : loaded 2 times (x 68B)
Class org.gradle.api.internal.DefaultClassPathProvider                                : loaded 2 times (x 74B)
Class org.gradle.internal.installation.GradleInstallation$1                           : loaded 2 times (x 73B)
Class org.gradle.internal.exceptions.DefaultMultiCauseException                       : loaded 2 times (x 93B)
Class org.gradle.internal.time.MonotonicClock                                         : loaded 2 times (x 75B)
Class org.gradle.internal.classloader.FilteringClassLoader                            : loaded 2 times (x 103B)
Class org.gradle.internal.classpath.DefaultClassPath$ImmutableUniqueList$Builder      : loaded 2 times (x 73B)
Class sync_studio_tooling1_5hvtfyljbb4rq0cbz9a7tzur0                                  : loaded 2 times (x 177B)
Class org.gradle.internal.classloader.ClassLoaderVisitor                              : loaded 2 times (x 74B)
Class org.gradle.internal.time.DefaultCountdownTimer                                  : loaded 2 times (x 86B)
Class org.gradle.internal.service.DefaultServiceLocator                               : loaded 2 times (x 81B)
Class org.gradle.internal.service.UnknownServiceException                             : loaded 2 times (x 81B)
Class org.gradle.internal.classloader.DefaultClassLoaderFactory                       : loaded 2 times (x 80B)
Class org.gradle.internal.classloader.VisitableURLClassLoader$Spec                    : loaded 2 times (x 72B)
Class org.gradle.tooling.model.ProjectModel                                           : loaded 2 times (x 68B)
Class org.gradle.internal.installation.GradleInstallation                             : loaded 2 times (x 73B)
Class org.gradle.api.internal.classpath.ModuleRegistry                                : loaded 2 times (x 68B)
Class org.jetbrains.plugins.gradle.model.RepositoriesModel                            : loaded 2 times (x 68B)
Class sync_studio_tooling1_5hvtfyljbb4rq0cbz9a7tzur0$_run_closure1                    : loaded 2 times (x 137B)
Class kotlin.jvm.internal.markers.KMappedMarker                                       : loaded 2 times (x 68B)
Class org.gradle.api.internal.ClassPathProvider                                       : loaded 2 times (x 68B)
Class org.gradle.internal.classloader.ClasspathUtil$1                                 : loaded 2 times (x 74B)
Class org.gradle.internal.classloader.ClassLoaderFactory                              : loaded 2 times (x 68B)
Class org.gradle.api.internal.classpath.ManifestUtil                                  : loaded 2 times (x 69B)
Class org.gradle.api.specs.Spec                                                       : loaded 2 times (x 68B)
Class org.gradle.internal.IoActions                                                   : loaded 2 times (x 69B)
Class org.gradle.api.internal.classpath.EffectiveClassPath                            : loaded 2 times (x 88B)
Class org.gradle.internal.exceptions.ResolutionProvider                               : loaded 2 times (x 68B)
Class org.gradle.internal.installation.CurrentGradleInstallation                      : loaded 2 times (x 71B)
Class org.gradle.internal.agents.InstrumentingClassLoader                             : loaded 2 times (x 68B)
Class org.gradle.internal.installation.CurrentGradleInstallationLocator               : loaded 2 times (x 69B)
Class org.gradle.api.internal.classpath.Module                                        : loaded 2 times (x 68B)
Class org.gradle.internal.service.CachingServiceLocator                               : loaded 2 times (x 80B)
Class org.gradle.internal.time.Timer                                                  : loaded 2 times (x 68B)
Class org.gradle.internal.classpath.DefaultClassPath                                  : loaded 2 times (x 88B)
Class org.gradle.internal.time.Time                                                   : loaded 2 times (x 69B)
Class org.gradle.internal.time.TimeSource$1                                           : loaded 2 times (x 75B)
Class org.gradle.internal.classloader.SystemClassLoaderSpec                           : loaded 2 times (x 69B)
Class kotlin.Function                                                                 : loaded 2 times (x 68B)
Class org.gradle.api.UncheckedIOException                                             : loaded 2 times (x 80B)
Class org.gradle.internal.time.CountdownTimer                                         : loaded 2 times (x 68B)
Class org.gradle.internal.time.Clock                                                  : loaded 2 times (x 68B)
Class org.gradle.internal.classloader.ClasspathUtil                                   : loaded 2 times (x 69B)
Class org.gradle.api.internal.DefaultClassPathRegistry                                : loaded 2 times (x 74B)
Class org.gradle.api.internal.classpath.DefaultModuleRegistry$DefaultModule           : loaded 2 times (x 84B)
Class org.gradle.internal.time.TimeSource                                             : loaded 2 times (x 68B)
Class ijInit1_2c5srwl1xq1qptn4ene8syzp3                                               : loaded 2 times (x 177B)
Class org.gradle.api.internal.classpath.UnknownModuleException                        : loaded 2 times (x 80B)
Class org.gradle.internal.service.ServiceLookupException                              : loaded 2 times (x 80B)
Class org.gradle.cache.GlobalCache                                                    : loaded 2 times (x 68B)
Class [Lorg.gradle.api.internal.ClassPathProvider;                                    : loaded 2 times (x 67B)
Class org.gradle.internal.operations.MultipleBuildOperationFailures                   : loaded 2 times (x 93B)
Class org.gradle.util.internal.GUtil                                                  : loaded 2 times (x 69B)
Class org.gradle.internal.classloader.ClassLoaderSpec                                 : loaded 2 times (x 69B)
Class org.gradle.internal.classloader.VisitableURLClassLoader                         : loaded 2 times (x 115B)
Class org.gradle.internal.Cast                                                        : loaded 2 times (x 69B)
Class org.gradle.api.internal.ClassPathRegistry                                       : loaded 2 times (x 68B)
Class org.gradle.internal.classloader.VisitableURLClassLoader$InstrumentingVisitableURLClassLoader: loaded 2 times (x 121B)
Class org.gradle.internal.classloader.ClassLoaderHierarchy                            : loaded 2 times (x 68B)
Class org.gradle.internal.exceptions.MultiCauseException                              : loaded 2 times (x 68B)
Class org.gradle.internal.InternalTransformer                                         : loaded 2 times (x 68B)
Class org.gradle.internal.service.ServiceLocator                                      : loaded 2 times (x 68B)
Class org.gradle.internal.classpath.DefaultClassPath$ImmutableUniqueList              : loaded 2 times (x 159B)
Class org.gradle.internal.time.DefaultTimer                                           : loaded 2 times (x 78B)
Class org.gradle.internal.classpath.TransformedClassPath                              : loaded 2 times (x 94B)


---------------  S Y S T E M  ---------------

OS:
 Windows 10 , 64 bit Build 19041 (10.0.19041.5198)
OS uptime: 12 days 3:20 hours
Hyper-V role detected

CPU: total 8 (initial active 8) (4 cores per cpu, 2 threads per core) family 6 model 126 stepping 5 microcode 0xa6, cx8, cmov, fxsr, ht, mmx, 3dnowpref, sse, sse2, sse3, ssse3, sse4.1, sse4.2, popcnt, lzcnt, tsc, tscinvbit, avx, avx2, aes, erms, clmul, bmi1, bmi2, adx, avx512f, avx512dq, avx512cd, avx512bw, avx512vl, sha, fma, vzeroupper, avx512_vpopcntdq, avx512_vpclmulqdq, avx512_vaes, avx512_vnni, clflush, clflushopt, avx512_vbmi2, avx512_vbmi, hv
Processor Information for all 8 processors :
  Max Mhz: 1190, Current Mhz: 991, Mhz Limit: 987

Memory: 4k page, system-wide physical 7997M (244M free)
TotalPageFile size 32573M (AvailPageFile size 3M)
current process WorkingSet (physical memory assigned to process): 282M, peak: 282M
current process commit charge ("private bytes"): 324M, peak: 325M

vm_info: OpenJDK 64-Bit Server VM (17.0.11+0--11852314) for windows-amd64 JRE (17.0.11+0--11852314), built on May 16 2024 21:29:20 by "androidbuild" with MS VC++ 16.10 / 16.11 (VS2019)

END.
