#
# There is insufficient memory for the Java Runtime Environment to continue.
# Native memory allocation (mmap) failed to map 34603008 bytes. Error detail: G1 virtual space
# Possible reasons:
#   The system is out of physical RAM or swap space
#   This process is running with CompressedOops enabled, and the Java Heap may be blocking the growth of the native heap
# Possible solutions:
#   Reduce memory load on the system
#   Increase physical memory or swap space
#   Check if swap backing store is full
#   Decrease Java heap size (-Xmx/-Xms)
#   Decrease number of Java threads
#   Decrease Java thread stack sizes (-Xss)
#   Set larger code cache with -XX:ReservedCodeCacheSize=
#   JVM is running with Unscaled Compressed Oops mode in which the Java heap is
#     placed in the first 4GB address space. The Java Heap base address is the
#     maximum limit for the native heap growth. Please use -XX:HeapBaseMinAddress
#     to set the Java Heap base and to place the Java Heap above 4GB virtual address.
# This output file may be truncated or incomplete.
#
#  Out of Memory Error (os_windows.cpp:3825), pid=126632, tid=126160
#
# JRE version: OpenJDK Runtime Environment (17.0.11) (build 17.0.11+0--11852314)
# Java VM: OpenJDK 64-Bit Server VM (17.0.11+0--11852314, mixed mode, tiered, compressed oops, compressed class ptrs, g1 gc, windows-amd64)
# No core dump will be written. Minidumps are not enabled by default on client versions of Windows
#

---------------  S U M M A R Y ------------

Command Line: --add-opens=java.base/java.util=ALL-UNNAMED --add-opens=java.base/java.lang=ALL-UNNAMED --add-opens=java.base/java.lang.invoke=ALL-UNNAMED --add-opens=java.prefs/java.util.prefs=ALL-UNNAMED --add-opens=java.base/java.nio.charset=ALL-UNNAMED --add-opens=java.base/java.net=ALL-UNNAMED --add-opens=java.base/java.util.concurrent.atomic=ALL-UNNAMED -Xmx2048m -Dfile.encoding=UTF-8 -Duser.country=FR -Duser.language=fr -Duser.variant -javaagent:C:\Users\anism\.gradle\wrapper\dists\gradle-8.7-bin\bhs2wmbdwecv87pi65oeuq5iu\gradle-8.7\lib\agents\gradle-instrumentation-agent-8.7.jar org.gradle.launcher.daemon.bootstrap.GradleDaemon 8.7

Host: Intel(R) Core(TM) i5-1035G1 CPU @ 1.00GHz, 8 cores, 7G,  Windows 10 , 64 bit Build 19041 (10.0.19041.5198)
Time: Mon Jan 20 01:48:19 2025 Afr. centrale Ouest elapsed time: 23.086032 seconds (0d 0h 0m 23s)

---------------  T H R E A D  ---------------

Current thread (0x000001fba2a6faf0):  VMThread "VM Thread" [stack: 0x0000005454000000,0x0000005454100000] [id=126160]

Stack: [0x0000005454000000,0x0000005454100000]
Native frames: (J=compiled Java code, j=interpreted, Vv=VM code, C=native code)
V  [jvm.dll+0x687bb9]
V  [jvm.dll+0x84142a]
V  [jvm.dll+0x8430ae]
V  [jvm.dll+0x843713]
V  [jvm.dll+0x24a35f]
V  [jvm.dll+0x684989]
V  [jvm.dll+0x67923a]
V  [jvm.dll+0x30af0b]
V  [jvm.dll+0x3123b6]
V  [jvm.dll+0x361dfe]
V  [jvm.dll+0x36202f]
V  [jvm.dll+0x2e0d38]
V  [jvm.dll+0x2e3e26]
V  [jvm.dll+0x2ee63a]
V  [jvm.dll+0x323270]
V  [jvm.dll+0x847e0b]
V  [jvm.dll+0x848b42]
V  [jvm.dll+0x84905d]
V  [jvm.dll+0x849434]
V  [jvm.dll+0x849500]
V  [jvm.dll+0x7efa4a]
V  [jvm.dll+0x686a35]
C  [ucrtbase.dll+0x21bb2]
C  [KERNEL32.DLL+0x17374]
C  [ntdll.dll+0x4cc91]

VM_Operation (0x0000005453cff440): G1PauseRemark, mode: safepoint, requested by thread 0x000001fb88c6cff0


---------------  P R O C E S S  ---------------

Threads class SMR info:
_java_thread_list=0x000001fba730e520, length=64, elements={
0x000001fb88bff010, 0x000001fba2bd5630, 0x000001fba2bd68a0, 0x000001fba2a85a40,
0x000001fba2bf6520, 0x000001fba2bf95a0, 0x000001fba2bfa610, 0x000001fba2c03660,
0x000001fba2c04020, 0x000001fba2c15890, 0x000001fba2d6db10, 0x000001fba2ed7b50,
0x000001fba95ee030, 0x000001fba2fb5150, 0x000001fba7506050, 0x000001fba872e220,
0x000001fba86aa440, 0x000001fba9079a80, 0x000001fba907a4a0, 0x000001fba907c810,
0x000001fba9079f90, 0x000001fba907b8e0, 0x000001fba9079060, 0x000001fba907c300,
0x000001fba907bdf0, 0x000001fba907b3d0, 0x000001fba907aec0, 0x000001fba9079570,
0x000001fba97296b0, 0x000001fba9726410, 0x000001fba972bf30, 0x000001fba97259f0,
0x000001fba9726920, 0x000001fba972aaf0, 0x000001fba97291a0, 0x000001fba972c440,
0x000001fba9724fd0, 0x000001fba9727850, 0x000001fba9726e30, 0x000001fba972c950,
0x000001fba972b000, 0x000001fba972a0d0, 0x000001fba9727d60, 0x000001fba972b510,
0x000001fba972ba20, 0x000001fba9728c90, 0x000001fba97254e0, 0x000001fba9725f00,
0x000001fba9728270, 0x000001fba7ba5b60, 0x000001fba7ba1480, 0x000001fba7ba4720,
0x000001fba7ba4c30, 0x000001fba7ba0550, 0x000001fba7ba6070, 0x000001fba7ba37f0,
0x000001fba7ba74b0, 0x000001fba7ba23b0, 0x000001fba7ba6580, 0x000001fba7ba2dd0,
0x000001fba7ba32e0, 0x000001fba7ba0a60, 0x000001fba7ba3d00, 0x000001fba7ba4210
}

Java Threads: ( => current thread )
  0x000001fb88bff010 JavaThread "main" [_thread_blocked, id=119460, stack(0x0000005453a00000,0x0000005453b00000)]
  0x000001fba2bd5630 JavaThread "Reference Handler" daemon [_thread_blocked, id=116256, stack(0x0000005454100000,0x0000005454200000)]
  0x000001fba2bd68a0 JavaThread "Finalizer" daemon [_thread_blocked, id=121412, stack(0x0000005454200000,0x0000005454300000)]
  0x000001fba2a85a40 JavaThread "Signal Dispatcher" daemon [_thread_blocked, id=124920, stack(0x0000005454300000,0x0000005454400000)]
  0x000001fba2bf6520 JavaThread "Attach Listener" daemon [_thread_blocked, id=13148, stack(0x0000005454400000,0x0000005454500000)]
  0x000001fba2bf95a0 JavaThread "Service Thread" daemon [_thread_blocked, id=123908, stack(0x0000005454500000,0x0000005454600000)]
  0x000001fba2bfa610 JavaThread "Monitor Deflation Thread" daemon [_thread_blocked, id=122652, stack(0x0000005454600000,0x0000005454700000)]
  0x000001fba2c03660 JavaThread "C2 CompilerThread0" daemon [_thread_blocked, id=91072, stack(0x0000005454700000,0x0000005454800000)]
  0x000001fba2c04020 JavaThread "C1 CompilerThread0" daemon [_thread_blocked, id=91056, stack(0x0000005454800000,0x0000005454900000)]
  0x000001fba2c15890 JavaThread "Sweeper thread" daemon [_thread_blocked, id=123752, stack(0x0000005454900000,0x0000005454a00000)]
  0x000001fba2d6db10 JavaThread "Common-Cleaner" daemon [_thread_blocked, id=126096, stack(0x0000005454a00000,0x0000005454b00000)]
  0x000001fba2ed7b50 JavaThread "Notification Thread" daemon [_thread_blocked, id=106972, stack(0x0000005454b00000,0x0000005454c00000)]
  0x000001fba95ee030 JavaThread "Daemon health stats" [_thread_blocked, id=45872, stack(0x0000005455200000,0x0000005455300000)]
  0x000001fba2fb5150 JavaThread "Incoming local TCP Connector on port 52662" [_thread_in_native, id=126572, stack(0x0000005454d00000,0x0000005454e00000)]
  0x000001fba7506050 JavaThread "Daemon periodic checks" [_thread_blocked, id=126304, stack(0x0000005455300000,0x0000005455400000)]
  0x000001fba872e220 JavaThread "Daemon" [_thread_blocked, id=120080, stack(0x0000005455400000,0x0000005455500000)]
  0x000001fba86aa440 JavaThread "Handler for socket connection from /127.0.0.1:52662 to /127.0.0.1:52663" [_thread_in_native, id=120220, stack(0x0000005455500000,0x0000005455600000)]
  0x000001fba9079a80 JavaThread "Cancel handler" [_thread_blocked, id=86476, stack(0x0000005455700000,0x0000005455800000)]
  0x000001fba907a4a0 JavaThread "Daemon worker" [_thread_blocked, id=126884, stack(0x0000005455800000,0x0000005455900000)]
  0x000001fba907c810 JavaThread "Asynchronous log dispatcher for DefaultDaemonConnection: socket connection from /127.0.0.1:52662 to /127.0.0.1:52663" [_thread_blocked, id=126212, stack(0x0000005455900000,0x0000005455a00000)]
  0x000001fba9079f90 JavaThread "Stdin handler" [_thread_blocked, id=116540, stack(0x0000005455a00000,0x0000005455b00000)]
  0x000001fba907b8e0 JavaThread "Daemon client event forwarder" [_thread_blocked, id=98060, stack(0x0000005455b00000,0x0000005455c00000)]
  0x000001fba9079060 JavaThread "Cache worker for journal cache (C:\Users\anism\.gradle\caches\journal-1)" [_thread_blocked, id=114792, stack(0x0000005455600000,0x0000005455700000)]
  0x000001fba907c300 JavaThread "File lock request listener" [_thread_in_native, id=125716, stack(0x0000005456100000,0x0000005456200000)]
  0x000001fba907bdf0 JavaThread "Cache worker for file hash cache (C:\Users\anism\.gradle\caches\8.7\fileHashes)" [_thread_blocked, id=80200, stack(0x0000005456200000,0x0000005456300000)]
  0x000001fba907b3d0 JavaThread "Cache worker for file hash cache (C:\Users\anism\Documents\Projets_perso\Recipe_app\.gradle\8.7\fileHashes)" [_thread_blocked, id=73448, stack(0x0000005456300000,0x0000005456400000)]
  0x000001fba907aec0 JavaThread "File watcher server" daemon [_thread_blocked, id=121748, stack(0x0000005456400000,0x0000005456500000)]
  0x000001fba9079570 JavaThread "File watcher consumer" daemon [_thread_blocked, id=125124, stack(0x0000005456500000,0x0000005456600000)]
  0x000001fba97296b0 JavaThread "jar transforms" [_thread_blocked, id=122568, stack(0x0000005456600000,0x0000005456700000)]
  0x000001fba9726410 JavaThread "jar transforms Thread 2" [_thread_blocked, id=93792, stack(0x0000005456700000,0x0000005456800000)]
  0x000001fba972bf30 JavaThread "jar transforms Thread 3" [_thread_blocked, id=124844, stack(0x0000005456800000,0x0000005456900000)]
  0x000001fba97259f0 JavaThread "jar transforms Thread 4" [_thread_blocked, id=58528, stack(0x0000005456900000,0x0000005456a00000)]
  0x000001fba9726920 JavaThread "jar transforms Thread 5" [_thread_blocked, id=90192, stack(0x0000005456a00000,0x0000005456b00000)]
  0x000001fba972aaf0 JavaThread "jar transforms Thread 6" [_thread_blocked, id=125976, stack(0x0000005456b00000,0x0000005456c00000)]
  0x000001fba97291a0 JavaThread "jar transforms Thread 7" [_thread_blocked, id=121684, stack(0x0000005456c00000,0x0000005456d00000)]
  0x000001fba972c440 JavaThread "jar transforms Thread 8" [_thread_blocked, id=119872, stack(0x0000005456d00000,0x0000005456e00000)]
  0x000001fba9724fd0 JavaThread "Cache worker for checksums cache (C:\Users\anism\Documents\Projets_perso\Recipe_app\.gradle\8.7\checksums)" [_thread_blocked, id=89392, stack(0x0000005456e00000,0x0000005456f00000)]
  0x000001fba9727850 JavaThread "Cache worker for cache directory md-supplier (C:\Users\anism\.gradle\caches\8.7\md-supplier)" [_thread_blocked, id=126404, stack(0x0000005456f00000,0x0000005457000000)]
  0x000001fba9726e30 JavaThread "Cache worker for cache directory md-rule (C:\Users\anism\.gradle\caches\8.7\md-rule)" [_thread_blocked, id=126320, stack(0x0000005457000000,0x0000005457100000)]
  0x000001fba972c950 JavaThread "Cache worker for file content cache (C:\Users\anism\.gradle\caches\8.7\fileContent)" [_thread_blocked, id=118036, stack(0x0000005457100000,0x0000005457200000)]
  0x000001fba972b000 JavaThread "Unconstrained build operations" [_thread_blocked, id=125988, stack(0x0000005457200000,0x0000005457300000)]
  0x000001fba972a0d0 JavaThread "Unconstrained build operations Thread 2" [_thread_blocked, id=116936, stack(0x0000005457300000,0x0000005457400000)]
  0x000001fba9727d60 JavaThread "Unconstrained build operations Thread 3" [_thread_blocked, id=124080, stack(0x0000005457400000,0x0000005457500000)]
  0x000001fba972b510 JavaThread "Unconstrained build operations Thread 4" [_thread_blocked, id=114068, stack(0x0000005457500000,0x0000005457600000)]
  0x000001fba972ba20 JavaThread "Unconstrained build operations Thread 5" [_thread_blocked, id=105552, stack(0x0000005457600000,0x0000005457700000)]
  0x000001fba9728c90 JavaThread "Unconstrained build operations Thread 6" [_thread_blocked, id=113752, stack(0x0000005457700000,0x0000005457800000)]
  0x000001fba97254e0 JavaThread "Unconstrained build operations Thread 7" [_thread_blocked, id=122524, stack(0x0000005457800000,0x0000005457900000)]
  0x000001fba9725f00 JavaThread "Unconstrained build operations Thread 8" [_thread_blocked, id=114324, stack(0x0000005457900000,0x0000005457a00000)]
  0x000001fba9728270 JavaThread "Unconstrained build operations Thread 9" [_thread_blocked, id=117344, stack(0x0000005457a00000,0x0000005457b00000)]
  0x000001fba7ba5b60 JavaThread "Cache worker for Build Output Cleanup Cache (C:\Users\anism\Documents\Projets_perso\Recipe_app\.gradle\buildOutputCleanup)" [_thread_blocked, id=104572, stack(0x0000005457b00000,0x0000005457c00000)]
  0x000001fba7ba1480 JavaThread "Unconstrained build operations Thread 10" [_thread_blocked, id=126092, stack(0x0000005456000000,0x0000005456100000)]
  0x000001fba7ba4720 JavaThread "Unconstrained build operations Thread 11" [_thread_blocked, id=119588, stack(0x0000005457d00000,0x0000005457e00000)]
  0x000001fba7ba4c30 JavaThread "Unconstrained build operations Thread 12" [_thread_blocked, id=114376, stack(0x0000005457e00000,0x0000005457f00000)]
  0x000001fba7ba0550 JavaThread "Unconstrained build operations Thread 13" [_thread_blocked, id=119544, stack(0x0000005457f00000,0x0000005458000000)]
  0x000001fba7ba6070 JavaThread "Unconstrained build operations Thread 14" [_thread_blocked, id=122892, stack(0x0000005458000000,0x0000005458100000)]
  0x000001fba7ba37f0 JavaThread "Unconstrained build operations Thread 15" [_thread_blocked, id=106292, stack(0x0000005458100000,0x0000005458200000)]
  0x000001fba7ba74b0 JavaThread "Unconstrained build operations Thread 16" [_thread_blocked, id=105484, stack(0x0000005458200000,0x0000005458300000)]
  0x000001fba7ba23b0 JavaThread "Unconstrained build operations Thread 17" [_thread_blocked, id=89656, stack(0x0000005458300000,0x0000005458400000)]
  0x000001fba7ba6580 JavaThread "Unconstrained build operations Thread 18" [_thread_blocked, id=124404, stack(0x0000005458400000,0x0000005458500000)]
  0x000001fba7ba2dd0 JavaThread "Unconstrained build operations Thread 19" [_thread_blocked, id=101100, stack(0x0000005458500000,0x0000005458600000)]
  0x000001fba7ba32e0 JavaThread "Unconstrained build operations Thread 20" [_thread_blocked, id=12412, stack(0x0000005458600000,0x0000005458700000)]
  0x000001fba7ba0a60 JavaThread "Unconstrained build operations Thread 21" [_thread_blocked, id=112316, stack(0x0000005458700000,0x0000005458800000)]
  0x000001fba7ba3d00 JavaThread "Unconstrained build operations Thread 22" [_thread_blocked, id=125092, stack(0x0000005458800000,0x0000005458900000)]
  0x000001fba7ba4210 JavaThread "Unconstrained build operations Thread 23" [_thread_blocked, id=113412, stack(0x0000005458900000,0x0000005458a00000)]

Other Threads:
=>0x000001fba2a6faf0 VMThread "VM Thread" [stack: 0x0000005454000000,0x0000005454100000] [id=126160]
  0x000001fb88bffde0 WatcherThread [stack: 0x0000005454c00000,0x0000005454d00000] [id=95832]
  0x000001fb88c5c190 GCTaskThread "GC Thread#0" [stack: 0x0000005453b00000,0x0000005453c00000] [id=126816]
  0x000001fba73422c0 GCTaskThread "GC Thread#1" [stack: 0x0000005454e00000,0x0000005454f00000] [id=116500]
  0x000001fba7f83010 GCTaskThread "GC Thread#2" [stack: 0x0000005454f00000,0x0000005455000000] [id=126168]
  0x000001fba7d91770 GCTaskThread "GC Thread#3" [stack: 0x0000005455000000,0x0000005455100000] [id=114060]
  0x000001fba7a47a70 GCTaskThread "GC Thread#4" [stack: 0x0000005455100000,0x0000005455200000] [id=109768]
  0x000001fba9037a00 GCTaskThread "GC Thread#5" [stack: 0x0000005455c00000,0x0000005455d00000] [id=121296]
  0x000001fba86c2840 GCTaskThread "GC Thread#6" [stack: 0x0000005455d00000,0x0000005455e00000] [id=120880]
  0x000001fba9020540 GCTaskThread "GC Thread#7" [stack: 0x0000005455e00000,0x0000005455f00000] [id=57116]
  0x000001fb88c6cff0 ConcurrentGCThread "G1 Main Marker" [stack: 0x0000005453c00000,0x0000005453d00000] [id=122032]
  0x000001fb88c6e0c0 ConcurrentGCThread "G1 Conc#0" [stack: 0x0000005453d00000,0x0000005453e00000] [id=125452]
  0x000001fba7ee6150 ConcurrentGCThread "G1 Conc#1" [stack: 0x0000005455f00000,0x0000005456000000] [id=117048]
  0x000001fb88cbdf70 ConcurrentGCThread "G1 Refine#0" [stack: 0x0000005453e00000,0x0000005453f00000] [id=126240]
  0x000001fba80b7070 ConcurrentGCThread "G1 Refine#1" [stack: 0x0000005458b00000,0x0000005458c00000] [id=118960]
  0x000001fba80b9c80 ConcurrentGCThread "G1 Refine#2" [stack: 0x0000005458c00000,0x0000005458d00000] [id=126672]
  0x000001fba80b9f70 ConcurrentGCThread "G1 Refine#3" [stack: 0x0000005458d00000,0x0000005458e00000] [id=121972]
  0x000001fba80b90c0 ConcurrentGCThread "G1 Refine#4" [stack: 0x0000005458e00000,0x0000005458f00000] [id=44044]
  0x000001fba80ba260 ConcurrentGCThread "G1 Refine#5" [stack: 0x0000005458f00000,0x0000005459000000] [id=118504]
  0x000001fb88cbe8b0 ConcurrentGCThread "G1 Service" [stack: 0x0000005453f00000,0x0000005454000000] [id=121088]

Threads with active compile tasks:

VM state: at safepoint (normal execution)

VM Mutex/Monitor currently owned by a thread:  ([mutex/lock_event])
[0x000001fb88bfbfd0] Threads_lock - owner thread: 0x000001fba2a6faf0
[0x000001fb88bfb400] Heap_lock - owner thread: 0x000001fb88c6cff0

Heap address: 0x0000000080000000, size: 2048 MB, Compressed Oops mode: 32-bit

CDS archive(s) not mapped
Compressed class space mapped at: 0x0000000100000000-0x0000000140000000, reserved size: 1073741824
Narrow klass base: 0x0000000000000000, Narrow klass shift: 3, Narrow klass range: 0x140000000

GC Precious Log:
 CPUs: 8 total, 8 available
 Memory: 7997M
 Large Page Support: Disabled
 NUMA Support: Disabled
 Compressed Oops: Enabled (32-bit)
 Heap Region Size: 1M
 Heap Min Capacity: 8M
 Heap Initial Capacity: 126M
 Heap Max Capacity: 2G
 Pre-touch: Disabled
 Parallel Workers: 8
 Concurrent Workers: 2
 Concurrent Refinement Workers: 8
 Periodic GC: Disabled

Heap:
 garbage-first heap   total 206848K, used 142614K [0x0000000080000000, 0x0000000100000000)
  region size 1024K, 8 young (8192K), 3 survivors (3072K)
 Metaspace       used 95479K, committed 96128K, reserved 1179648K
  class space    used 13003K, committed 13312K, reserved 1048576K

Heap Regions: E=young(eden), S=young(survivor), O=old, HS=humongous(starts), HC=humongous(continues), CS=collection set, F=free, OA=open archive, CA=closed archive, TAMS=top-at-mark-start (previous, next)
|   0|0x0000000080000000, 0x0000000080100000, 0x0000000080100000|100%|HS|  |TAMS 0x0000000080100000, 0x0000000080000000| Complete 
|   1|0x0000000080100000, 0x0000000080200000, 0x0000000080200000|100%|HC|  |TAMS 0x0000000080200000, 0x0000000080100000| Complete 
|   2|0x0000000080200000, 0x0000000080300000, 0x0000000080300000|100%|HC|  |TAMS 0x0000000080300000, 0x0000000080200000| Complete 
|   3|0x0000000080300000, 0x0000000080400000, 0x0000000080400000|100%|HC|  |TAMS 0x0000000080400000, 0x0000000080300000| Complete 
|   4|0x0000000080400000, 0x0000000080500000, 0x0000000080500000|100%| O|  |TAMS 0x0000000080500000, 0x0000000080400000| Untracked 
|   5|0x0000000080500000, 0x0000000080600000, 0x0000000080600000|100%| O|  |TAMS 0x0000000080600000, 0x0000000080500000| Untracked 
|   6|0x0000000080600000, 0x0000000080700000, 0x0000000080700000|100%| O|  |TAMS 0x0000000080700000, 0x0000000080600000| Untracked 
|   7|0x0000000080700000, 0x0000000080800000, 0x0000000080800000|100%| O|  |TAMS 0x0000000080800000, 0x0000000080700000| Untracked 
|   8|0x0000000080800000, 0x0000000080900000, 0x0000000080900000|100%| O|  |TAMS 0x0000000080900000, 0x0000000080800000| Untracked 
|   9|0x0000000080900000, 0x0000000080a00000, 0x0000000080a00000|100%| O|  |TAMS 0x0000000080a00000, 0x0000000080900000| Untracked 
|  10|0x0000000080a00000, 0x0000000080b00000, 0x0000000080b00000|100%| O|  |TAMS 0x0000000080b00000, 0x0000000080a00000| Updating 
|  11|0x0000000080b00000, 0x0000000080c00000, 0x0000000080c00000|100%| O|  |TAMS 0x0000000080c00000, 0x0000000080b00000| Untracked 
|  12|0x0000000080c00000, 0x0000000080d00000, 0x0000000080d00000|100%| O|  |TAMS 0x0000000080d00000, 0x0000000080c00000| Untracked 
|  13|0x0000000080d00000, 0x0000000080e00000, 0x0000000080e00000|100%| O|  |TAMS 0x0000000080e00000, 0x0000000080d00000| Untracked 
|  14|0x0000000080e00000, 0x0000000080f00000, 0x0000000080f00000|100%| O|  |TAMS 0x0000000080f00000, 0x0000000080e00000| Updating 
|  15|0x0000000080f00000, 0x0000000081000000, 0x0000000081000000|100%| O|  |TAMS 0x0000000081000000, 0x0000000080f00000| Untracked 
|  16|0x0000000081000000, 0x0000000081100000, 0x0000000081100000|100%| O|  |TAMS 0x0000000081100000, 0x0000000081000000| Untracked 
|  17|0x0000000081100000, 0x0000000081200000, 0x0000000081200000|100%| O|  |TAMS 0x0000000081200000, 0x0000000081100000| Untracked 
|  18|0x0000000081200000, 0x0000000081300000, 0x0000000081300000|100%| O|  |TAMS 0x0000000081300000, 0x0000000081200000| Untracked 
|  19|0x0000000081300000, 0x0000000081400000, 0x0000000081400000|100%| O|  |TAMS 0x0000000081400000, 0x0000000081300000| Untracked 
|  20|0x0000000081400000, 0x0000000081500000, 0x0000000081500000|100%| O|  |TAMS 0x0000000081500000, 0x0000000081400000| Updating 
|  21|0x0000000081500000, 0x0000000081600000, 0x0000000081600000|100%| O|  |TAMS 0x0000000081600000, 0x0000000081500000| Untracked 
|  22|0x0000000081600000, 0x0000000081700000, 0x0000000081700000|100%|HS|  |TAMS 0x0000000081700000, 0x0000000081600000| Complete 
|  23|0x0000000081700000, 0x0000000081800000, 0x0000000081800000|100%|HC|  |TAMS 0x0000000081800000, 0x0000000081700000| Complete 
|  24|0x0000000081800000, 0x0000000081900000, 0x0000000081900000|100%|HC|  |TAMS 0x0000000081900000, 0x0000000081800000| Complete 
|  25|0x0000000081900000, 0x0000000081a00000, 0x0000000081a00000|100%|HC|  |TAMS 0x0000000081a00000, 0x0000000081900000| Complete 
|  26|0x0000000081a00000, 0x0000000081b00000, 0x0000000081b00000|100%|HC|  |TAMS 0x0000000081b00000, 0x0000000081a00000| Complete 
|  27|0x0000000081b00000, 0x0000000081c00000, 0x0000000081c00000|100%|HS|  |TAMS 0x0000000081c00000, 0x0000000081b00000| Complete 
|  28|0x0000000081c00000, 0x0000000081d00000, 0x0000000081d00000|100%|HC|  |TAMS 0x0000000081d00000, 0x0000000081c00000| Complete 
|  29|0x0000000081d00000, 0x0000000081e00000, 0x0000000081e00000|100%|HC|  |TAMS 0x0000000081e00000, 0x0000000081d00000| Complete 
|  30|0x0000000081e00000, 0x0000000081f00000, 0x0000000081f00000|100%|HS|  |TAMS 0x0000000081f00000, 0x0000000081e00000| Complete 
|  31|0x0000000081f00000, 0x0000000082000000, 0x0000000082000000|100%|HC|  |TAMS 0x0000000082000000, 0x0000000081f00000| Complete 
|  32|0x0000000082000000, 0x0000000082100000, 0x0000000082100000|100%|HC|  |TAMS 0x0000000082100000, 0x0000000082000000| Complete 
|  33|0x0000000082100000, 0x0000000082200000, 0x0000000082200000|100%| O|  |TAMS 0x0000000082200000, 0x0000000082100000| Updating 
|  34|0x0000000082200000, 0x0000000082300000, 0x0000000082300000|100%| O|  |TAMS 0x0000000082300000, 0x0000000082200000| Untracked 
|  35|0x0000000082300000, 0x0000000082400000, 0x0000000082400000|100%| O|  |TAMS 0x0000000082400000, 0x0000000082300000| Untracked 
|  36|0x0000000082400000, 0x0000000082500000, 0x0000000082500000|100%| O|  |TAMS 0x0000000082500000, 0x0000000082400000| Updating 
|  37|0x0000000082500000, 0x0000000082600000, 0x0000000082600000|100%|HS|  |TAMS 0x0000000082600000, 0x0000000082500000| Complete 
|  38|0x0000000082600000, 0x0000000082700000, 0x0000000082700000|100%| O|  |TAMS 0x0000000082700000, 0x0000000082600000| Untracked 
|  39|0x0000000082700000, 0x0000000082800000, 0x0000000082800000|100%| O|  |TAMS 0x0000000082800000, 0x0000000082700000| Untracked 
|  40|0x0000000082800000, 0x0000000082900000, 0x0000000082900000|100%| O|  |TAMS 0x0000000082900000, 0x0000000082800000| Updating 
|  41|0x0000000082900000, 0x0000000082a00000, 0x0000000082a00000|100%| O|  |TAMS 0x0000000082a00000, 0x0000000082900000| Untracked 
|  42|0x0000000082a00000, 0x0000000082b00000, 0x0000000082b00000|100%| O|  |TAMS 0x0000000082b00000, 0x0000000082a00000| Untracked 
|  43|0x0000000082b00000, 0x0000000082c00000, 0x0000000082c00000|100%| O|  |TAMS 0x0000000082c00000, 0x0000000082b00000| Updating 
|  44|0x0000000082c00000, 0x0000000082d00000, 0x0000000082d00000|100%| O|  |TAMS 0x0000000082d00000, 0x0000000082c00000| Untracked 
|  45|0x0000000082d00000, 0x0000000082e00000, 0x0000000082e00000|100%| O|  |TAMS 0x0000000082e00000, 0x0000000082d00000| Updating 
|  46|0x0000000082e00000, 0x0000000082f00000, 0x0000000082f00000|100%|HS|  |TAMS 0x0000000082f00000, 0x0000000082e00000| Complete 
|  47|0x0000000082f00000, 0x0000000083000000, 0x0000000083000000|100%|HC|  |TAMS 0x0000000083000000, 0x0000000082f00000| Complete 
|  48|0x0000000083000000, 0x0000000083100000, 0x0000000083100000|100%|HC|  |TAMS 0x0000000083100000, 0x0000000083000000| Complete 
|  49|0x0000000083100000, 0x0000000083200000, 0x0000000083200000|100%|HS|  |TAMS 0x0000000083200000, 0x0000000083100000| Complete 
|  50|0x0000000083200000, 0x0000000083300000, 0x0000000083300000|100%|HC|  |TAMS 0x0000000083300000, 0x0000000083200000| Complete 
|  51|0x0000000083300000, 0x0000000083400000, 0x0000000083400000|100%|HC|  |TAMS 0x0000000083400000, 0x0000000083300000| Complete 
|  52|0x0000000083400000, 0x0000000083500000, 0x0000000083500000|100%|HC|  |TAMS 0x0000000083500000, 0x0000000083400000| Complete 
|  53|0x0000000083500000, 0x0000000083600000, 0x0000000083600000|100%|HC|  |TAMS 0x0000000083600000, 0x0000000083500000| Complete 
|  54|0x0000000083600000, 0x0000000083700000, 0x0000000083700000|100%| O|  |TAMS 0x0000000083700000, 0x0000000083600000| Updating 
|  55|0x0000000083700000, 0x0000000083800000, 0x0000000083800000|100%| O|  |TAMS 0x0000000083800000, 0x0000000083700000| Updating 
|  56|0x0000000083800000, 0x0000000083900000, 0x0000000083900000|100%|HS|  |TAMS 0x0000000083900000, 0x0000000083800000| Complete 
|  57|0x0000000083900000, 0x0000000083a00000, 0x0000000083a00000|100%| O|  |TAMS 0x0000000083a00000, 0x0000000083900000| Updating 
|  58|0x0000000083a00000, 0x0000000083b00000, 0x0000000083b00000|100%|HS|  |TAMS 0x0000000083b00000, 0x0000000083a00000| Complete 
|  59|0x0000000083b00000, 0x0000000083c00000, 0x0000000083c00000|100%|HC|  |TAMS 0x0000000083c00000, 0x0000000083b00000| Complete 
|  60|0x0000000083c00000, 0x0000000083d00000, 0x0000000083d00000|100%|HC|  |TAMS 0x0000000083d00000, 0x0000000083c00000| Complete 
|  61|0x0000000083d00000, 0x0000000083e00000, 0x0000000083e00000|100%|HC|  |TAMS 0x0000000083e00000, 0x0000000083d00000| Complete 
|  62|0x0000000083e00000, 0x0000000083f00000, 0x0000000083f00000|100%|HC|  |TAMS 0x0000000083f00000, 0x0000000083e00000| Complete 
|  63|0x0000000083f00000, 0x0000000084000000, 0x0000000084000000|100%| O|  |TAMS 0x0000000084000000, 0x0000000083f00000| Updating 
|  64|0x0000000084000000, 0x0000000084100000, 0x0000000084100000|100%| O|  |TAMS 0x0000000084100000, 0x0000000084000000| Updating 
|  65|0x0000000084100000, 0x0000000084200000, 0x0000000084200000|100%| O|  |TAMS 0x0000000084200000, 0x0000000084100000| Untracked 
|  66|0x0000000084200000, 0x0000000084300000, 0x0000000084300000|100%| O|  |TAMS 0x0000000084300000, 0x0000000084200000| Untracked 
|  67|0x0000000084300000, 0x0000000084400000, 0x0000000084400000|100%| O|  |TAMS 0x0000000084400000, 0x0000000084300000| Updating 
|  68|0x0000000084400000, 0x0000000084500000, 0x0000000084500000|100%| O|  |TAMS 0x0000000084500000, 0x0000000084400000| Updating 
|  69|0x0000000084500000, 0x0000000084600000, 0x0000000084600000|100%| O|  |TAMS 0x0000000084600000, 0x0000000084500000| Untracked 
|  70|0x0000000084600000, 0x0000000084700000, 0x0000000084700000|100%| O|  |TAMS 0x0000000084700000, 0x0000000084600000| Untracked 
|  71|0x0000000084700000, 0x0000000084800000, 0x0000000084800000|100%| O|  |TAMS 0x0000000084800000, 0x0000000084700000| Untracked 
|  72|0x0000000084800000, 0x0000000084900000, 0x0000000084900000|100%| O|  |TAMS 0x0000000084900000, 0x0000000084800000| Untracked 
|  73|0x0000000084900000, 0x0000000084a00000, 0x0000000084a00000|100%| O|  |TAMS 0x0000000084a00000, 0x0000000084900000| Untracked 
|  74|0x0000000084a00000, 0x0000000084b00000, 0x0000000084b00000|100%| O|  |TAMS 0x0000000084b00000, 0x0000000084a00000| Untracked 
|  75|0x0000000084b00000, 0x0000000084c00000, 0x0000000084c00000|100%| O|  |TAMS 0x0000000084c00000, 0x0000000084b00000| Untracked 
|  76|0x0000000084c00000, 0x0000000084d00000, 0x0000000084d00000|100%| O|  |TAMS 0x0000000084d00000, 0x0000000084c00000| Untracked 
|  77|0x0000000084d00000, 0x0000000084e00000, 0x0000000084e00000|100%| O|  |TAMS 0x0000000084e00000, 0x0000000084d00000| Untracked 
|  78|0x0000000084e00000, 0x0000000084f00000, 0x0000000084f00000|100%| O|  |TAMS 0x0000000084f00000, 0x0000000084e00000| Untracked 
|  79|0x0000000084f00000, 0x0000000085000000, 0x0000000085000000|100%| O|  |TAMS 0x0000000085000000, 0x0000000084f00000| Untracked 
|  80|0x0000000085000000, 0x0000000085100000, 0x0000000085100000|100%| O|  |TAMS 0x0000000085100000, 0x0000000085000000| Untracked 
|  81|0x0000000085100000, 0x0000000085200000, 0x0000000085200000|100%| O|  |TAMS 0x0000000085200000, 0x0000000085100000| Untracked 
|  82|0x0000000085200000, 0x0000000085300000, 0x0000000085300000|100%|HS|  |TAMS 0x0000000085300000, 0x0000000085200000| Complete 
|  83|0x0000000085300000, 0x0000000085400000, 0x0000000085400000|100%|HS|  |TAMS 0x0000000085400000, 0x0000000085300000| Complete 
|  84|0x0000000085400000, 0x0000000085500000, 0x0000000085500000|100%|HS|  |TAMS 0x0000000085500000, 0x0000000085400000| Complete 
|  85|0x0000000085500000, 0x0000000085600000, 0x0000000085600000|100%|HC|  |TAMS 0x0000000085600000, 0x0000000085500000| Complete 
|  86|0x0000000085600000, 0x0000000085700000, 0x0000000085700000|100%| O|  |TAMS 0x0000000085600000, 0x0000000085600000| Untracked 
|  87|0x0000000085700000, 0x0000000085800000, 0x0000000085800000|100%| O|  |TAMS 0x0000000085800000, 0x0000000085700000| Updating 
|  88|0x0000000085800000, 0x0000000085900000, 0x0000000085900000|100%| O|  |TAMS 0x0000000085900000, 0x0000000085800000| Untracked 
|  89|0x0000000085900000, 0x0000000085a00000, 0x0000000085a00000|100%| O|  |TAMS 0x0000000085a00000, 0x0000000085900000| Untracked 
|  90|0x0000000085a00000, 0x0000000085b00000, 0x0000000085b00000|100%| O|  |TAMS 0x0000000085a00000, 0x0000000085a00000| Untracked 
|  91|0x0000000085b00000, 0x0000000085c00000, 0x0000000085c00000|100%| O|  |TAMS 0x0000000085c00000, 0x0000000085b00000| Untracked 
|  92|0x0000000085c00000, 0x0000000085d00000, 0x0000000085d00000|100%| O|  |TAMS 0x0000000085d00000, 0x0000000085c00000| Untracked 
|  93|0x0000000085d00000, 0x0000000085e00000, 0x0000000085e00000|100%| O|  |TAMS 0x0000000085e00000, 0x0000000085d00000| Untracked 
|  94|0x0000000085e00000, 0x0000000085f00000, 0x0000000085f00000|100%| O|  |TAMS 0x0000000085f00000, 0x0000000085e00000| Untracked 
|  95|0x0000000085f00000, 0x0000000086000000, 0x0000000086000000|100%| O|  |TAMS 0x0000000086000000, 0x0000000085f00000| Untracked 
|  96|0x0000000086000000, 0x0000000086100000, 0x0000000086100000|100%| O|  |TAMS 0x0000000086100000, 0x0000000086000000| Untracked 
|  97|0x0000000086100000, 0x0000000086200000, 0x0000000086200000|100%| O|  |TAMS 0x0000000086200000, 0x0000000086100000| Untracked 
|  98|0x0000000086200000, 0x0000000086300000, 0x0000000086300000|100%| O|  |TAMS 0x0000000086300000, 0x0000000086200000| Untracked 
|  99|0x0000000086300000, 0x0000000086400000, 0x0000000086400000|100%| O|  |TAMS 0x0000000086400000, 0x0000000086300000| Untracked 
| 100|0x0000000086400000, 0x0000000086500000, 0x0000000086500000|100%| O|  |TAMS 0x0000000086500000, 0x0000000086400000| Untracked 
| 101|0x0000000086500000, 0x0000000086600000, 0x0000000086600000|100%| O|  |TAMS 0x0000000086600000, 0x0000000086500000| Untracked 
| 102|0x0000000086600000, 0x0000000086700000, 0x0000000086700000|100%| O|  |TAMS 0x0000000086700000, 0x0000000086600000| Untracked 
| 103|0x0000000086700000, 0x0000000086800000, 0x0000000086800000|100%| O|  |TAMS 0x0000000086800000, 0x0000000086700000| Untracked 
| 104|0x0000000086800000, 0x0000000086900000, 0x0000000086900000|100%| O|  |TAMS 0x0000000086900000, 0x0000000086800000| Untracked 
| 105|0x0000000086900000, 0x0000000086a00000, 0x0000000086a00000|100%| O|  |TAMS 0x0000000086a00000, 0x0000000086900000| Untracked 
| 106|0x0000000086a00000, 0x0000000086b00000, 0x0000000086b00000|100%| O|  |TAMS 0x0000000086b00000, 0x0000000086a00000| Untracked 
| 107|0x0000000086b00000, 0x0000000086c00000, 0x0000000086c00000|100%| O|  |TAMS 0x0000000086c00000, 0x0000000086b00000| Untracked 
| 108|0x0000000086c00000, 0x0000000086d00000, 0x0000000086d00000|100%| O|  |TAMS 0x0000000086d00000, 0x0000000086c00000| Untracked 
| 109|0x0000000086d00000, 0x0000000086e00000, 0x0000000086e00000|100%| O|  |TAMS 0x0000000086e00000, 0x0000000086d00000| Updating 
| 110|0x0000000086e00000, 0x0000000086f00000, 0x0000000086f00000|100%|HS|  |TAMS 0x0000000086f00000, 0x0000000086e00000| Complete 
| 111|0x0000000086f00000, 0x0000000087000000, 0x0000000087000000|100%|HC|  |TAMS 0x0000000087000000, 0x0000000086f00000| Complete 
| 112|0x0000000087000000, 0x0000000087100000, 0x0000000087100000|100%|HC|  |TAMS 0x0000000087100000, 0x0000000087000000| Complete 
| 113|0x0000000087100000, 0x0000000087200000, 0x0000000087200000|100%|HC|  |TAMS 0x0000000087200000, 0x0000000087100000| Complete 
| 114|0x0000000087200000, 0x0000000087300000, 0x0000000087300000|100%|HC|  |TAMS 0x0000000087300000, 0x0000000087200000| Complete 
| 115|0x0000000087300000, 0x0000000087400000, 0x0000000087400000|100%|HC|  |TAMS 0x0000000087400000, 0x0000000087300000| Complete 
| 116|0x0000000087400000, 0x0000000087500000, 0x0000000087500000|100%|HS|  |TAMS 0x0000000087500000, 0x0000000087400000| Complete 
| 117|0x0000000087500000, 0x0000000087600000, 0x0000000087600000|100%|HC|  |TAMS 0x0000000087600000, 0x0000000087500000| Complete 
| 118|0x0000000087600000, 0x0000000087700000, 0x0000000087700000|100%|HC|  |TAMS 0x0000000087700000, 0x0000000087600000| Complete 
| 119|0x0000000087700000, 0x0000000087800000, 0x0000000087800000|100%|HC|  |TAMS 0x0000000087800000, 0x0000000087700000| Complete 
| 120|0x0000000087800000, 0x0000000087900000, 0x0000000087900000|100%| O|  |TAMS 0x0000000087900000, 0x0000000087800000| Untracked 
| 121|0x0000000087900000, 0x0000000087a00000, 0x0000000087a00000|100%| O|  |TAMS 0x0000000087a00000, 0x0000000087900000| Untracked 
| 122|0x0000000087a00000, 0x0000000087b00000, 0x0000000087b00000|100%| O|  |TAMS 0x0000000087b00000, 0x0000000087a00000| Untracked 
| 123|0x0000000087b00000, 0x0000000087c00000, 0x0000000087c00000|100%| O|  |TAMS 0x0000000087c00000, 0x0000000087b00000| Untracked 
| 124|0x0000000087c00000, 0x0000000087d00000, 0x0000000087d00000|100%| O|  |TAMS 0x0000000087d00000, 0x0000000087c00000| Untracked 
| 125|0x0000000087d00000, 0x0000000087e00000, 0x0000000087e00000|100%| O|  |TAMS 0x0000000087e00000, 0x0000000087d00000| Untracked 
| 126|0x0000000087e00000, 0x0000000087f00000, 0x0000000087f00000|100%| O|  |TAMS 0x0000000087f00000, 0x0000000087e00000| Untracked 
| 127|0x0000000087f00000, 0x0000000088000000, 0x0000000088000000|100%| O|  |TAMS 0x0000000088000000, 0x0000000087f00000| Updating 
| 128|0x0000000088000000, 0x0000000088100000, 0x0000000088100000|100%| O|  |TAMS 0x000000008808a600, 0x0000000088000000| Updating 
| 129|0x0000000088100000, 0x0000000088200000, 0x0000000088200000|100%| O|  |TAMS 0x0000000088100000, 0x0000000088100000| Untracked 
| 130|0x0000000088200000, 0x0000000088300000, 0x0000000088300000|100%| O|  |TAMS 0x0000000088200000, 0x0000000088200000| Untracked 
| 131|0x0000000088300000, 0x0000000088400000, 0x0000000088400000|100%| O|  |TAMS 0x0000000088300000, 0x0000000088300000| Untracked 
| 132|0x0000000088400000, 0x0000000088500000, 0x0000000088500000|100%| O|  |TAMS 0x0000000088400000, 0x0000000088400000| Untracked 
| 133|0x0000000088500000, 0x0000000088500000, 0x0000000088600000|  0%| F|  |TAMS 0x0000000088500000, 0x0000000088500000| Untracked 
| 134|0x0000000088600000, 0x0000000088600000, 0x0000000088700000|  0%| F|  |TAMS 0x0000000088600000, 0x0000000088600000| Untracked 
| 135|0x0000000088700000, 0x0000000088700000, 0x0000000088800000|  0%| F|  |TAMS 0x0000000088700000, 0x0000000088700000| Untracked 
| 136|0x0000000088800000, 0x0000000088800000, 0x0000000088900000|  0%| F|  |TAMS 0x0000000088800000, 0x0000000088800000| Untracked 
| 137|0x0000000088900000, 0x0000000088900000, 0x0000000088a00000|  0%| F|  |TAMS 0x0000000088900000, 0x0000000088900000| Untracked 
| 138|0x0000000088a00000, 0x0000000088a00000, 0x0000000088b00000|  0%| F|  |TAMS 0x0000000088a00000, 0x0000000088a00000| Untracked 
| 139|0x0000000088b00000, 0x0000000088b00000, 0x0000000088c00000|  0%| F|  |TAMS 0x0000000088b00000, 0x0000000088b00000| Untracked 
| 140|0x0000000088c00000, 0x0000000088c00000, 0x0000000088d00000|  0%| F|  |TAMS 0x0000000088c00000, 0x0000000088c00000| Untracked 
| 141|0x0000000088d00000, 0x0000000088d00000, 0x0000000088e00000|  0%| F|  |TAMS 0x0000000088d00000, 0x0000000088d00000| Untracked 
| 142|0x0000000088e00000, 0x0000000088e00000, 0x0000000088f00000|  0%| F|  |TAMS 0x0000000088e00000, 0x0000000088e00000| Untracked 
| 143|0x0000000088f00000, 0x0000000088f00000, 0x0000000089000000|  0%| F|  |TAMS 0x0000000088f00000, 0x0000000088f00000| Untracked 
| 144|0x0000000089000000, 0x0000000089000000, 0x0000000089100000|  0%| F|  |TAMS 0x0000000089000000, 0x0000000089000000| Untracked 
| 145|0x0000000089100000, 0x0000000089100000, 0x0000000089200000|  0%| F|  |TAMS 0x0000000089100000, 0x0000000089100000| Untracked 
| 146|0x0000000089200000, 0x0000000089200000, 0x0000000089300000|  0%| F|  |TAMS 0x0000000089200000, 0x0000000089200000| Untracked 
| 147|0x0000000089300000, 0x0000000089300000, 0x0000000089400000|  0%| F|  |TAMS 0x0000000089300000, 0x0000000089300000| Untracked 
| 148|0x0000000089400000, 0x0000000089400000, 0x0000000089500000|  0%| F|  |TAMS 0x0000000089400000, 0x0000000089400000| Untracked 
| 149|0x0000000089500000, 0x0000000089500000, 0x0000000089600000|  0%| F|  |TAMS 0x0000000089500000, 0x0000000089500000| Untracked 
| 150|0x0000000089600000, 0x0000000089600000, 0x0000000089700000|  0%| F|  |TAMS 0x0000000089600000, 0x0000000089600000| Untracked 
| 151|0x0000000089700000, 0x0000000089700000, 0x0000000089800000|  0%| F|  |TAMS 0x0000000089700000, 0x0000000089700000| Untracked 
| 152|0x0000000089800000, 0x0000000089800000, 0x0000000089900000|  0%| F|  |TAMS 0x0000000089800000, 0x0000000089800000| Untracked 
| 153|0x0000000089900000, 0x0000000089900000, 0x0000000089a00000|  0%| F|  |TAMS 0x0000000089900000, 0x0000000089900000| Untracked 
| 154|0x0000000089a00000, 0x0000000089a00000, 0x0000000089b00000|  0%| F|  |TAMS 0x0000000089a00000, 0x0000000089a00000| Untracked 
| 155|0x0000000089b00000, 0x0000000089b00000, 0x0000000089c00000|  0%| F|  |TAMS 0x0000000089b00000, 0x0000000089b00000| Untracked 
| 156|0x0000000089c00000, 0x0000000089c00000, 0x0000000089d00000|  0%| F|  |TAMS 0x0000000089c00000, 0x0000000089c00000| Untracked 
| 157|0x0000000089d00000, 0x0000000089d00000, 0x0000000089e00000|  0%| F|  |TAMS 0x0000000089d00000, 0x0000000089d00000| Untracked 
| 158|0x0000000089e00000, 0x0000000089e00000, 0x0000000089f00000|  0%| F|  |TAMS 0x0000000089e00000, 0x0000000089e00000| Untracked 
| 159|0x0000000089f00000, 0x0000000089f00000, 0x000000008a000000|  0%| F|  |TAMS 0x0000000089f00000, 0x0000000089f00000| Untracked 
| 160|0x000000008a000000, 0x000000008a000000, 0x000000008a100000|  0%| F|  |TAMS 0x000000008a000000, 0x000000008a000000| Untracked 
| 161|0x000000008a100000, 0x000000008a100000, 0x000000008a200000|  0%| F|  |TAMS 0x000000008a100000, 0x000000008a100000| Untracked 
| 162|0x000000008a200000, 0x000000008a200000, 0x000000008a300000|  0%| F|  |TAMS 0x000000008a200000, 0x000000008a200000| Untracked 
| 163|0x000000008a300000, 0x000000008a300000, 0x000000008a400000|  0%| F|  |TAMS 0x000000008a300000, 0x000000008a300000| Untracked 
| 164|0x000000008a400000, 0x000000008a400000, 0x000000008a500000|  0%| F|  |TAMS 0x000000008a400000, 0x000000008a400000| Untracked 
| 165|0x000000008a500000, 0x000000008a500000, 0x000000008a600000|  0%| F|  |TAMS 0x000000008a500000, 0x000000008a500000| Untracked 
| 166|0x000000008a600000, 0x000000008a600000, 0x000000008a700000|  0%| F|  |TAMS 0x000000008a600000, 0x000000008a600000| Untracked 
| 167|0x000000008a700000, 0x000000008a700000, 0x000000008a800000|  0%| F|  |TAMS 0x000000008a700000, 0x000000008a700000| Untracked 
| 168|0x000000008a800000, 0x000000008a800000, 0x000000008a900000|  0%| F|  |TAMS 0x000000008a800000, 0x000000008a800000| Untracked 
| 169|0x000000008a900000, 0x000000008a945990, 0x000000008aa00000| 27%| S|CS|TAMS 0x000000008a900000, 0x000000008a900000| Complete 
| 170|0x000000008aa00000, 0x000000008ab00000, 0x000000008ab00000|100%| S|CS|TAMS 0x000000008aa00000, 0x000000008aa00000| Complete 
| 171|0x000000008ab00000, 0x000000008ac00000, 0x000000008ac00000|100%| S|CS|TAMS 0x000000008ab00000, 0x000000008ab00000| Complete 
| 172|0x000000008ac00000, 0x000000008ac00000, 0x000000008ad00000|  0%| F|  |TAMS 0x000000008ac00000, 0x000000008ac00000| Untracked 
| 173|0x000000008ad00000, 0x000000008ad00000, 0x000000008ae00000|  0%| F|  |TAMS 0x000000008ad00000, 0x000000008ad00000| Untracked 
| 174|0x000000008ae00000, 0x000000008ae00000, 0x000000008af00000|  0%| F|  |TAMS 0x000000008ae00000, 0x000000008ae00000| Untracked 
| 175|0x000000008af00000, 0x000000008af00000, 0x000000008b000000|  0%| F|  |TAMS 0x000000008af00000, 0x000000008af00000| Untracked 
| 176|0x000000008b000000, 0x000000008b000000, 0x000000008b100000|  0%| F|  |TAMS 0x000000008b000000, 0x000000008b000000| Untracked 
| 177|0x000000008b100000, 0x000000008b100000, 0x000000008b200000|  0%| F|  |TAMS 0x000000008b100000, 0x000000008b100000| Untracked 
| 178|0x000000008b200000, 0x000000008b200000, 0x000000008b300000|  0%| F|  |TAMS 0x000000008b200000, 0x000000008b200000| Untracked 
| 179|0x000000008b300000, 0x000000008b300000, 0x000000008b400000|  0%| F|  |TAMS 0x000000008b300000, 0x000000008b300000| Untracked 
| 180|0x000000008b400000, 0x000000008b400000, 0x000000008b500000|  0%| F|  |TAMS 0x000000008b400000, 0x000000008b400000| Untracked 
| 181|0x000000008b500000, 0x000000008b500000, 0x000000008b600000|  0%| F|  |TAMS 0x000000008b500000, 0x000000008b500000| Untracked 
| 182|0x000000008b600000, 0x000000008b600000, 0x000000008b700000|  0%| F|  |TAMS 0x000000008b600000, 0x000000008b600000| Untracked 
| 183|0x000000008b700000, 0x000000008b700000, 0x000000008b800000|  0%| F|  |TAMS 0x000000008b700000, 0x000000008b700000| Untracked 
| 184|0x000000008b800000, 0x000000008b800000, 0x000000008b900000|  0%| F|  |TAMS 0x000000008b800000, 0x000000008b800000| Untracked 
| 185|0x000000008b900000, 0x000000008b900000, 0x000000008ba00000|  0%| F|  |TAMS 0x000000008b900000, 0x000000008b900000| Untracked 
| 186|0x000000008ba00000, 0x000000008ba00000, 0x000000008bb00000|  0%| F|  |TAMS 0x000000008ba00000, 0x000000008ba00000| Untracked 
| 187|0x000000008bb00000, 0x000000008bb00000, 0x000000008bc00000|  0%| F|  |TAMS 0x000000008bb00000, 0x000000008bb00000| Untracked 
| 188|0x000000008bc00000, 0x000000008bc00000, 0x000000008bd00000|  0%| F|  |TAMS 0x000000008bc00000, 0x000000008bc00000| Untracked 
| 189|0x000000008bd00000, 0x000000008bd00000, 0x000000008be00000|  0%| F|  |TAMS 0x000000008bd00000, 0x000000008bd00000| Untracked 
| 190|0x000000008be00000, 0x000000008be00000, 0x000000008bf00000|  0%| F|  |TAMS 0x000000008be00000, 0x000000008be00000| Untracked 
| 191|0x000000008bf00000, 0x000000008bf00000, 0x000000008c000000|  0%| F|  |TAMS 0x000000008bf00000, 0x000000008bf00000| Untracked 
| 192|0x000000008c000000, 0x000000008c000000, 0x000000008c100000|  0%| F|  |TAMS 0x000000008c000000, 0x000000008c000000| Untracked 
| 193|0x000000008c100000, 0x000000008c100000, 0x000000008c200000|  0%| F|  |TAMS 0x000000008c100000, 0x000000008c100000| Untracked 
| 194|0x000000008c200000, 0x000000008c200000, 0x000000008c300000|  0%| F|  |TAMS 0x000000008c200000, 0x000000008c200000| Untracked 
| 195|0x000000008c300000, 0x000000008c300000, 0x000000008c400000|  0%| F|  |TAMS 0x000000008c300000, 0x000000008c300000| Untracked 
| 196|0x000000008c400000, 0x000000008c400000, 0x000000008c500000|  0%| F|  |TAMS 0x000000008c400000, 0x000000008c400000| Untracked 
| 197|0x000000008c500000, 0x000000008c597e38, 0x000000008c600000| 59%| E|  |TAMS 0x000000008c500000, 0x000000008c500000| Complete 
| 198|0x000000008c600000, 0x000000008c700000, 0x000000008c700000|100%| E|CS|TAMS 0x000000008c600000, 0x000000008c600000| Complete 
| 199|0x000000008c700000, 0x000000008c800000, 0x000000008c800000|100%| E|CS|TAMS 0x000000008c700000, 0x000000008c700000| Complete 
| 200|0x000000008c800000, 0x000000008c900000, 0x000000008c900000|100%| E|CS|TAMS 0x000000008c800000, 0x000000008c800000| Complete 
| 201|0x000000008c900000, 0x000000008ca00000, 0x000000008ca00000|100%| E|CS|TAMS 0x000000008c900000, 0x000000008c900000| Complete 

Card table byte_map: [0x000001fb9b810000,0x000001fb9bc10000] _byte_map_base: 0x000001fb9b410000

Marking Bits (Prev, Next): (CMBitMap*) 0x000001fb88c5c700, (CMBitMap*) 0x000001fb88c5c6c0
 Prev Bits: [0x000001fb9e010000, 0x000001fba0010000)
 Next Bits: [0x000001fb9c010000, 0x000001fb9e010000)

Polling page: 0x000001fb883c0000

Metaspace:

Usage:
  Non-class:     80.54 MB used.
      Class:     12.70 MB used.
       Both:     93.24 MB used.

Virtual space:
  Non-class space:      128.00 MB reserved,      80.88 MB ( 63%) committed,  2 nodes.
      Class space:        1.00 GB reserved,      13.00 MB (  1%) committed,  1 nodes.
             Both:        1.12 GB reserved,      93.88 MB (  8%) committed. 

Chunk freelists:
   Non-Class:  14.19 MB
       Class:  3.00 MB
        Both:  17.19 MB

MaxMetaspaceSize: unlimited
CompressedClassSpaceSize: 1.00 GB
Initial GC threshold: 21.00 MB
Current GC threshold: 111.69 MB
CDS: off
MetaspaceReclaimPolicy: balanced
 - commit_granule_bytes: 65536.
 - commit_granule_words: 8192.
 - virtual_space_node_default_size: 8388608.
 - enlarge_chunks_in_place: 1.
 - new_chunks_are_fully_committed: 0.
 - uncommit_free_chunks: 1.
 - use_allocation_guard: 0.
 - handle_deallocations: 1.


Internal statistics:

num_allocs_failed_limit: 3.
num_arena_births: 862.
num_arena_deaths: 0.
num_vsnodes_births: 3.
num_vsnodes_deaths: 0.
num_space_committed: 1500.
num_space_uncommitted: 0.
num_chunks_returned_to_freelist: 3.
num_chunks_taken_from_freelist: 4042.
num_chunk_merges: 3.
num_chunk_splits: 2844.
num_chunks_enlarged: 2109.
num_inconsistent_stats: 0.

CodeHeap 'non-profiled nmethods': size=120000Kb used=4452Kb max_used=4452Kb free=115547Kb
 bounds [0x000001fb93bb0000, 0x000001fb94010000, 0x000001fb9b0e0000]
CodeHeap 'profiled nmethods': size=120000Kb used=15548Kb max_used=15548Kb free=104451Kb
 bounds [0x000001fb8c0e0000, 0x000001fb8d010000, 0x000001fb93610000]
CodeHeap 'non-nmethods': size=5760Kb used=2430Kb max_used=2458Kb free=3329Kb
 bounds [0x000001fb93610000, 0x000001fb93880000, 0x000001fb93bb0000]
 total_blobs=9040 nmethods=8082 adapters=869
 compilation: enabled
              stopped_count=0, restarted_count=0
 full_count=0

Compilation events (20 events):
Event: 22.783 Thread 0x000001fba2c04020 8853       3       org.jetbrains.kotlin.container.CacheKt::getInfo (14 bytes)
Event: 22.784 Thread 0x000001fba2c04020 nmethod 8853 0x000001fb8d000a90 code [0x000001fb8d000ca0, 0x000001fb8d001248]
Event: 22.784 Thread 0x000001fba2c04020 8854       3       org.jetbrains.kotlin.container.ClassTraversalCache::getClassInfo (43 bytes)
Event: 22.784 Thread 0x000001fba2c04020 nmethod 8854 0x000001fb8d001490 code [0x000001fb8d0016e0, 0x000001fb8d001fe8]
Event: 22.896 Thread 0x000001fba2c03660 8855       4       java.lang.Class::forName (47 bytes)
Event: 22.896 Thread 0x000001fba2c03660 nmethod 8855 0x000001fb94008e90 code [0x000001fb94009020, 0x000001fb940090c8]
Event: 22.943 Thread 0x000001fba2c04020 8856       3       java.lang.reflect.Method::getGenericInfo (5 bytes)
Event: 22.943 Thread 0x000001fba2c04020 nmethod 8856 0x000001fb8d002310 code [0x000001fb8d002540, 0x000001fb8d002e48]
Event: 22.946 Thread 0x000001fba2c04020 8857       3       org.jetbrains.kotlin.container.CacheKt::getConstructorInfo (256 bytes)
Event: 22.952 Thread 0x000001fba2c04020 nmethod 8857 0x000001fb8d003190 code [0x000001fb8d003a60, 0x000001fb8d009378]
Event: 22.974 Thread 0x000001fba2c04020 8858       3       org.jetbrains.kotlin.container.CacheKt::getRegistrations (115 bytes)
Event: 22.975 Thread 0x000001fba2c04020 nmethod 8858 0x000001fb8d00b190 code [0x000001fb8d00b420, 0x000001fb8d00be48]
Event: 22.975 Thread 0x000001fba2c04020 8859       3       kotlin.sequences.SequencesKt__SequencesKt::generateSequence (42 bytes)
Event: 22.976 Thread 0x000001fba2c04020 nmethod 8859 0x000001fb8d00c190 code [0x000001fb8d00c480, 0x000001fb8d00d4d8]
Event: 22.976 Thread 0x000001fba2c04020 8860       3       kotlin.sequences.SequencesKt__SequencesKt$generateSequence$2::<init> (11 bytes)
Event: 22.976 Thread 0x000001fba2c04020 nmethod 8860 0x000001fb8d00da90 code [0x000001fb8d00dc40, 0x000001fb8d00de78]
Event: 23.011 Thread 0x000001fba2c04020 8861       3       java.util.ArrayList::fastRemove (44 bytes)
Event: 23.011 Thread 0x000001fba2c04020 nmethod 8861 0x000001fb8d00df90 code [0x000001fb8d00e140, 0x000001fb8d00e528]
Event: 23.053 Thread 0x000001fba2c04020 8862       3       kotlin.LazyKt__LazyJVMKt::lazy (21 bytes)
Event: 23.054 Thread 0x000001fba2c04020 nmethod 8862 0x000001fb8d00e690 code [0x000001fb8d00e8c0, 0x000001fb8d00ef48]

GC Heap History (20 events):
Event: 12.496 GC heap before
{Heap before GC invocations=35 (full 0):
 garbage-first heap   total 126976K, used 97776K [0x0000000080000000, 0x0000000100000000)
  region size 1024K, 26 young (26624K), 2 survivors (2048K)
 Metaspace       used 63866K, committed 64512K, reserved 1114112K
  class space    used 8715K, committed 9024K, reserved 1048576K
}
Event: 12.502 GC heap after
{Heap after GC invocations=36 (full 0):
 garbage-first heap   total 126976K, used 75671K [0x0000000080000000, 0x0000000100000000)
  region size 1024K, 4 young (4096K), 4 survivors (4096K)
 Metaspace       used 63866K, committed 64512K, reserved 1114112K
  class space    used 8715K, committed 9024K, reserved 1048576K
}
Event: 12.546 GC heap before
{Heap before GC invocations=36 (full 0):
 garbage-first heap   total 126976K, used 77719K [0x0000000080000000, 0x0000000100000000)
  region size 1024K, 6 young (6144K), 4 survivors (4096K)
 Metaspace       used 63972K, committed 64640K, reserved 1114112K
  class space    used 8731K, committed 9088K, reserved 1048576K
}
Event: 12.550 GC heap after
{Heap after GC invocations=37 (full 0):
 garbage-first heap   total 126976K, used 76007K [0x0000000080000000, 0x0000000100000000)
  region size 1024K, 1 young (1024K), 1 survivors (1024K)
 Metaspace       used 63972K, committed 64640K, reserved 1114112K
  class space    used 8731K, committed 9088K, reserved 1048576K
}
Event: 13.875 GC heap before
{Heap before GC invocations=37 (full 0):
 garbage-first heap   total 126976K, used 99559K [0x0000000080000000, 0x0000000100000000)
  region size 1024K, 25 young (25600K), 1 survivors (1024K)
 Metaspace       used 67879K, committed 68416K, reserved 1114112K
  class space    used 9234K, committed 9472K, reserved 1048576K
}
Event: 13.880 GC heap after
{Heap after GC invocations=38 (full 0):
 garbage-first heap   total 206848K, used 78747K [0x0000000080000000, 0x0000000100000000)
  region size 1024K, 4 young (4096K), 4 survivors (4096K)
 Metaspace       used 67879K, committed 68416K, reserved 1114112K
  class space    used 9234K, committed 9472K, reserved 1048576K
}
Event: 15.936 GC heap before
{Heap before GC invocations=39 (full 0):
 garbage-first heap   total 206848K, used 150427K [0x0000000080000000, 0x0000000100000000)
  region size 1024K, 75 young (76800K), 4 survivors (4096K)
 Metaspace       used 72267K, committed 72832K, reserved 1114112K
  class space    used 10222K, committed 10496K, reserved 1048576K
}
Event: 15.944 GC heap after
{Heap after GC invocations=40 (full 0):
 garbage-first heap   total 206848K, used 83390K [0x0000000080000000, 0x0000000100000000)
  region size 1024K, 9 young (9216K), 9 survivors (9216K)
 Metaspace       used 72267K, committed 72832K, reserved 1114112K
  class space    used 10222K, committed 10496K, reserved 1048576K
}
Event: 15.970 GC heap before
{Heap before GC invocations=40 (full 0):
 garbage-first heap   total 206848K, used 84414K [0x0000000080000000, 0x0000000100000000)
  region size 1024K, 10 young (10240K), 9 survivors (9216K)
 Metaspace       used 72384K, committed 72960K, reserved 1114112K
  class space    used 10237K, committed 10496K, reserved 1048576K
}
Event: 15.977 GC heap after
{Heap after GC invocations=41 (full 0):
 garbage-first heap   total 206848K, used 83844K [0x0000000080000000, 0x0000000100000000)
  region size 1024K, 1 young (1024K), 1 survivors (1024K)
 Metaspace       used 72384K, committed 72960K, reserved 1114112K
  class space    used 10237K, committed 10496K, reserved 1048576K
}
Event: 18.704 GC heap before
{Heap before GC invocations=41 (full 0):
 garbage-first heap   total 206848K, used 159620K [0x0000000080000000, 0x0000000100000000)
  region size 1024K, 75 young (76800K), 1 survivors (1024K)
 Metaspace       used 82248K, committed 82880K, reserved 1179648K
  class space    used 11513K, committed 11840K, reserved 1048576K
}
Event: 18.708 GC heap after
{Heap after GC invocations=42 (full 0):
 garbage-first heap   total 206848K, used 84735K [0x0000000080000000, 0x0000000100000000)
  region size 1024K, 2 young (2048K), 2 survivors (2048K)
 Metaspace       used 82248K, committed 82880K, reserved 1179648K
  class space    used 11513K, committed 11840K, reserved 1048576K
}
Event: 20.559 GC heap before
{Heap before GC invocations=42 (full 0):
 garbage-first heap   total 206848K, used 174847K [0x0000000080000000, 0x0000000100000000)
  region size 1024K, 80 young (81920K), 2 survivors (2048K)
 Metaspace       used 86583K, committed 87360K, reserved 1179648K
  class space    used 12060K, committed 12416K, reserved 1048576K
}
Event: 20.575 GC heap after
{Heap after GC invocations=43 (full 0):
 garbage-first heap   total 206848K, used 102400K [0x0000000080000000, 0x0000000100000000)
  region size 1024K, 10 young (10240K), 10 survivors (10240K)
 Metaspace       used 86583K, committed 87360K, reserved 1179648K
  class space    used 12060K, committed 12416K, reserved 1048576K
}
Event: 21.580 GC heap before
{Heap before GC invocations=43 (full 0):
 garbage-first heap   total 206848K, used 164864K [0x0000000080000000, 0x0000000100000000)
  region size 1024K, 66 young (67584K), 10 survivors (10240K)
 Metaspace       used 87633K, committed 88384K, reserved 1179648K
  class space    used 12198K, committed 12544K, reserved 1048576K
}
Event: 21.596 GC heap after
{Heap after GC invocations=44 (full 0):
 garbage-first heap   total 206848K, used 113354K [0x0000000080000000, 0x0000000100000000)
  region size 1024K, 9 young (9216K), 9 survivors (9216K)
 Metaspace       used 87633K, committed 88384K, reserved 1179648K
  class space    used 12198K, committed 12544K, reserved 1048576K
}
Event: 22.328 GC heap before
{Heap before GC invocations=44 (full 0):
 garbage-first heap   total 206848K, used 175818K [0x0000000080000000, 0x0000000100000000)
  region size 1024K, 54 young (55296K), 9 survivors (9216K)
 Metaspace       used 91561K, committed 92288K, reserved 1179648K
  class space    used 12626K, committed 12992K, reserved 1048576K
}
Event: 22.338 GC heap after
{Heap after GC invocations=45 (full 0):
 garbage-first heap   total 206848K, used 135935K [0x0000000080000000, 0x0000000100000000)
  region size 1024K, 7 young (7168K), 7 survivors (7168K)
 Metaspace       used 91561K, committed 92288K, reserved 1179648K
  class space    used 12626K, committed 12992K, reserved 1048576K
}
Event: 22.961 GC heap before
{Heap before GC invocations=45 (full 0):
 garbage-first heap   total 206848K, used 166655K [0x0000000080000000, 0x0000000100000000)
  region size 1024K, 37 young (37888K), 7 survivors (7168K)
 Metaspace       used 94820K, committed 95552K, reserved 1179648K
  class space    used 12964K, committed 13312K, reserved 1048576K
}
Event: 22.966 GC heap after
{Heap after GC invocations=46 (full 0):
 garbage-first heap   total 206848K, used 138518K [0x0000000080000000, 0x0000000100000000)
  region size 1024K, 3 young (3072K), 3 survivors (3072K)
 Metaspace       used 94820K, committed 95552K, reserved 1179648K
  class space    used 12964K, committed 13312K, reserved 1048576K
}

Dll operation events (3 events):
Event: 0.047 Loaded shared library C:\Program Files\Android\Android Studio\jbr\bin\java.dll
Event: 0.327 Loaded shared library C:\Program Files\Android\Android Studio\jbr\bin\zip.dll
Event: 1.008 Loaded shared library C:\Program Files\Android\Android Studio\jbr\bin\verify.dll

Deoptimization events (20 events):
Event: 21.923 Thread 0x000001fba907a4a0 DEOPT PACKING pc=0x000001fb8cbafbdb sp=0x00000054558f2c40
Event: 21.923 Thread 0x000001fba907a4a0 DEOPT UNPACKING pc=0x000001fb9366ace3 sp=0x00000054558f2150 mode 0
Event: 21.968 Thread 0x000001fba907a4a0 DEOPT PACKING pc=0x000001fb8cbafbba sp=0x00000054558f3d60
Event: 21.968 Thread 0x000001fba907a4a0 DEOPT UNPACKING pc=0x000001fb9366ace3 sp=0x00000054558f3270 mode 0
Event: 22.066 Thread 0x000001fba907a4a0 Uncommon trap: trap_request=0xffffffde fr.pc=0x000001fb93fedfcc relative=0x000000000000056c
Event: 22.066 Thread 0x000001fba907a4a0 Uncommon trap: reason=class_check action=maybe_recompile pc=0x000001fb93fedfcc method=org.jetbrains.kotlin.protobuf.CodedInputStream.tryRefillBuffer(I)Z @ 177 c2
Event: 22.066 Thread 0x000001fba907a4a0 DEOPT PACKING pc=0x000001fb93fedfcc sp=0x00000054558f4270
Event: 22.066 Thread 0x000001fba907a4a0 DEOPT UNPACKING pc=0x000001fb9366a1a3 sp=0x00000054558f4158 mode 2
Event: 22.068 Thread 0x000001fba907a4a0 Uncommon trap: trap_request=0xffffffde fr.pc=0x000001fb93fedfcc relative=0x000000000000056c
Event: 22.068 Thread 0x000001fba907a4a0 Uncommon trap: reason=class_check action=maybe_recompile pc=0x000001fb93fedfcc method=org.jetbrains.kotlin.protobuf.CodedInputStream.tryRefillBuffer(I)Z @ 177 c2
Event: 22.068 Thread 0x000001fba907a4a0 DEOPT PACKING pc=0x000001fb93fedfcc sp=0x00000054558f4270
Event: 22.068 Thread 0x000001fba907a4a0 DEOPT UNPACKING pc=0x000001fb9366a1a3 sp=0x00000054558f4158 mode 2
Event: 22.072 Thread 0x000001fba907a4a0 Uncommon trap: trap_request=0xffffffde fr.pc=0x000001fb93fedfcc relative=0x000000000000056c
Event: 22.072 Thread 0x000001fba907a4a0 Uncommon trap: reason=class_check action=maybe_recompile pc=0x000001fb93fedfcc method=org.jetbrains.kotlin.protobuf.CodedInputStream.tryRefillBuffer(I)Z @ 177 c2
Event: 22.072 Thread 0x000001fba907a4a0 DEOPT PACKING pc=0x000001fb93fedfcc sp=0x00000054558f4270
Event: 22.072 Thread 0x000001fba907a4a0 DEOPT UNPACKING pc=0x000001fb9366a1a3 sp=0x00000054558f4158 mode 2
Event: 22.072 Thread 0x000001fba907a4a0 Uncommon trap: trap_request=0xffffffde fr.pc=0x000001fb93fedfcc relative=0x000000000000056c
Event: 22.072 Thread 0x000001fba907a4a0 Uncommon trap: reason=class_check action=maybe_recompile pc=0x000001fb93fedfcc method=org.jetbrains.kotlin.protobuf.CodedInputStream.tryRefillBuffer(I)Z @ 177 c2
Event: 22.072 Thread 0x000001fba907a4a0 DEOPT PACKING pc=0x000001fb93fedfcc sp=0x00000054558f4270
Event: 22.072 Thread 0x000001fba907a4a0 DEOPT UNPACKING pc=0x000001fb9366a1a3 sp=0x00000054558f4158 mode 2

Classes unloaded (0 events):
No events

Classes redefined (0 events):
No events

Internal exceptions (20 events):
Event: 13.884 Thread 0x000001fba2bd68a0 Implicit null exception at 0x000001fb93e8b9ff to 0x000001fb93e8bbc8
Event: 15.249 Thread 0x000001fba907a4a0 Exception <a 'java/lang/IncompatibleClassChangeError'{0x000000008943f728}: Found class java.lang.Object, but interface was expected> (0x000000008943f728) 
thrown [s\src\hotspot\share\interpreter\linkResolver.cpp, line 838]
Event: 15.290 Thread 0x000001fba907a4a0 Exception <a 'java/lang/NoSuchMethodError'{0x0000000089310fc8}: 'void java.lang.invoke.DirectMethodHandle$Holder.invokeVirtual(java.lang.Object, java.lang.Object)'> (0x0000000089310fc8) 
thrown [s\src\hotspot\share\interpreter\linkResolver.cpp, line 771]
Event: 15.356 Thread 0x000001fba907a4a0 Exception <a 'java/lang/NoSuchMethodError'{0x00000000892ebd68}: 'java.lang.Object java.lang.invoke.DirectMethodHandle$Holder.invokeStaticInit(java.lang.Object, int)'> (0x00000000892ebd68) 
thrown [s\src\hotspot\share\interpreter\linkResolver.cpp, line 771]
Event: 17.003 Thread 0x000001fba907a4a0 Exception <a 'sun/nio/fs/WindowsException'{0x000000008a21a098}> (0x000000008a21a098) 
thrown [s\src\hotspot\share\prims\jni.cpp, line 531]
Event: 17.003 Thread 0x000001fba907a4a0 Exception <a 'sun/nio/fs/WindowsException'{0x000000008a21be50}> (0x000000008a21be50) 
thrown [s\src\hotspot\share\prims\jni.cpp, line 531]
Event: 17.446 Thread 0x000001fba907a4a0 Exception <a 'java/lang/NoSuchMethodError'{0x00000000898d3978}: 'long java.lang.invoke.DirectMethodHandle$Holder.invokeStatic(java.lang.Object)'> (0x00000000898d3978) 
thrown [s\src\hotspot\share\interpreter\linkResolver.cpp, line 771]
Event: 17.446 Thread 0x000001fba907a4a0 Exception <a 'java/lang/NoSuchMethodError'{0x00000000898d87c0}: 'long java.lang.invoke.DirectMethodHandle$Holder.invokeStaticInit(java.lang.Object)'> (0x00000000898d87c0) 
thrown [s\src\hotspot\share\interpreter\linkResolver.cpp, line 771]
Event: 17.602 Thread 0x000001fba907a4a0 Exception <a 'java/lang/NoSuchMethodError'{0x000000008922ccb8}: 'long java.lang.invoke.Invokers$Holder.invoke_MT(java.lang.Object, java.lang.Object, java.lang.Object, java.lang.Object)'> (0x000000008922ccb8) 
thrown [s\src\hotspot\share\interpreter\linkResolver.cpp, line 771]
Event: 17.604 Thread 0x000001fba907a4a0 Exception <a 'java/lang/NoSuchMethodError'{0x0000000089236308}: 'int java.lang.invoke.Invokers$Holder.invoke_MT(java.lang.Object, java.lang.Object, java.lang.Object, java.lang.Object)'> (0x0000000089236308) 
thrown [s\src\hotspot\share\interpreter\linkResolver.cpp, line 771]
Event: 17.605 Thread 0x000001fba907a4a0 Exception <a 'java/lang/NoSuchMethodError'{0x0000000089246dd8}: 'void java.lang.invoke.DelegatingMethodHandle$Holder.reinvoke_L(java.lang.Object, java.lang.Object, java.lang.Object, long, java.lang.Object)'> (0x0000000089246dd8) 
thrown [s\src\hotspot\share\interpreter\linkResolver.cpp, line 771]
Event: 17.606 Thread 0x000001fba907a4a0 Exception <a 'java/lang/NoSuchMethodError'{0x000000008924fdc8}: 'java.lang.Object java.lang.invoke.DirectMethodHandle$Holder.invokeSpecial(java.lang.Object, java.lang.Object, java.lang.Object, java.lang.Object, long)'> (0x000000008924fdc8) 
thrown [s\src\hotspot\share\interpreter\linkResolver.cpp, line 771]
Event: 17.608 Thread 0x000001fba907a4a0 Exception <a 'java/lang/NoSuchMethodError'{0x0000000089260768}: 'int java.lang.invoke.DelegatingMethodHandle$Holder.reinvoke_L(java.lang.Object, java.lang.Object, java.lang.Object, long, java.lang.Object, java.lang.Object)'> (0x0000000089260768) 
thrown [s\src\hotspot\share\interpreter\linkResolver.cpp, line 771]
Event: 17.610 Thread 0x000001fba907a4a0 Exception <a 'java/lang/NoSuchMethodError'{0x0000000089270a50}: 'int java.lang.invoke.DelegatingMethodHandle$Holder.reinvoke_L(java.lang.Object, java.lang.Object, java.lang.Object, long, int, int)'> (0x0000000089270a50) 
thrown [s\src\hotspot\share\interpreter\linkResolver.cpp, line 771]
Event: 17.611 Thread 0x000001fba907a4a0 Exception <a 'java/lang/NoSuchMethodError'{0x00000000892810b0}: 'int java.lang.invoke.DelegatingMethodHandle$Holder.reinvoke_L(java.lang.Object, java.lang.Object, java.lang.Object, long, long, long)'> (0x00000000892810b0) 
thrown [s\src\hotspot\share\interpreter\linkResolver.cpp, line 771]
Event: 17.612 Thread 0x000001fba907a4a0 Exception <a 'java/lang/NoSuchMethodError'{0x0000000089290e20}: 'int java.lang.invoke.DelegatingMethodHandle$Holder.reinvoke_L(java.lang.Object, java.lang.Object, java.lang.Object, long, int)'> (0x0000000089290e20) 
thrown [s\src\hotspot\share\interpreter\linkResolver.cpp, line 771]
Event: 19.576 Thread 0x000001fba907a4a0 Exception <a 'java/lang/NoSuchMethodError'{0x000000008b35fbe0}: 'java.lang.Object java.lang.invoke.Invokers$Holder.invokeExact_MT(java.lang.Object, java.lang.Object, long, java.lang.Object)'> (0x000000008b35fbe0) 
thrown [s\src\hotspot\share\interpreter\linkResolver.cpp, line 771]
Event: 19.688 Thread 0x000001fba907a4a0 Exception <a 'java/lang/NoSuchMethodError'{0x000000008b1e1610}: 'java.lang.Object java.lang.invoke.Invokers$Holder.invoke_MT(java.lang.Object, java.lang.Object, java.lang.Object)'> (0x000000008b1e1610) 
thrown [s\src\hotspot\share\interpreter\linkResolver.cpp, line 771]
Event: 20.203 Thread 0x000001fba907a4a0 Implicit null exception at 0x000001fb93f9c77a to 0x000001fb93f9e66c
Event: 20.203 Thread 0x000001fba907a4a0 Implicit null exception at 0x000001fb93fa44d6 to 0x000001fb93fa6368

VM Operations (20 events):
Event: 17.464 Executing VM operation: HandshakeAllThreads done
Event: 18.471 Executing VM operation: Cleanup
Event: 18.471 Executing VM operation: Cleanup done
Event: 18.704 Executing VM operation: G1CollectForAllocation
Event: 18.708 Executing VM operation: G1CollectForAllocation done
Event: 19.310 Executing VM operation: HandshakeAllThreads
Event: 19.310 Executing VM operation: HandshakeAllThreads done
Event: 19.397 Executing VM operation: HandshakeAllThreads
Event: 19.397 Executing VM operation: HandshakeAllThreads done
Event: 20.405 Executing VM operation: Cleanup
Event: 20.405 Executing VM operation: Cleanup done
Event: 20.559 Executing VM operation: G1CollectForAllocation
Event: 20.575 Executing VM operation: G1CollectForAllocation done
Event: 21.580 Executing VM operation: G1CollectForAllocation
Event: 21.596 Executing VM operation: G1CollectForAllocation done
Event: 22.328 Executing VM operation: G1CollectForAllocation
Event: 22.338 Executing VM operation: G1CollectForAllocation done
Event: 22.960 Executing VM operation: G1CollectForAllocation
Event: 22.966 Executing VM operation: G1CollectForAllocation done
Event: 23.060 Executing VM operation: G1PauseRemark

Events (20 events):
Event: 19.686 loading class java/nio/channels/FileChannel$MapMode
Event: 19.686 loading class java/nio/channels/FileChannel$MapMode done
Event: 19.686 loading class jdk/internal/misc/ExtendedMapMode
Event: 19.687 loading class jdk/internal/misc/ExtendedMapMode done
Event: 19.689 loading class sun/nio/ch/FileChannelImpl$DefaultUnmapper
Event: 19.690 loading class sun/nio/ch/FileChannelImpl$Unmapper
Event: 19.690 loading class jdk/internal/access/foreign/UnmapperProxy
Event: 19.690 loading class jdk/internal/access/foreign/UnmapperProxy done
Event: 19.690 loading class sun/nio/ch/FileChannelImpl$Unmapper done
Event: 19.690 loading class sun/nio/ch/FileChannelImpl$DefaultUnmapper done
Event: 19.690 loading class sun/nio/ch/Util$4
Event: 19.691 loading class sun/nio/ch/Util$4 done
Event: 19.691 loading class jdk/internal/access/foreign/MemorySegmentProxy
Event: 19.691 loading class jdk/internal/access/foreign/MemorySegmentProxy done
Event: 19.693 loading class java/io/UTFDataFormatException
Event: 19.693 loading class java/io/UTFDataFormatException done
Event: 20.020 Thread 0x000001fba94dc040 Thread added: 0x000001fba94dc040
Event: 21.119 Thread 0x000001fba94dc040 Thread exited: 0x000001fba94dc040
Event: 21.313 loading class java/nio/channels/NonWritableChannelException
Event: 21.313 loading class java/nio/channels/NonWritableChannelException done


Dynamic libraries:
0x00007ff6a4280000 - 0x00007ff6a428a000 	C:\Program Files\Android\Android Studio\jbr\bin\java.exe
0x00007ff888970000 - 0x00007ff888b68000 	C:\WINDOWS\SYSTEM32\ntdll.dll
0x00007ff886ca0000 - 0x00007ff886d62000 	C:\WINDOWS\System32\KERNEL32.DLL
0x00007ff886320000 - 0x00007ff88661e000 	C:\WINDOWS\System32\KERNELBASE.dll
0x00007ff886650000 - 0x00007ff886750000 	C:\WINDOWS\System32\ucrtbase.dll
0x00007ff85be60000 - 0x00007ff85be77000 	C:\Program Files\Android\Android Studio\jbr\bin\jli.dll
0x00007ff880440000 - 0x00007ff88045b000 	C:\Program Files\Android\Android Studio\jbr\bin\VCRUNTIME140.dll
0x00007ff886ec0000 - 0x00007ff88705d000 	C:\WINDOWS\System32\USER32.dll
0x00007ff886620000 - 0x00007ff886642000 	C:\WINDOWS\System32\win32u.dll
0x00007ff8888a0000 - 0x00007ff8888cb000 	C:\WINDOWS\System32\GDI32.dll
0x00007ff886100000 - 0x00007ff886217000 	C:\WINDOWS\System32\gdi32full.dll
0x00007ff871780000 - 0x00007ff871a1a000 	C:\WINDOWS\WinSxS\amd64_microsoft.windows.common-controls_6595b64144ccf1df_6.0.19041.4355_none_60b8b9eb71f62e16\COMCTL32.dll
0x00007ff886010000 - 0x00007ff8860ad000 	C:\WINDOWS\System32\msvcp_win.dll
0x00007ff886b40000 - 0x00007ff886bde000 	C:\WINDOWS\System32\msvcrt.dll
0x00007ff888610000 - 0x00007ff88863f000 	C:\WINDOWS\System32\IMM32.DLL
0x00007ff8803a0000 - 0x00007ff8803ac000 	C:\Program Files\Android\Android Studio\jbr\bin\vcruntime140_1.dll
0x00007ff844b20000 - 0x00007ff844bad000 	C:\Program Files\Android\Android Studio\jbr\bin\msvcp140.dll
0x00007ff802a50000 - 0x00007ff8036d3000 	C:\Program Files\Android\Android Studio\jbr\bin\server\jvm.dll
0x00007ff886be0000 - 0x00007ff886c91000 	C:\WINDOWS\System32\ADVAPI32.dll
0x00007ff886e00000 - 0x00007ff886e9f000 	C:\WINDOWS\System32\sechost.dll
0x00007ff888430000 - 0x00007ff888553000 	C:\WINDOWS\System32\RPCRT4.dll
0x00007ff886750000 - 0x00007ff886777000 	C:\WINDOWS\System32\bcrypt.dll
0x00007ff885570000 - 0x00007ff8855bb000 	C:\WINDOWS\SYSTEM32\POWRPROF.dll
0x00007ff873150000 - 0x00007ff873177000 	C:\WINDOWS\SYSTEM32\WINMM.dll
0x00007ff87d5e0000 - 0x00007ff87d5ea000 	C:\WINDOWS\SYSTEM32\VERSION.dll
0x00007ff867d60000 - 0x00007ff867d69000 	C:\WINDOWS\SYSTEM32\WSOCK32.dll
0x00007ff8871f0000 - 0x00007ff88725b000 	C:\WINDOWS\System32\ws2_32.DLL
0x00007ff8853e0000 - 0x00007ff8853f2000 	C:\WINDOWS\SYSTEM32\UMPDC.dll
0x00007ff8847f0000 - 0x00007ff884802000 	C:\WINDOWS\SYSTEM32\kernel.appcore.dll
0x00007ff880520000 - 0x00007ff88052a000 	C:\Program Files\Android\Android Studio\jbr\bin\jimage.dll
0x00007ff883c20000 - 0x00007ff883e04000 	C:\WINDOWS\SYSTEM32\DBGHELP.DLL
0x00007ff86bd60000 - 0x00007ff86bd94000 	C:\WINDOWS\SYSTEM32\dbgcore.DLL
0x00007ff886290000 - 0x00007ff886312000 	C:\WINDOWS\System32\bcryptPrimitives.dll
0x00007ff878bc0000 - 0x00007ff878bce000 	C:\Program Files\Android\Android Studio\jbr\bin\instrument.dll
0x00007ff85e2e0000 - 0x00007ff85e305000 	C:\Program Files\Android\Android Studio\jbr\bin\java.dll
0x00007ff86a9c0000 - 0x00007ff86a9d8000 	C:\Program Files\Android\Android Studio\jbr\bin\zip.dll
0x00007ff887380000 - 0x00007ff887aed000 	C:\WINDOWS\System32\SHELL32.dll
0x00007ff884030000 - 0x00007ff8847d4000 	C:\WINDOWS\SYSTEM32\windows.storage.dll
0x00007ff8880d0000 - 0x00007ff888423000 	C:\WINDOWS\System32\combase.dll
0x00007ff885a40000 - 0x00007ff885a6e000 	C:\WINDOWS\SYSTEM32\Wldp.dll
0x00007ff886a50000 - 0x00007ff886b1d000 	C:\WINDOWS\System32\OLEAUT32.dll
0x00007ff888560000 - 0x00007ff88860d000 	C:\WINDOWS\System32\SHCORE.dll
0x00007ff886990000 - 0x00007ff8869e5000 	C:\WINDOWS\System32\shlwapi.dll
0x00007ff885f40000 - 0x00007ff885f64000 	C:\WINDOWS\SYSTEM32\profapi.dll
0x00007ff867d70000 - 0x00007ff867d89000 	C:\Program Files\Android\Android Studio\jbr\bin\net.dll
0x00007ff87ca00000 - 0x00007ff87cb0d000 	C:\WINDOWS\SYSTEM32\WINHTTP.dll
0x00007ff885750000 - 0x00007ff8857ba000 	C:\WINDOWS\system32\mswsock.dll
0x00007ff865670000 - 0x00007ff865686000 	C:\Program Files\Android\Android Studio\jbr\bin\nio.dll
0x00007ff87a350000 - 0x00007ff87a360000 	C:\Program Files\Android\Android Studio\jbr\bin\verify.dll
0x00007ff87e5e0000 - 0x00007ff87e607000 	C:\Users\anism\.gradle\native\c067742578af261105cb4f569cf0c3c89f3d7b1fecec35dd04571415982c5e48\windows-amd64\native-platform.dll
0x00007ff829f50000 - 0x00007ff82a094000 	C:\Users\anism\.gradle\native\38dada09dfb8b06ba9b0570ebf7e218e3eb74d4ef43ca46872605cf95ebc2f47\windows-amd64\native-platform-file-events.dll
0x00007ff87e680000 - 0x00007ff87e689000 	C:\Program Files\Android\Android Studio\jbr\bin\management.dll
0x00007ff87e4a0000 - 0x00007ff87e4ab000 	C:\Program Files\Android\Android Studio\jbr\bin\management_ext.dll
0x00007ff886eb0000 - 0x00007ff886eb8000 	C:\WINDOWS\System32\PSAPI.DLL
0x00007ff885970000 - 0x00007ff885988000 	C:\WINDOWS\SYSTEM32\CRYPTSP.dll
0x00007ff885010000 - 0x00007ff885044000 	C:\WINDOWS\system32\rsaenh.dll
0x00007ff885ec0000 - 0x00007ff885eee000 	C:\WINDOWS\SYSTEM32\USERENV.dll
0x00007ff885990000 - 0x00007ff88599c000 	C:\WINDOWS\SYSTEM32\CRYPTBASE.dll
0x00007ff885400000 - 0x00007ff88543b000 	C:\WINDOWS\SYSTEM32\IPHLPAPI.DLL
0x00007ff887c50000 - 0x00007ff887c58000 	C:\WINDOWS\System32\NSI.dll
0x00007ff87e870000 - 0x00007ff87e887000 	C:\WINDOWS\SYSTEM32\dhcpcsvc6.DLL
0x00007ff87e690000 - 0x00007ff87e6ad000 	C:\WINDOWS\SYSTEM32\dhcpcsvc.DLL
0x00007ff885440000 - 0x00007ff88550a000 	C:\WINDOWS\SYSTEM32\DNSAPI.dll
0x00007ff87f8f0000 - 0x00007ff87f8f9000 	C:\Program Files\Android\Android Studio\jbr\bin\extnet.dll
0x00007ff880340000 - 0x00007ff880347000 	C:\WINDOWS\system32\wshunix.dll
0x00007ff87edd0000 - 0x00007ff87edda000 	C:\Windows\System32\rasadhlp.dll
0x00007ff8780e0000 - 0x00007ff878160000 	C:\WINDOWS\System32\fwpuclnt.dll

dbghelp: loaded successfully - version: 4.0.5 - missing functions: none
symbol engine: initialized successfully - sym options: 0x614 - pdb path: .;C:\Program Files\Android\Android Studio\jbr\bin;C:\WINDOWS\SYSTEM32;C:\WINDOWS\WinSxS\amd64_microsoft.windows.common-controls_6595b64144ccf1df_6.0.19041.4355_none_60b8b9eb71f62e16;C:\Program Files\Android\Android Studio\jbr\bin\server;C:\Users\anism\.gradle\native\c067742578af261105cb4f569cf0c3c89f3d7b1fecec35dd04571415982c5e48\windows-amd64;C:\Users\anism\.gradle\native\38dada09dfb8b06ba9b0570ebf7e218e3eb74d4ef43ca46872605cf95ebc2f47\windows-amd64

VM Arguments:
jvm_args: --add-opens=java.base/java.util=ALL-UNNAMED --add-opens=java.base/java.lang=ALL-UNNAMED --add-opens=java.base/java.lang.invoke=ALL-UNNAMED --add-opens=java.prefs/java.util.prefs=ALL-UNNAMED --add-opens=java.base/java.nio.charset=ALL-UNNAMED --add-opens=java.base/java.net=ALL-UNNAMED --add-opens=java.base/java.util.concurrent.atomic=ALL-UNNAMED -Xmx2048m -Dfile.encoding=UTF-8 -Duser.country=FR -Duser.language=fr -Duser.variant -javaagent:C:\Users\anism\.gradle\wrapper\dists\gradle-8.7-bin\bhs2wmbdwecv87pi65oeuq5iu\gradle-8.7\lib\agents\gradle-instrumentation-agent-8.7.jar 
java_command: org.gradle.launcher.daemon.bootstrap.GradleDaemon 8.7
java_class_path (initial): C:\Users\anism\.gradle\wrapper\dists\gradle-8.7-bin\bhs2wmbdwecv87pi65oeuq5iu\gradle-8.7\lib\gradle-launcher-8.7.jar
Launcher Type: SUN_STANDARD

[Global flags]
     intx CICompilerCount                          = 4                                         {product} {ergonomic}
     uint ConcGCThreads                            = 2                                         {product} {ergonomic}
     uint G1ConcRefinementThreads                  = 8                                         {product} {ergonomic}
   size_t G1HeapRegionSize                         = 1048576                                   {product} {ergonomic}
    uintx GCDrainStackTargetSize                   = 64                                        {product} {ergonomic}
   size_t InitialHeapSize                          = 132120576                                 {product} {ergonomic}
   size_t MarkStackSize                            = 4194304                                   {product} {ergonomic}
   size_t MaxHeapSize                              = 2147483648                                {product} {command line}
   size_t MaxNewSize                               = 1287651328                                {product} {ergonomic}
   size_t MinHeapDeltaBytes                        = 1048576                                   {product} {ergonomic}
   size_t MinHeapSize                              = 8388608                                   {product} {ergonomic}
    uintx NonNMethodCodeHeapSize                   = 5839372                                {pd product} {ergonomic}
    uintx NonProfiledCodeHeapSize                  = 122909434                              {pd product} {ergonomic}
    uintx ProfiledCodeHeapSize                     = 122909434                              {pd product} {ergonomic}
    uintx ReservedCodeCacheSize                    = 251658240                              {pd product} {ergonomic}
     bool SegmentedCodeCache                       = true                                      {product} {ergonomic}
   size_t SoftMaxHeapSize                          = 2147483648                             {manageable} {ergonomic}
     bool UseCompressedClassPointers               = true                           {product lp64_product} {ergonomic}
     bool UseCompressedOops                        = true                           {product lp64_product} {ergonomic}
     bool UseG1GC                                  = true                                      {product} {ergonomic}
     bool UseLargePagesIndividualAllocation        = false                                  {pd product} {ergonomic}

Logging:
Log output configuration:
 #0: stdout all=warning uptime,level,tags
 #1: stderr all=off uptime,level,tags

Environment Variables:
PATH=C:\Program Files\Eclipse Foundation\jdk-8.0.302.8-hotspot\bin;C:\Program Files\Common Files\Oracle\Java\javapath;C:\Program Files (x86)\Common Files\Oracle\Java\javapath;C:\Apps\WINDOWS.X64_213000_db_home\bin;C:\Users\anism\Desktop\sqlplus\0_db_home\bin;C:\Windows\system32;C:\Windows;C:\Windows\System32\Wbem;C:\Windows\System32\WindowsPowerShell\v1.0\;C:\Windows\System32\OpenSSH\;C:\Program Files (x86)\NVIDIA Corporation\PhysX\Common;C:\WINDOWS\system32;C:\WINDOWS;C:\WINDOWS\System32\Wbem;C:\WINDOWS\System32\WindowsPowerShell\v1.0\;C:\WINDOWS\System32\OpenSSH\;C:\MinGW\bin;C:\win_flex_bison3-latest;C:\MinGW\bin;C:\Program Files\nodejs\;C:\Program Files\Java\jdk-1.8\bin;C:\Program Files\Go\bin;C:\Program Files\Docker\Docker\resources\bin;C:\Program Files\Git\cmd;C:\Users\anism\AppData\Local\Pub\Cache\bin;C:\Program Files\MySQL\MySQL Shell 8.0\bin\;C:\Python\Python39\Scripts\;C:\Python\Python39\;C:\Users\anism\AppData\Local\Microsoft\WindowsApps;C:\Users\anism\AppData\Local\Programs\Microsoft VS Code\bin;C:\Users\anism\AppData\Roaming\npm;C:\Users\anism\go\bin;C:\Users\anism\AppData\Local\GitHubDesktop\bin;C:\Program Files\JetBrains\IntelliJ IDEA Community Edition 2024.1.4\bin;;C:\Users\anism\flutter\bin;C:\Users\anism\AppData\Local\Pub\Cache\bin;
USERNAME=anism
OS=Windows_NT
PROCESSOR_IDENTIFIER=Intel64 Family 6 Model 126 Stepping 5, GenuineIntel
TMP=C:\Users\anism\AppData\Local\Temp
TEMP=C:\Users\anism\AppData\Local\Temp



Periodic native trim disabled

JNI global refs:
JNI global refs: 27, weak refs: 0

JNI global refs memory usage: 843, weak refs: 841

Process memory usage:
Resident Set Size: 347972K (4% of 8189436K total physical memory with 318060K free physical memory)

OOME stack traces (most recent first):
Classloader memory used:
Loader org.gradle.internal.classloader.VisitableURLClassLoader                         : 7047K
Loader bootstrap                                                                       : 3158K
Loader org.gradle.initialization.MixInLegacyTypesClassLoader                           : 1302K
Loader org.gradle.internal.classloader.VisitableURLClassLoader                         : 117K
Loader jdk.internal.loader.ClassLoaders$PlatformClassLoader                            : 100K
Loader org.gradle.internal.classloader.VisitableURLClassLoader$InstrumentingVisitableURLClassLoader: 90666B
Loader jdk.internal.reflect.DelegatingClassLoader                                      : 39112B
Loader jdk.internal.jrtfs.JrtFileSystemProvider$JrtFsLoader                            : 38135B
Loader jdk.internal.loader.ClassLoaders$AppClassLoader                                 : 28754B
Loader org.gradle.groovy.scripts.internal.DefaultScriptCompilationHandler$ScriptClassLoader: 10897B
Loader org.codehaus.groovy.runtime.callsite.CallSiteClassLoader                        : 6077B

Classes loaded by more than one classloader:
Class org.gradle.internal.Cast                                                        : loaded 3 times (x 69B)
Class Program                                                                         : loaded 3 times (x 70B)
Class org.gradle.api.GradleException                                                  : loaded 3 times (x 80B)
Class org.gradle.internal.classpath.ClassPath                                         : loaded 2 times (x 68B)
Class org.gradle.api.internal.classpath.DefaultModuleRegistry                         : loaded 2 times (x 84B)
Class org.gradle.internal.exceptions.NonGradleCauseExceptionsHolder                   : loaded 2 times (x 68B)
Class Settings_gradle$1$1                                                             : loaded 2 times (x 72B)
Class jdk.internal.jimage.BasicImageReader$1                                          : loaded 2 times (x 75B)
Class org.gradle.api.Action                                                           : loaded 2 times (x 68B)
Class org.jetbrains.kotlin.idea.gradleTooling.model.samWithReceiver.SamWithReceiverModel: loaded 2 times (x 68B)
Class org.jetbrains.plugins.gradle.model.ExternalProject                              : loaded 2 times (x 68B)
Class org.jetbrains.plugins.gradle.model.IntelliJSettings                             : loaded 2 times (x 68B)
Class jdk.internal.jimage.ImageBufferCache$1                                          : loaded 2 times (x 78B)
Class jdk.internal.jimage.ImageBufferCache$2                                          : loaded 2 times (x 89B)
Class org.jetbrains.kotlin.idea.gradleTooling.KotlinMPPGradleModel                    : loaded 2 times (x 68B)
Class org.gradle.api.internal.DefaultClassPathProvider                                : loaded 2 times (x 74B)
Class org.gradle.internal.installation.GradleInstallation$1                           : loaded 2 times (x 73B)
Class jdk.internal.jrtfs.SystemImage$1                                                : loaded 2 times (x 76B)
Class jdk.internal.jrtfs.SystemImage$2                                                : loaded 2 times (x 74B)
Class org.gradle.internal.exceptions.DefaultMultiCauseException                       : loaded 2 times (x 93B)
Class org.gradle.tooling.model.UnsupportedMethodException                             : loaded 2 times (x 80B)
Class org.gradle.internal.time.MonotonicClock                                         : loaded 2 times (x 75B)
Class org.gradle.internal.classloader.FilteringClassLoader                            : loaded 2 times (x 103B)
Class jdk.internal.jimage.ImageReader$Resource                                        : loaded 2 times (x 82B)
Class jdk.internal.jrtfs.SystemImage                                                  : loaded 2 times (x 72B)
Class org.gradle.tooling.model.Model                                                  : loaded 2 times (x 68B)
Class org.gradle.internal.classpath.DefaultClassPath$ImmutableUniqueList$Builder      : loaded 2 times (x 73B)
Class org.jetbrains.kotlin.idea.gradleTooling.KotlinSourceSetContainer                : loaded 2 times (x 68B)
Class jdk.internal.jrtfs.JrtDirectoryStream$1                                         : loaded 2 times (x 81B)
Class org.gradle.internal.classloader.ClassLoaderVisitor                              : loaded 2 times (x 74B)
Class org.gradle.internal.time.DefaultCountdownTimer                                  : loaded 2 times (x 86B)
Class org.gradle.internal.service.DefaultServiceLocator                               : loaded 2 times (x 81B)
Class org.jetbrains.plugins.gradle.model.jar.JarTaskManifestConfiguration             : loaded 2 times (x 68B)
Class org.gradle.internal.service.UnknownServiceException                             : loaded 2 times (x 81B)
Class org.jetbrains.plugins.gradle.model.DependencyAccessorsModel                     : loaded 2 times (x 68B)
Class org.gradle.internal.classloader.DefaultClassLoaderFactory                       : loaded 2 times (x 80B)
Class jdk.internal.jimage.ImageReader$SharedImageReader                               : loaded 2 times (x 93B)
Class org.jetbrains.plugins.gradle.model.GradleExtensions                             : loaded 2 times (x 68B)
Class jdk.internal.jimage.decompressor.ZipDecompressorFactory                         : loaded 2 times (x 72B)
Class org.jetbrains.plugins.gradle.model.VersionCatalogsModel                         : loaded 2 times (x 68B)
Class org.gradle.internal.classloader.VisitableURLClassLoader$Spec                    : loaded 2 times (x 72B)
Class org.gradle.tooling.model.ProjectModel                                           : loaded 2 times (x 68B)
Class org.jetbrains.plugins.gradle.model.MavenRepositoryModel                         : loaded 2 times (x 68B)
Class org.gradle.tooling.internal.gradle.DefaultProjectIdentifier                     : loaded 2 times (x 84B)
Class org.gradle.api.internal.classpath.ModuleRegistry                                : loaded 2 times (x 68B)
Class org.gradle.util.GradleVersion                                                   : loaded 2 times (x 81B)
Class kotlin.jvm.internal.markers.KMappedMarker                                       : loaded 2 times (x 68B)
Class org.gradle.api.internal.ClassPathProvider                                       : loaded 2 times (x 68B)
Class org.gradle.internal.classloader.ClasspathUtil$1                                 : loaded 2 times (x 74B)
Class sync_studio_tooling_ebv1urd6a8vizglo5b69xftkh$_run_closure1                     : loaded 2 times (x 137B)
Class org.gradle.internal.classloader.ClassLoaderFactory                              : loaded 2 times (x 68B)
Class jdk.internal.jimage.ImageHeader                                                 : loaded 2 times (x 69B)
Class org.gradle.api.internal.classpath.ManifestUtil                                  : loaded 2 times (x 69B)
Class org.gradle.api.specs.Spec                                                       : loaded 2 times (x 68B)
Class org.gradle.tooling.internal.gradle.GradleBuildIdentity                          : loaded 2 times (x 68B)
Class org.gradle.internal.IoActions                                                   : loaded 2 times (x 69B)
Class jdk.internal.jimage.decompressor.StringSharingDecompressorFactory               : loaded 2 times (x 72B)
Class org.gradle.api.internal.classpath.EffectiveClassPath                            : loaded 2 times (x 88B)
Class kotlin.jvm.internal.DefaultConstructorMarker                                    : loaded 2 times (x 69B)
Class org.gradle.internal.exceptions.ResolutionProvider                               : loaded 2 times (x 68B)
Class org.jetbrains.kotlin.idea.gradleTooling.model.annotation.AnnotationBasedPluginModel: loaded 2 times (x 68B)
Class org.jetbrains.kotlin.idea.gradleTooling.model.assignment.AssignmentModel        : loaded 2 times (x 68B)
Class org.gradle.internal.installation.CurrentGradleInstallation                      : loaded 2 times (x 71B)
Class org.gradle.internal.agents.InstrumentingClassLoader                             : loaded 2 times (x 68B)
Class org.gradle.internal.installation.CurrentGradleInstallationLocator               : loaded 2 times (x 69B)
Class org.gradle.api.internal.classpath.Module                                        : loaded 2 times (x 68B)
Class org.gradle.internal.service.CachingServiceLocator                               : loaded 2 times (x 80B)
Class org.gradle.internal.time.Timer                                                  : loaded 2 times (x 68B)
Class org.jetbrains.plugins.gradle.model.tests.ExternalTestsModel                     : loaded 2 times (x 68B)
Class org.jetbrains.kotlin.idea.gradleTooling.KotlinDslScriptAdditionalTask           : loaded 2 times (x 68B)
Class org.gradle.internal.classpath.DefaultClassPath                                  : loaded 2 times (x 88B)
Class jdk.internal.jimage.BasicImageReader                                            : loaded 2 times (x 93B)
Class com.intellij.openapi.externalSystem.model.project.dependencies.ProjectDependencies: loaded 2 times (x 68B)
Class org.jetbrains.kotlin.idea.gradleTooling.PrepareKotlinIdeImportTaskModel         : loaded 2 times (x 68B)
Class jdk.internal.jimage.ImageLocation                                               : loaded 2 times (x 88B)
Class org.gradle.internal.impldep.com.google.common.base.Preconditions                : loaded 2 times (x 69B)
Class kotlin.jvm.functions.Function1                                                  : loaded 2 times (x 68B)
Class jdk.internal.jimage.ImageReader$Node                                            : loaded 2 times (x 82B)
Class org.gradle.internal.time.Time                                                   : loaded 2 times (x 69B)
Class jdk.internal.jimage.decompressor.CompressedResourceHeader                       : loaded 2 times (x 69B)
Class org.gradle.internal.time.TimeSource$1                                           : loaded 2 times (x 75B)
Class jdk.internal.jrtfs.JrtPath                                                      : loaded 2 times (x 116B)
Class jdk.internal.jimage.ImageStrings                                                : loaded 2 times (x 68B)
Class jdk.internal.jrtfs.JrtFileAttributes                                            : loaded 2 times (x 81B)
Class org.gradle.internal.classloader.SystemClassLoaderSpec                           : loaded 2 times (x 69B)
Class jdk.internal.jimage.decompressor.ResourceDecompressorRepository                 : loaded 2 times (x 69B)
Class kotlin.Function                                                                 : loaded 2 times (x 68B)
Class org.gradle.api.UncheckedIOException                                             : loaded 2 times (x 80B)
Class sync_studio_tooling_ebv1urd6a8vizglo5b69xftkh                                   : loaded 2 times (x 177B)
Class jdk.internal.jimage.decompressor.ResourceDecompressor$StringsProvider           : loaded 2 times (x 68B)
Class org.jetbrains.plugins.gradle.model.RepositoriesModel                            : loaded 2 times (x 68B)
Class jdk.internal.jimage.decompressor.Decompressor                                   : loaded 2 times (x 70B)
Class jdk.internal.jrtfs.JrtFileSystem                                                : loaded 2 times (x 100B)
Class org.gradle.tooling.internal.gradle.GradleProjectIdentity                        : loaded 2 times (x 68B)
Class jdk.internal.jrtfs.JrtFileSystemProvider                                        : loaded 2 times (x 97B)
Class org.gradle.internal.time.CountdownTimer                                         : loaded 2 times (x 68B)
Class org.gradle.internal.time.Clock                                                  : loaded 2 times (x 68B)
Class org.gradle.internal.classloader.ClasspathUtil                                   : loaded 2 times (x 69B)
Class jdk.internal.jrtfs.JrtDirectoryStream                                           : loaded 2 times (x 87B)
Class org.gradle.tooling.model.BuildIdentifier                                        : loaded 2 times (x 68B)
Class jdk.internal.jimage.decompressor.ResourceDecompressor                           : loaded 2 times (x 68B)
Class org.gradle.api.internal.DefaultClassPathRegistry                                : loaded 2 times (x 74B)
Class org.gradle.api.internal.classpath.DefaultModuleRegistry$DefaultModule           : loaded 2 times (x 84B)
Class org.gradle.internal.time.TimeSource                                             : loaded 2 times (x 68B)
Class ijInit1_2c5srwl1xq1qptn4ene8syzp3                                               : loaded 2 times (x 177B)
Class org.jetbrains.kotlin.android.synthetic.idea.AndroidExtensionsGradleModel        : loaded 2 times (x 68B)
Class org.gradle.api.internal.classpath.UnknownModuleException                        : loaded 2 times (x 80B)
Class org.jetbrains.plugins.gradle.model.IntelliJProjectSettings                      : loaded 2 times (x 68B)
Class org.gradle.internal.service.ServiceLookupException                              : loaded 2 times (x 80B)
Class jdk.internal.jimage.ImageStringsReader                                          : loaded 2 times (x 78B)
Class org.gradle.cache.GlobalCache                                                    : loaded 2 times (x 68B)
Class jdk.internal.jimage.decompressor.ResourceDecompressorFactory                    : loaded 2 times (x 72B)
Class org.jetbrains.kotlin.idea.gradleTooling.model.lombok.LombokModel                : loaded 2 times (x 68B)
Class org.gradle.tooling.model.ProjectIdentifier                                      : loaded 2 times (x 68B)
Class [Lorg.gradle.api.internal.ClassPathProvider;                                    : loaded 2 times (x 67B)
Class jdk.internal.jimage.ImageReader$SharedImageReader$LocationVisitor               : loaded 2 times (x 68B)
Class org.gradle.internal.operations.MultipleBuildOperationFailures                   : loaded 2 times (x 93B)
Class org.gradle.util.internal.GUtil                                                  : loaded 2 times (x 69B)
Class jdk.internal.jimage.decompressor.ZipDecompressor                                : loaded 2 times (x 73B)
Class org.jetbrains.plugins.gradle.model.AnnotationProcessingModel                    : loaded 2 times (x 68B)
Class org.gradle.internal.classloader.ClassLoaderSpec                                 : loaded 2 times (x 69B)
Class org.gradle.internal.classloader.VisitableURLClassLoader                         : loaded 2 times (x 115B)
Class org.gradle.internal.installation.GradleInstallation                             : loaded 2 times (x 73B)
Class org.gradle.api.internal.ClassPathRegistry                                       : loaded 2 times (x 68B)
Class org.gradle.internal.classloader.VisitableURLClassLoader$InstrumentingVisitableURLClassLoader: loaded 2 times (x 121B)
Class org.gradle.internal.classloader.ClassLoaderHierarchy                            : loaded 2 times (x 68B)
Class org.gradle.internal.exceptions.MultiCauseException                              : loaded 2 times (x 68B)
Class jdk.internal.jimage.ImageReader                                                 : loaded 2 times (x 73B)
Class org.jetbrains.kotlin.idea.gradleTooling.model.parcelize.ParcelizeGradleModel    : loaded 2 times (x 68B)
Class org.gradle.internal.InternalTransformer                                         : loaded 2 times (x 68B)
Class org.jetbrains.kotlin.idea.gradleTooling.model.noarg.NoArgModel                  : loaded 2 times (x 68B)
Class org.jetbrains.kotlin.idea.gradleTooling.KotlinGradleModel                       : loaded 2 times (x 68B)
Class org.gradle.tooling.internal.gradle.DefaultBuildIdentifier                       : loaded 2 times (x 77B)
Class org.gradle.internal.service.ServiceLocator                                      : loaded 2 times (x 68B)
Class Settings_gradle$1                                                               : loaded 2 times (x 72B)
Class org.jetbrains.kotlin.idea.gradleTooling.model.allopen.AllOpenModel              : loaded 2 times (x 68B)
Class org.gradle.internal.classpath.DefaultClassPath$ImmutableUniqueList              : loaded 2 times (x 159B)
Class jdk.internal.jimage.ImageBufferCache                                            : loaded 2 times (x 69B)
Class org.gradle.internal.time.DefaultTimer                                           : loaded 2 times (x 78B)
Class org.gradle.internal.classpath.TransformedClassPath                              : loaded 2 times (x 94B)
Class Settings_gradle                                                                 : loaded 2 times (x 126B)
Class jdk.internal.jimage.ImageReader$Directory                                       : loaded 2 times (x 82B)


---------------  S Y S T E M  ---------------

OS:
 Windows 10 , 64 bit Build 19041 (10.0.19041.5198)
OS uptime: 12 days 3:19 hours
Hyper-V role detected

CPU: total 8 (initial active 8) (4 cores per cpu, 2 threads per core) family 6 model 126 stepping 5 microcode 0xa6, cx8, cmov, fxsr, ht, mmx, 3dnowpref, sse, sse2, sse3, ssse3, sse4.1, sse4.2, popcnt, lzcnt, tsc, tscinvbit, avx, avx2, aes, erms, clmul, bmi1, bmi2, adx, avx512f, avx512dq, avx512cd, avx512bw, avx512vl, sha, fma, vzeroupper, avx512_vpopcntdq, avx512_vpclmulqdq, avx512_vaes, avx512_vnni, clflush, clflushopt, avx512_vbmi2, avx512_vbmi, hv
Processor Information for all 8 processors :
  Max Mhz: 1190, Current Mhz: 991, Mhz Limit: 987

Memory: 4k page, system-wide physical 7997M (309M free)
TotalPageFile size 32573M (AvailPageFile size 27M)
current process WorkingSet (physical memory assigned to process): 340M, peak: 394M
current process commit charge ("private bytes"): 462M, peak: 495M

vm_info: OpenJDK 64-Bit Server VM (17.0.11+0--11852314) for windows-amd64 JRE (17.0.11+0--11852314), built on May 16 2024 21:29:20 by "androidbuild" with MS VC++ 16.10 / 16.11 (VS2019)

END.
